#
# A fatal error has been detected by the Java Runtime Environment:
#
#  EXCEPTION_ACCESS_VIOLATION (0xc0000005) at pc=0x000000007110b5db, pid=30340, tid=47788
#
# JRE version: OpenJDK Runtime Environment (11.0.6+10) (build 11.0.6+10)
# Java VM: OpenJDK 64-Bit Server VM (11.0.6+10, mixed mode, tiered, compressed oops, g1 gc, windows-amd64)
# Problematic frame:
# C  [jSSC-2.8_x86_64.dll+0xb5db]
#
# No core dump will be written. Minidumps are not enabled by default on client versions of Windows
#
# If you would like to submit a bug report, please visit:
#   https://github.com/AdoptOpenJDK/openjdk-support/issues
# The crash happened outside the Java Virtual Machine in native code.
# See problematic frame for where to report the bug.
#

---------------  S U M M A R Y ------------

Command Line: -javaagent:C:\Program Files\JetBrains\IntelliJ IDEA 2019.3.4\lib\idea_rt.jar=51066:C:\Program Files\JetBrains\IntelliJ IDEA 2019.3.4\bin -Dfile.encoding=UTF-8 br.com.diegosilva.automation.Main

Host: AMD Ryzen 7 1800X Eight-Core Processor         , 16 cores, 31G,  Windows 10 , 64 bit Build 18362 (10.0.18362.329)
Time: Wed Apr 15 09:47:55 2020 Hora oficial do Brasil elapsed time: 3 seconds (0d 0h 0m 3s)

---------------  T H R E A D  ---------------

Current thread (0x0000021dd6411800):  JavaThread "Automation-akka.actor.default-dispatcher-27" [_thread_in_native, id=47788, stack(0x000000ddeb000000,0x000000ddeb100000)]

Stack: [0x000000ddeb000000,0x000000ddeb100000],  sp=0x000000ddeb0fe250,  free space=1016k
Native frames: (J=compiled Java code, j=interpreted, Vv=VM code, C=native code)
C  [jSSC-2.8_x86_64.dll+0xb5db]

Java frames: (J=compiled Java code, j=interpreted, Vv=VM code)
j  jssc.SerialNativeInterface.openPort(Ljava/lang/String;Z)J+0
j  jssc.SerialPort.openPort()Z+65
j  br.com.diegosilva.automation.actors.Receptor.startReceive()V+53
j  br.com.diegosilva.automation.actors.Receptor.lambda$createReceive$3cf7b905$1(Lbr/com/diegosilva/automation/actors/Receptor$Start;)Lakka/actor/typed/Behavior;+17
j  br.com.diegosilva.automation.actors.Receptor$$Lambda$1241.apply(Ljava/lang/Object;)Ljava/lang/Object;+8
j  akka.actor.typed.javadsl.BuiltReceive.receive(Ljava/lang/Object;Lscala/collection/immutable/List;)Lakka/actor/typed/Behavior;+127
j  akka.actor.typed.javadsl.BuiltReceive.receiveMessage(Ljava/lang/Object;)Lakka/actor/typed/Behavior;+6
j  akka.actor.typed.javadsl.Receive.receive(Lakka/actor/typed/TypedActorContext;Ljava/lang/Object;)Lakka/actor/typed/Behavior;+2
j  akka.actor.typed.javadsl.AbstractBehavior.receive(Lakka/actor/typed/TypedActorContext;Ljava/lang/Object;)Lakka/actor/typed/Behavior;+11
j  akka.actor.typed.Behavior$.interpret(Lakka/actor/typed/Behavior;Lakka/actor/typed/TypedActorContext;Ljava/lang/Object;Z)Lakka/actor/typed/Behavior;+267
j  akka.actor.typed.Behavior$.interpretMessage(Lakka/actor/typed/Behavior;Lakka/actor/typed/TypedActorContext;Ljava/lang/Object;)Lakka/actor/typed/Behavior;+5
j  akka.actor.typed.internal.InterceptorImpl$$anon$2.apply(Lakka/actor/typed/TypedActorContext;Ljava/lang/Object;)Lakka/actor/typed/Behavior;+12
j  akka.actor.typed.internal.RestartSupervisor.aroundReceive(Lakka/actor/typed/TypedActorContext;Ljava/lang/Object;Lakka/actor/typed/BehaviorInterceptor$ReceiveTarget;)Lakka/actor/typed/Behavior;+373
j  akka.actor.typed.internal.InterceptorImpl.receive(Lakka/actor/typed/TypedActorContext;Ljava/lang/Object;)Lakka/actor/typed/Behavior;+39
j  akka.actor.typed.Behavior$.interpret(Lakka/actor/typed/Behavior;Lakka/actor/typed/TypedActorContext;Ljava/lang/Object;Z)Lakka/actor/typed/Behavior;+267
j  akka.actor.typed.Behavior$.interpretMessage(Lakka/actor/typed/Behavior;Lakka/actor/typed/TypedActorContext;Ljava/lang/Object;)Lakka/actor/typed/Behavior;+5
j  akka.actor.typed.internal.adapter.ActorAdapter.handleMessage(Ljava/lang/Object;)V+236
j  akka.actor.typed.internal.adapter.ActorAdapter.aroundReceive(Lscala/PartialFunction;Ljava/lang/Object;)V+282
j  akka.actor.ActorCell.receiveMessage(Ljava/lang/Object;)V+15
j  akka.actor.ActorCell.invoke(Lakka/dispatch/Envelope;)V+33
j  akka.dispatch.Mailbox.processMailbox(IJ)V+24
j  akka.dispatch.Mailbox.run()V+20
j  akka.dispatch.Mailbox.exec()Z+1
j  java.util.concurrent.ForkJoinTask.doExec()I+10 java.base@11.0.6
j  java.util.concurrent.ForkJoinPool$WorkQueue.topLevelExec(Ljava/util/concurrent/ForkJoinTask;Ljava/util/concurrent/ForkJoinPool$WorkQueue;I)V+12 java.base@11.0.6
J 2445 c1 java.util.concurrent.ForkJoinPool.scan(Ljava/util/concurrent/ForkJoinPool$WorkQueue;I)Z java.base@11.0.6 (209 bytes) @ 0x0000021daf6ec6d4 [0x0000021daf6eb080+0x0000000000001654]
j  java.util.concurrent.ForkJoinPool.runWorker(Ljava/util/concurrent/ForkJoinPool$WorkQueue;)V+25 java.base@11.0.6
j  java.util.concurrent.ForkJoinWorkerThread.run()V+24 java.base@11.0.6
v  ~StubRoutines::call_stub

siginfo: EXCEPTION_ACCESS_VIOLATION (0xc0000005), reading address 0xffffffffa441ef9d


Register to memory mapping:

RIP=0x000000007110b5db jSSC-2.8_x86_64.dll
RAX=0xffffffffa441ef9d is an unknown value
RBX=0x000000ddeb0fe2c0 is pointing into the stack for thread: 0x0000021dd6411800
RCX=0x00007fffa31bc2a4 ntdll.dll
RDX=0x0 is NULL
RSP=0x000000ddeb0fe250 is pointing into the stack for thread: 0x0000021dd6411800
RBP=0x000000ddeb0fe3d0 is pointing into the stack for thread: 0x0000021dd6411800
RSI=0x0000021dd6411b40 points into unknown readable memory: f0 cb 37 64 ff 7f 00 00
RDI=0x0000000000000be0 is an unknown value
R8 =0x000000ddeb0fe148 is pointing into the stack for thread: 0x0000021dd6411800
R9 =0x000000ddeb0fe240 is pointing into the stack for thread: 0x0000021dd6411800
R10=0x0 is NULL
R11=0x0000000000000246 is an unknown value
R12=0x000000ddeb0fe488 is pointing into the stack for thread: 0x0000021dd6411800
R13=0x0000021ddb20dce0 points into unknown readable memory: 43 4f 4d 37 00 00 00 00
R14=0x000000ddeb0fe380 is pointing into the stack for thread: 0x0000021dd6411800
R15=0x0000021dd6411800 is a thread


Registers:
RAX=0xffffffffa441ef9d, RBX=0x000000ddeb0fe2c0, RCX=0x00007fffa31bc2a4, RDX=0x0000000000000000
RSP=0x000000ddeb0fe250, RBP=0x000000ddeb0fe3d0, RSI=0x0000021dd6411b40, RDI=0x0000000000000be0
R8 =0x000000ddeb0fe148, R9 =0x000000ddeb0fe240, R10=0x0000000000000000, R11=0x0000000000000246
R12=0x000000ddeb0fe488, R13=0x0000021ddb20dce0, R14=0x000000ddeb0fe380, R15=0x0000021dd6411800
RIP=0x000000007110b5db, EFLAGS=0x0000000000010202

Top of Stack: (sp=0x000000ddeb0fe250)
0x000000ddeb0fe250:   0000021dd7c32e70 00000090a315fc11
0x000000ddeb0fe260:   000000007110b230 0000021ddb20d370
0x000000ddeb0fe270:   000000ddeb0fe3d0 0000000000000004
0x000000ddeb0fe280:   0000021dd6411b40 0000000000000be0
0x000000ddeb0fe290:   000000ddeb0fe3d0 0000000071112590
0x000000ddeb0fe2a0:   0000021dd6411800 000000ddeb0fe380
0x000000ddeb0fe2b0:   0000021ddb20dce0 000000ddeb0fe488
0x000000ddeb0fe2c0:   0000021ddb20dce0 00007fffa315fc11
0x000000ddeb0fe2d0:   000000ddeb0fe300 0000021da4220000
0x000000ddeb0fe2e0:   000000ddeb0fe3d0 0000000000000000
0x000000ddeb0fe2f0:   0000000071113500 0000000071113be8
0x000000ddeb0fe300:   000000ddeb0fe330 0000000071112641
0x000000ddeb0fe310:   000000ddeb0fe2a0 0000021dd6411b40
0x000000ddeb0fe320:   0000000000000000 0000000000000000
0x000000ddeb0fe330:   000000ddeb0fe3d0 0000000071101595
0x000000ddeb0fe340:   000000000000001c 0000021d00000000 

Instructions: (pc=0x000000007110b5db)
0x000000007110b4db:   48 85 c0 74 bf 44 8b 03 45 85 c0 0f 84 77 ff ff
0x000000007110b4eb:   ff eb 9f 66 90 e8 8b fe ff ff 48 89 05 0c 34 01
0x000000007110b4fb:   00 eb ad 66 90 e8 7b fe ff ff 48 89 05 fc 33 01
0x000000007110b50b:   00 eb 8b e8 8d fe ff ff c7 03 01 00 00 00 e9 6f
0x000000007110b51b:   ff ff ff 66 90 55 48 89 e5 56 53 48 83 ec 20 48
0x000000007110b52b:   8b 05 d7 33 01 00 48 8b 31 48 89 cb 48 85 c0 74
0x000000007110b53b:   56 44 8b 18 45 85 db 78 42 48 8b 05 bd 33 01 00
0x000000007110b54b:   48 85 c0 74 50 44 8b 10 45 85 d2 74 1d 48 89 f1
0x000000007110b55b:   e8 d0 fd ff ff 48 8b 13 48 8d 42 40 48 8b 48 08
0x000000007110b56b:   48 8b 6a 40 48 8b 60 10 ff e1 48 8b 05 9c 33 01
0x000000007110b57b:   00 48 85 c0 74 2d 48 89 30 eb da e8 b5 fe ff ff
0x000000007110b58b:   0f 1f 44 00 00 eb b2 e8 e9 fd ff ff 48 89 05 6a
0x000000007110b59b:   33 01 00 eb 9c e8 db fd ff ff 48 89 05 5c 33 01
0x000000007110b5ab:   00 eb a2 e8 3d fd ff ff 48 89 05 5e 33 01 00 eb
0x000000007110b5bb:   c5 0f 1f 40 00 55 57 56 53 48 83 ec 28 48 8b 05
0x000000007110b5cb:   39 33 01 00 48 89 cb 48 85 c0 0f 84 c5 00 00 00
0x000000007110b5db:   8b 38 85 ff 0f 88 ab 00 00 00 48 8b 05 1c 33 01
0x000000007110b5eb:   00 48 85 c0 0f 84 bc 00 00 00 8b 30 85 f6 74 57
0x000000007110b5fb:   48 8b 05 0e 33 01 00 48 85 c0 0f 84 e5 00 00 00
0x000000007110b60b:   8b 28 48 8b 35 10 5e 01 00 ff d6 89 c7 89 e9 ff
0x000000007110b61b:   15 f4 5e 01 00 89 f9 48 89 c5 ff 15 b9 5e 01 00
0x000000007110b62b:   48 8b 05 de 32 01 00 48 89 2b 48 85 c0 74 46 48
0x000000007110b63b:   89 da 8b 08 ff 15 d7 5e 01 00 85 c0 74 27 48 83
0x000000007110b64b:   c4 28 5b 5e 5f 5d c3 48 8b 05 bf 32 01 00 48 85
0x000000007110b65b:   c0 74 64 48 8b 10 48 89 13 48 89 18 48 83 c4 28
0x000000007110b66b:   5b 5e 5f 5d c3 48 89 f2 48 83 c4 28 5b 5e 5f 5d
0x000000007110b67b:   48 ff e2 66 90 e8 8b fc ff ff 48 89 05 84 32 01
0x000000007110b68b:   00 eb ac 66 90 e8 ab fd ff ff e9 4b ff ff ff 66
0x000000007110b69b:   0f 1f 44 00 00 e8 db fc ff ff 48 89 05 5c 32 01
0x000000007110b6ab:   00 e9 2a ff ff ff e8 ca fc ff ff 48 89 05 4b 32
0x000000007110b6bb:   01 00 e9 33 ff ff ff e8 29 fc ff ff 48 89 05 4a
0x000000007110b6cb:   32 01 00 48 8b 10 48 85 c0 48 89 13 75 8b e8 12 


Stack slot to memory mapping:
stack at sp + 0 slots: 0x0000021dd7c32e70 points into unknown readable memory: 80 16 1b a4 1d 02 00 00
stack at sp + 1 slots: 0x00000090a315fc11 is an unknown value
stack at sp + 2 slots: 0x000000007110b230 jSSC-2.8_x86_64.dll
stack at sp + 3 slots: 0x0000021ddb20d370 points into unknown readable memory: 70 2e c3 d7 1d 02 00 00
stack at sp + 4 slots: 0x000000ddeb0fe3d0 is pointing into the stack for thread: 0x0000021dd6411800
stack at sp + 5 slots: 0x0000000000000004 is an unknown value
stack at sp + 6 slots: 0x0000021dd6411b40 points into unknown readable memory: f0 cb 37 64 ff 7f 00 00
stack at sp + 7 slots: 0x0000000000000be0 is an unknown value


---------------  P R O C E S S  ---------------

Threads class SMR info:
_java_thread_list=0x0000021dda539c10, length=45, elements={
0x0000021dd4d08800, 0x0000021dd4d09800, 0x0000021dd4d7f800, 0x0000021dd4d80800,
0x0000021dd4d83000, 0x0000021dd4d92000, 0x0000021dd4d97800, 0x0000021dd4f0f000,
0x0000021dd4f19800, 0x0000021dd4f1a800, 0x0000021dd542b800, 0x0000021dd542c800,
0x0000021dd55e7800, 0x0000021dd702c800, 0x0000021dd73a6800, 0x0000021dd7220000,
0x0000021dd5e0a000, 0x0000021dd5f78000, 0x0000021dd5fd3000, 0x0000021dd6691000,
0x0000021dd6692800, 0x0000021dd668e800, 0x0000021dd6692000, 0x0000021dd668f800,
0x0000021dd6693800, 0x0000021dd78f1000, 0x0000021dd6694800, 0x0000021dd6690000,
0x0000021dd6695000, 0x0000021dd6404000, 0x0000021dd6407000, 0x0000021dd640a800,
0x0000021dd640b000, 0x0000021dd6405800, 0x0000021dd640c000, 0x0000021dd6408000,
0x0000021dd6406800, 0x0000021dd640d800, 0x0000021dd640e800, 0x0000021dd640d000,
0x0000021dd6408800, 0x0000021dd640f800, 0x0000021ddb250000, 0x0000021dd6411800,
0x0000021dd6410000
}

Java Threads: ( => current thread )
  0x0000021dd4d08800 JavaThread "Reference Handler" daemon [_thread_blocked, id=34312, stack(0x000000dde8000000,0x000000dde8100000)]
  0x0000021dd4d09800 JavaThread "Finalizer" daemon [_thread_blocked, id=26152, stack(0x000000dde8100000,0x000000dde8200000)]
  0x0000021dd4d7f800 JavaThread "Signal Dispatcher" daemon [_thread_blocked, id=13376, stack(0x000000dde8200000,0x000000dde8300000)]
  0x0000021dd4d80800 JavaThread "Attach Listener" daemon [_thread_blocked, id=39508, stack(0x000000dde8300000,0x000000dde8400000)]
  0x0000021dd4d83000 JavaThread "C2 CompilerThread0" daemon [_thread_blocked, id=44896, stack(0x000000dde8400000,0x000000dde8500000)]
  0x0000021dd4d92000 JavaThread "C1 CompilerThread0" daemon [_thread_blocked, id=44180, stack(0x000000dde8500000,0x000000dde8600000)]
  0x0000021dd4d97800 JavaThread "Sweeper thread" daemon [_thread_blocked, id=45272, stack(0x000000dde8600000,0x000000dde8700000)]
  0x0000021dd4f0f000 JavaThread "Common-Cleaner" daemon [_thread_blocked, id=43216, stack(0x000000dde8700000,0x000000dde8800000)]
  0x0000021dd4f19800 JavaThread "C1 CompilerThread1" daemon [_thread_blocked, id=19596, stack(0x000000dde8800000,0x000000dde8900000)]
  0x0000021dd4f1a800 JavaThread "C1 CompilerThread2" daemon [_thread_blocked, id=40116, stack(0x000000dde8900000,0x000000dde8a00000)]
  0x0000021dd542b800 JavaThread "Monitor Ctrl-Break" daemon [_thread_in_native, id=27232, stack(0x000000dde8c00000,0x000000dde8d00000)]
  0x0000021dd542c800 JavaThread "Service Thread" daemon [_thread_blocked, id=34592, stack(0x000000dde8d00000,0x000000dde8e00000)]
  0x0000021dd55e7800 JavaThread "C1 CompilerThread3" daemon [_thread_blocked, id=42132, stack(0x000000dde8f00000,0x000000dde9000000)]
  0x0000021dd702c800 JavaThread "Automation-scheduler-1" [_thread_blocked, id=8708, stack(0x000000dde9100000,0x000000dde9200000)]
  0x0000021dd73a6800 JavaThread "Automation-akka.actor.internal-dispatcher-2" [_thread_blocked, id=48024, stack(0x000000dde9d00000,0x000000dde9e00000)]
  0x0000021dd7220000 JavaThread "Automation-akka.actor.default-dispatcher-3" [_thread_blocked, id=9832, stack(0x000000dde9e00000,0x000000dde9f00000)]
  0x0000021dd5e0a000 JavaThread "Automation-akka.actor.internal-dispatcher-4" [_thread_blocked, id=14732, stack(0x000000dde9f00000,0x000000ddea000000)]
  0x0000021dd5f78000 JavaThread "Automation-akka.actor.default-dispatcher-5" [_thread_blocked, id=28620, stack(0x000000ddea000000,0x000000ddea100000)]
  0x0000021dd5fd3000 JavaThread "Automation-akka.remote.default-remote-dispatcher-6" [_thread_blocked, id=39648, stack(0x000000ddea300000,0x000000ddea400000)]
  0x0000021dd6691000 JavaThread "AsyncAppender-Worker-ASYNC" daemon [_thread_blocked, id=3652, stack(0x000000ddea400000,0x000000ddea500000)]
  0x0000021dd6692800 JavaThread "Automation-akka.actor.internal-dispatcher-7" [_thread_blocked, id=17808, stack(0x000000ddea500000,0x000000ddea600000)]
  0x0000021dd668e800 JavaThread "Automation-akka.remote.default-remote-dispatcher-8" [_thread_blocked, id=19412, stack(0x000000ddea600000,0x000000ddea700000)]
  0x0000021dd6692000 JavaThread "Automation-akka.io.pinned-dispatcher-9" [_thread_in_native, id=7372, stack(0x000000dde8a00000,0x000000dde8b00000)]
  0x0000021dd668f800 JavaThread "Automation-akka.remote.default-remote-dispatcher-10" [_thread_blocked, id=45312, stack(0x000000dde8b00000,0x000000dde8c00000)]
  0x0000021dd6693800 JavaThread "Automation-akka.remote.default-remote-dispatcher-11" [_thread_blocked, id=19284, stack(0x000000dde9000000,0x000000dde9100000)]
  0x0000021dd78f1000 JavaThread "C2 CompilerThread1" daemon [_thread_blocked, id=15268, stack(0x000000ddea700000,0x000000ddea800000)]
  0x0000021dd6694800 JavaThread "Automation-akka.remote.default-remote-dispatcher-12" [_thread_blocked, id=27796, stack(0x000000ddea800000,0x000000ddea900000)]
  0x0000021dd6690000 JavaThread "Automation-akka.remote.default-remote-dispatcher-13" [_thread_blocked, id=13624, stack(0x000000ddea900000,0x000000ddeaa00000)]
  0x0000021dd6695000 JavaThread "Automation-akka.remote.default-remote-dispatcher-14" [_thread_blocked, id=43492, stack(0x000000ddeaa00000,0x000000ddeab00000)]
  0x0000021dd6404000 JavaThread "Automation-akka.remote.default-remote-dispatcher-15" [_thread_blocked, id=28760, stack(0x000000ddeab00000,0x000000ddeac00000)]
  0x0000021dd6407000 JavaThread "Automation-akka.actor.internal-dispatcher-16" [_thread_blocked, id=27352, stack(0x000000ddead00000,0x000000ddeae00000)]
  0x0000021dd640a800 JavaThread "Automation-akka.actor.internal-dispatcher-17" [_thread_blocked, id=11416, stack(0x000000ddeae00000,0x000000ddeaf00000)]
  0x0000021dd640b000 JavaThread "DestroyJavaVM" [_thread_blocked, id=4752, stack(0x000000dde7900000,0x000000dde7a00000)]
  0x0000021dd6405800 JavaThread "Automation-akka.actor.internal-dispatcher-18" [_thread_blocked, id=25988, stack(0x000000ddeb200000,0x000000ddeb300000)]
  0x0000021dd640c000 JavaThread "Automation-akka.actor.internal-dispatcher-19" [_thread_blocked, id=39716, stack(0x000000ddeb300000,0x000000ddeb400000)]
  0x0000021dd6408000 JavaThread "Automation-akka.actor.internal-dispatcher-20" [_thread_blocked, id=34360, stack(0x000000ddeb400000,0x000000ddeb500000)]
  0x0000021dd6406800 JavaThread "Automation-akka.actor.default-blocking-io-dispatcher-21" [_thread_blocked, id=35916, stack(0x000000ddeb500000,0x000000ddeb600000)]
  0x0000021dd640d800 JavaThread "Automation-akka.actor.default-blocking-io-dispatcher-22" [_thread_blocked, id=34948, stack(0x000000ddeb600000,0x000000ddeb700000)]
  0x0000021dd640e800 JavaThread "Automation-akka.actor.default-blocking-io-dispatcher-23" [_thread_blocked, id=33788, stack(0x000000ddeb700000,0x000000ddeb800000)]
  0x0000021dd640d000 JavaThread "Automation-akka.actor.default-blocking-io-dispatcher-24" [_thread_blocked, id=14000, stack(0x000000ddeb800000,0x000000ddeb900000)]
  0x0000021dd6408800 JavaThread "Automation-akka.actor.default-blocking-io-dispatcher-25" [_thread_blocked, id=35156, stack(0x000000ddeb900000,0x000000ddeba00000)]
  0x0000021dd640f800 JavaThread "Automation-akka.actor.default-blocking-io-dispatcher-26" [_thread_blocked, id=2348, stack(0x000000ddeba00000,0x000000ddebb00000)]
  0x0000021ddb250000 JavaThread "C2 CompilerThread2" daemon [_thread_in_native, id=29352, stack(0x000000ddeaf00000,0x000000ddeb000000)]
=>0x0000021dd6411800 JavaThread "Automation-akka.actor.default-dispatcher-27" [_thread_in_native, id=47788, stack(0x000000ddeb000000,0x000000ddeb100000)]
  0x0000021dd6410000 JavaThread "ForkJoinPool.commonPool-worker-19" daemon [_thread_blocked, id=45004, stack(0x000000ddebb00000,0x000000ddebc00000)]

Other Threads:
  0x0000021dd4d07000 VMThread "VM Thread" [stack: 0x000000dde7f00000,0x000000dde8000000] [id=37272]
  0x0000021dd5431000 WatcherThread [stack: 0x000000dde8e00000,0x000000dde8f00000] [id=8240]
  0x0000021da640f000 GCTaskThread "GC Thread#0" [stack: 0x000000dde7a00000,0x000000dde7b00000] [id=11680]
  0x0000021dd6645000 GCTaskThread "GC Thread#1" [stack: 0x000000dde9200000,0x000000dde9300000] [id=45444]
  0x0000021dd719e000 GCTaskThread "GC Thread#2" [stack: 0x000000dde9300000,0x000000dde9400000] [id=41280]
  0x0000021dd71a4000 GCTaskThread "GC Thread#3" [stack: 0x000000dde9400000,0x000000dde9500000] [id=33680]
  0x0000021dd719e800 GCTaskThread "GC Thread#4" [stack: 0x000000dde9500000,0x000000dde9600000] [id=12912]
  0x0000021dd71a5800 GCTaskThread "GC Thread#5" [stack: 0x000000dde9600000,0x000000dde9700000] [id=3356]
  0x0000021dd719f800 GCTaskThread "GC Thread#6" [stack: 0x000000dde9700000,0x000000dde9800000] [id=41440]
  0x0000021dd71a1800 GCTaskThread "GC Thread#7" [stack: 0x000000dde9800000,0x000000dde9900000] [id=35904]
  0x0000021dd71a2800 GCTaskThread "GC Thread#8" [stack: 0x000000dde9900000,0x000000dde9a00000] [id=42884]
  0x0000021dd71a0000 GCTaskThread "GC Thread#9" [stack: 0x000000dde9a00000,0x000000dde9b00000] [id=27628]
  0x0000021dd71a3000 GCTaskThread "GC Thread#10" [stack: 0x000000dde9b00000,0x000000dde9c00000] [id=23488]
  0x0000021dd71a4800 GCTaskThread "GC Thread#11" [stack: 0x000000dde9c00000,0x000000dde9d00000] [id=32948]
  0x0000021dd7231800 GCTaskThread "GC Thread#12" [stack: 0x000000ddeac00000,0x000000ddead00000] [id=42848]
  0x0000021da648e800 ConcurrentGCThread "G1 Main Marker" [stack: 0x000000dde7b00000,0x000000dde7c00000] [id=20896]
  0x0000021da6490000 ConcurrentGCThread "G1 Conc#0" [stack: 0x000000dde7c00000,0x000000dde7d00000] [id=40188]
  0x0000021dd71a1000 ConcurrentGCThread "G1 Conc#1" [stack: 0x000000ddea100000,0x000000ddea200000] [id=30508]
  0x0000021dd7233800 ConcurrentGCThread "G1 Conc#2" [stack: 0x000000ddea200000,0x000000ddea300000] [id=32520]
  0x0000021dd402a800 ConcurrentGCThread "G1 Refine#0" [stack: 0x000000dde7d00000,0x000000dde7e00000] [id=23280]
  0x0000021dd402c800 ConcurrentGCThread "G1 Young RemSet Sampling" [stack: 0x000000dde7e00000,0x000000dde7f00000] [id=8892]

Threads with active compile tasks:
C2 CompilerThread2   3387 3818       4       jdk.internal.org.objectweb.asm.MethodWriter::visitMaxs (1144 bytes)

VM state:not at safepoint (normal execution)

VM Mutex/Monitor currently owned by a thread: None

Heap address: 0x0000000600e00000, size: 8178 MB, Compressed Oops mode: Zero based, Oop shift amount: 3
Narrow klass base: 0x0000000800000000, Narrow klass shift: 0
Compressed class space size: 1073741824 Address: 0x0000000800000000

Heap:
 garbage-first heap   total 630784K, used 23464K [0x0000000600e00000, 0x0000000800000000)
  region size 2048K, 10 young (20480K), 5 survivors (10240K)
 Metaspace       used 59643K, capacity 61813K, committed 62028K, reserved 1101824K
  class space    used 7627K, capacity 8781K, committed 8832K, reserved 1048576K
Heap Regions: E=young(eden), S=young(survivor), O=old, HS=humongous(starts), HC=humongous(continues), CS=collection set, F=free, A=archive, TAMS=top-at-mark-start (previous, next)
|   0|0x0000000600e00000, 0x0000000601000000, 0x0000000601000000|100%| O|  |TAMS 0x0000000601000000, 0x0000000600e00000| Untracked 
|   1|0x0000000601000000, 0x0000000601200000, 0x0000000601200000|100%| O|  |TAMS 0x0000000601200000, 0x0000000601000000| Untracked 
|   2|0x0000000601200000, 0x0000000601364e00, 0x0000000601400000| 69%| O|  |TAMS 0x0000000601364e00, 0x0000000601200000| Untracked 
|   3|0x0000000601400000, 0x0000000601400000, 0x0000000601600000|  0%| F|  |TAMS 0x0000000601400000, 0x0000000601400000| Untracked 
|   4|0x0000000601600000, 0x0000000601600000, 0x0000000601800000|  0%| F|  |TAMS 0x0000000601600000, 0x0000000601600000| Untracked 
|   5|0x0000000601800000, 0x0000000601800000, 0x0000000601a00000|  0%| F|  |TAMS 0x0000000601800000, 0x0000000601800000| Untracked 
|   6|0x0000000601a00000, 0x0000000601a00000, 0x0000000601c00000|  0%| F|  |TAMS 0x0000000601a00000, 0x0000000601a00000| Untracked 
|   7|0x0000000601c00000, 0x0000000601c00000, 0x0000000601e00000|  0%| F|  |TAMS 0x0000000601c00000, 0x0000000601c00000| Untracked 
|   8|0x0000000601e00000, 0x0000000601e00000, 0x0000000602000000|  0%| F|  |TAMS 0x0000000601e00000, 0x0000000601e00000| Untracked 
|   9|0x0000000602000000, 0x0000000602000000, 0x0000000602200000|  0%| F|  |TAMS 0x0000000602000000, 0x0000000602000000| Untracked 
|  10|0x0000000602200000, 0x0000000602200000, 0x0000000602400000|  0%| F|  |TAMS 0x0000000602200000, 0x0000000602200000| Untracked 
|  11|0x0000000602400000, 0x0000000602400000, 0x0000000602600000|  0%| F|  |TAMS 0x0000000602400000, 0x0000000602400000| Untracked 
|  12|0x0000000602600000, 0x0000000602600000, 0x0000000602800000|  0%| F|  |TAMS 0x0000000602600000, 0x0000000602600000| Untracked 
|  13|0x0000000602800000, 0x0000000602800000, 0x0000000602a00000|  0%| F|  |TAMS 0x0000000602800000, 0x0000000602800000| Untracked 
|  14|0x0000000602a00000, 0x0000000602a00000, 0x0000000602c00000|  0%| F|  |TAMS 0x0000000602a00000, 0x0000000602a00000| Untracked 
|  15|0x0000000602c00000, 0x0000000602c00000, 0x0000000602e00000|  0%| F|  |TAMS 0x0000000602c00000, 0x0000000602c00000| Untracked 
|  16|0x0000000602e00000, 0x0000000602e00000, 0x0000000603000000|  0%| F|  |TAMS 0x0000000602e00000, 0x0000000602e00000| Untracked 
|  17|0x0000000603000000, 0x0000000603000000, 0x0000000603200000|  0%| F|  |TAMS 0x0000000603000000, 0x0000000603000000| Untracked 
|  18|0x0000000603200000, 0x0000000603200000, 0x0000000603400000|  0%| F|  |TAMS 0x0000000603200000, 0x0000000603200000| Untracked 
|  19|0x0000000603400000, 0x0000000603400000, 0x0000000603600000|  0%| F|  |TAMS 0x0000000603400000, 0x0000000603400000| Untracked 
|  20|0x0000000603600000, 0x0000000603600000, 0x0000000603800000|  0%| F|  |TAMS 0x0000000603600000, 0x0000000603600000| Untracked 
|  21|0x0000000603800000, 0x0000000603800000, 0x0000000603a00000|  0%| F|  |TAMS 0x0000000603800000, 0x0000000603800000| Untracked 
|  22|0x0000000603a00000, 0x0000000603a00000, 0x0000000603c00000|  0%| F|  |TAMS 0x0000000603a00000, 0x0000000603a00000| Untracked 
|  23|0x0000000603c00000, 0x0000000603c00000, 0x0000000603e00000|  0%| F|  |TAMS 0x0000000603c00000, 0x0000000603c00000| Untracked 
|  24|0x0000000603e00000, 0x0000000603e00000, 0x0000000604000000|  0%| F|  |TAMS 0x0000000603e00000, 0x0000000603e00000| Untracked 
|  25|0x0000000604000000, 0x0000000604000000, 0x0000000604200000|  0%| F|  |TAMS 0x0000000604000000, 0x0000000604000000| Untracked 
|  26|0x0000000604200000, 0x0000000604200000, 0x0000000604400000|  0%| F|  |TAMS 0x0000000604200000, 0x0000000604200000| Untracked 
|  27|0x0000000604400000, 0x0000000604400000, 0x0000000604600000|  0%| F|  |TAMS 0x0000000604400000, 0x0000000604400000| Untracked 
|  28|0x0000000604600000, 0x0000000604600000, 0x0000000604800000|  0%| F|  |TAMS 0x0000000604600000, 0x0000000604600000| Untracked 
|  29|0x0000000604800000, 0x0000000604800000, 0x0000000604a00000|  0%| F|  |TAMS 0x0000000604800000, 0x0000000604800000| Untracked 
|  30|0x0000000604a00000, 0x0000000604a00000, 0x0000000604c00000|  0%| F|  |TAMS 0x0000000604a00000, 0x0000000604a00000| Untracked 
|  31|0x0000000604c00000, 0x0000000604c00000, 0x0000000604e00000|  0%| F|  |TAMS 0x0000000604c00000, 0x0000000604c00000| Untracked 
|  32|0x0000000604e00000, 0x0000000604e00000, 0x0000000605000000|  0%| F|  |TAMS 0x0000000604e00000, 0x0000000604e00000| Untracked 
|  33|0x0000000605000000, 0x0000000605000000, 0x0000000605200000|  0%| F|  |TAMS 0x0000000605000000, 0x0000000605000000| Untracked 
|  34|0x0000000605200000, 0x0000000605200000, 0x0000000605400000|  0%| F|  |TAMS 0x0000000605200000, 0x0000000605200000| Untracked 
|  35|0x0000000605400000, 0x0000000605400000, 0x0000000605600000|  0%| F|  |TAMS 0x0000000605400000, 0x0000000605400000| Untracked 
|  36|0x0000000605600000, 0x0000000605600000, 0x0000000605800000|  0%| F|  |TAMS 0x0000000605600000, 0x0000000605600000| Untracked 
|  37|0x0000000605800000, 0x0000000605800000, 0x0000000605a00000|  0%| F|  |TAMS 0x0000000605800000, 0x0000000605800000| Untracked 
|  38|0x0000000605a00000, 0x0000000605a00000, 0x0000000605c00000|  0%| F|  |TAMS 0x0000000605a00000, 0x0000000605a00000| Untracked 
|  39|0x0000000605c00000, 0x0000000605c00000, 0x0000000605e00000|  0%| F|  |TAMS 0x0000000605c00000, 0x0000000605c00000| Untracked 
|  40|0x0000000605e00000, 0x0000000605e00000, 0x0000000606000000|  0%| F|  |TAMS 0x0000000605e00000, 0x0000000605e00000| Untracked 
|  41|0x0000000606000000, 0x0000000606000000, 0x0000000606200000|  0%| F|  |TAMS 0x0000000606000000, 0x0000000606000000| Untracked 
|  42|0x0000000606200000, 0x0000000606200000, 0x0000000606400000|  0%| F|  |TAMS 0x0000000606200000, 0x0000000606200000| Untracked 
|  43|0x0000000606400000, 0x0000000606400000, 0x0000000606600000|  0%| F|  |TAMS 0x0000000606400000, 0x0000000606400000| Untracked 
|  44|0x0000000606600000, 0x0000000606600000, 0x0000000606800000|  0%| F|  |TAMS 0x0000000606600000, 0x0000000606600000| Untracked 
|  45|0x0000000606800000, 0x0000000606800000, 0x0000000606a00000|  0%| F|  |TAMS 0x0000000606800000, 0x0000000606800000| Untracked 
|  46|0x0000000606a00000, 0x0000000606a00000, 0x0000000606c00000|  0%| F|  |TAMS 0x0000000606a00000, 0x0000000606a00000| Untracked 
|  47|0x0000000606c00000, 0x0000000606c00000, 0x0000000606e00000|  0%| F|  |TAMS 0x0000000606c00000, 0x0000000606c00000| Untracked 
|  48|0x0000000606e00000, 0x0000000606e00000, 0x0000000607000000|  0%| F|  |TAMS 0x0000000606e00000, 0x0000000606e00000| Untracked 
|  49|0x0000000607000000, 0x0000000607000000, 0x0000000607200000|  0%| F|  |TAMS 0x0000000607000000, 0x0000000607000000| Untracked 
|  50|0x0000000607200000, 0x0000000607200000, 0x0000000607400000|  0%| F|  |TAMS 0x0000000607200000, 0x0000000607200000| Untracked 
|  51|0x0000000607400000, 0x0000000607400000, 0x0000000607600000|  0%| F|  |TAMS 0x0000000607400000, 0x0000000607400000| Untracked 
|  52|0x0000000607600000, 0x0000000607600000, 0x0000000607800000|  0%| F|  |TAMS 0x0000000607600000, 0x0000000607600000| Untracked 
|  53|0x0000000607800000, 0x0000000607800000, 0x0000000607a00000|  0%| F|  |TAMS 0x0000000607800000, 0x0000000607800000| Untracked 
|  54|0x0000000607a00000, 0x0000000607a00000, 0x0000000607c00000|  0%| F|  |TAMS 0x0000000607a00000, 0x0000000607a00000| Untracked 
|  55|0x0000000607c00000, 0x0000000607c00000, 0x0000000607e00000|  0%| F|  |TAMS 0x0000000607c00000, 0x0000000607c00000| Untracked 
|  56|0x0000000607e00000, 0x0000000607e00000, 0x0000000608000000|  0%| F|  |TAMS 0x0000000607e00000, 0x0000000607e00000| Untracked 
|  57|0x0000000608000000, 0x0000000608000000, 0x0000000608200000|  0%| F|  |TAMS 0x0000000608000000, 0x0000000608000000| Untracked 
|  58|0x0000000608200000, 0x0000000608200000, 0x0000000608400000|  0%| F|  |TAMS 0x0000000608200000, 0x0000000608200000| Untracked 
|  59|0x0000000608400000, 0x0000000608400000, 0x0000000608600000|  0%| F|  |TAMS 0x0000000608400000, 0x0000000608400000| Untracked 
|  60|0x0000000608600000, 0x0000000608600000, 0x0000000608800000|  0%| F|  |TAMS 0x0000000608600000, 0x0000000608600000| Untracked 
|  61|0x0000000608800000, 0x0000000608800000, 0x0000000608a00000|  0%| F|  |TAMS 0x0000000608800000, 0x0000000608800000| Untracked 
|  62|0x0000000608a00000, 0x0000000608a00000, 0x0000000608c00000|  0%| F|  |TAMS 0x0000000608a00000, 0x0000000608a00000| Untracked 
|  63|0x0000000608c00000, 0x0000000608c00000, 0x0000000608e00000|  0%| F|  |TAMS 0x0000000608c00000, 0x0000000608c00000| Untracked 
|  64|0x0000000608e00000, 0x0000000608e00000, 0x0000000609000000|  0%| F|  |TAMS 0x0000000608e00000, 0x0000000608e00000| Untracked 
|  65|0x0000000609000000, 0x0000000609000000, 0x0000000609200000|  0%| F|  |TAMS 0x0000000609000000, 0x0000000609000000| Untracked 
|  66|0x0000000609200000, 0x0000000609200000, 0x0000000609400000|  0%| F|  |TAMS 0x0000000609200000, 0x0000000609200000| Untracked 
|  67|0x0000000609400000, 0x0000000609400000, 0x0000000609600000|  0%| F|  |TAMS 0x0000000609400000, 0x0000000609400000| Untracked 
|  68|0x0000000609600000, 0x0000000609600000, 0x0000000609800000|  0%| F|  |TAMS 0x0000000609600000, 0x0000000609600000| Untracked 
|  69|0x0000000609800000, 0x0000000609800000, 0x0000000609a00000|  0%| F|  |TAMS 0x0000000609800000, 0x0000000609800000| Untracked 
|  70|0x0000000609a00000, 0x0000000609a00000, 0x0000000609c00000|  0%| F|  |TAMS 0x0000000609a00000, 0x0000000609a00000| Untracked 
|  71|0x0000000609c00000, 0x0000000609c00000, 0x0000000609e00000|  0%| F|  |TAMS 0x0000000609c00000, 0x0000000609c00000| Untracked 
|  72|0x0000000609e00000, 0x0000000609e00000, 0x000000060a000000|  0%| F|  |TAMS 0x0000000609e00000, 0x0000000609e00000| Untracked 
|  73|0x000000060a000000, 0x000000060a000000, 0x000000060a200000|  0%| F|  |TAMS 0x000000060a000000, 0x000000060a000000| Untracked 
|  74|0x000000060a200000, 0x000000060a200000, 0x000000060a400000|  0%| F|  |TAMS 0x000000060a200000, 0x000000060a200000| Untracked 
|  75|0x000000060a400000, 0x000000060a400000, 0x000000060a600000|  0%| F|  |TAMS 0x000000060a400000, 0x000000060a400000| Untracked 
|  76|0x000000060a600000, 0x000000060a600000, 0x000000060a800000|  0%| F|  |TAMS 0x000000060a600000, 0x000000060a600000| Untracked 
|  77|0x000000060a800000, 0x000000060a800000, 0x000000060aa00000|  0%| F|  |TAMS 0x000000060a800000, 0x000000060a800000| Untracked 
|  78|0x000000060aa00000, 0x000000060aa00000, 0x000000060ac00000|  0%| F|  |TAMS 0x000000060aa00000, 0x000000060aa00000| Untracked 
|  79|0x000000060ac00000, 0x000000060ac00000, 0x000000060ae00000|  0%| F|  |TAMS 0x000000060ac00000, 0x000000060ac00000| Untracked 
|  80|0x000000060ae00000, 0x000000060ae00000, 0x000000060b000000|  0%| F|  |TAMS 0x000000060ae00000, 0x000000060ae00000| Untracked 
|  81|0x000000060b000000, 0x000000060b000000, 0x000000060b200000|  0%| F|  |TAMS 0x000000060b000000, 0x000000060b000000| Untracked 
|  82|0x000000060b200000, 0x000000060b200000, 0x000000060b400000|  0%| F|  |TAMS 0x000000060b200000, 0x000000060b200000| Untracked 
|  83|0x000000060b400000, 0x000000060b400000, 0x000000060b600000|  0%| F|  |TAMS 0x000000060b400000, 0x000000060b400000| Untracked 
|  84|0x000000060b600000, 0x000000060b600000, 0x000000060b800000|  0%| F|  |TAMS 0x000000060b600000, 0x000000060b600000| Untracked 
|  85|0x000000060b800000, 0x000000060b800000, 0x000000060ba00000|  0%| F|  |TAMS 0x000000060b800000, 0x000000060b800000| Untracked 
|  86|0x000000060ba00000, 0x000000060ba00000, 0x000000060bc00000|  0%| F|  |TAMS 0x000000060ba00000, 0x000000060ba00000| Untracked 
|  87|0x000000060bc00000, 0x000000060bc00000, 0x000000060be00000|  0%| F|  |TAMS 0x000000060bc00000, 0x000000060bc00000| Untracked 
|  88|0x000000060be00000, 0x000000060be00000, 0x000000060c000000|  0%| F|  |TAMS 0x000000060be00000, 0x000000060be00000| Untracked 
|  89|0x000000060c000000, 0x000000060c000000, 0x000000060c200000|  0%| F|  |TAMS 0x000000060c000000, 0x000000060c000000| Untracked 
|  90|0x000000060c200000, 0x000000060c200000, 0x000000060c400000|  0%| F|  |TAMS 0x000000060c200000, 0x000000060c200000| Untracked 
|  91|0x000000060c400000, 0x000000060c400000, 0x000000060c600000|  0%| F|  |TAMS 0x000000060c400000, 0x000000060c400000| Untracked 
|  92|0x000000060c600000, 0x000000060c600000, 0x000000060c800000|  0%| F|  |TAMS 0x000000060c600000, 0x000000060c600000| Untracked 
|  93|0x000000060c800000, 0x000000060c800000, 0x000000060ca00000|  0%| F|  |TAMS 0x000000060c800000, 0x000000060c800000| Untracked 
|  94|0x000000060ca00000, 0x000000060ca00000, 0x000000060cc00000|  0%| F|  |TAMS 0x000000060ca00000, 0x000000060ca00000| Untracked 
|  95|0x000000060cc00000, 0x000000060cc00000, 0x000000060ce00000|  0%| F|  |TAMS 0x000000060cc00000, 0x000000060cc00000| Untracked 
|  96|0x000000060ce00000, 0x000000060ce00000, 0x000000060d000000|  0%| F|  |TAMS 0x000000060ce00000, 0x000000060ce00000| Untracked 
|  97|0x000000060d000000, 0x000000060d000000, 0x000000060d200000|  0%| F|  |TAMS 0x000000060d000000, 0x000000060d000000| Untracked 
|  98|0x000000060d200000, 0x000000060d200000, 0x000000060d400000|  0%| F|  |TAMS 0x000000060d200000, 0x000000060d200000| Untracked 
|  99|0x000000060d400000, 0x000000060d400000, 0x000000060d600000|  0%| F|  |TAMS 0x000000060d400000, 0x000000060d400000| Untracked 
| 100|0x000000060d600000, 0x000000060d600000, 0x000000060d800000|  0%| F|  |TAMS 0x000000060d600000, 0x000000060d600000| Untracked 
| 101|0x000000060d800000, 0x000000060d800000, 0x000000060da00000|  0%| F|  |TAMS 0x000000060d800000, 0x000000060d800000| Untracked 
| 102|0x000000060da00000, 0x000000060da00000, 0x000000060dc00000|  0%| F|  |TAMS 0x000000060da00000, 0x000000060da00000| Untracked 
| 103|0x000000060dc00000, 0x000000060dc00000, 0x000000060de00000|  0%| F|  |TAMS 0x000000060dc00000, 0x000000060dc00000| Untracked 
| 104|0x000000060de00000, 0x000000060de00000, 0x000000060e000000|  0%| F|  |TAMS 0x000000060de00000, 0x000000060de00000| Untracked 
| 105|0x000000060e000000, 0x000000060e000000, 0x000000060e200000|  0%| F|  |TAMS 0x000000060e000000, 0x000000060e000000| Untracked 
| 106|0x000000060e200000, 0x000000060e200000, 0x000000060e400000|  0%| F|  |TAMS 0x000000060e200000, 0x000000060e200000| Untracked 
| 107|0x000000060e400000, 0x000000060e400000, 0x000000060e600000|  0%| F|  |TAMS 0x000000060e400000, 0x000000060e400000| Untracked 
| 108|0x000000060e600000, 0x000000060e600000, 0x000000060e800000|  0%| F|  |TAMS 0x000000060e600000, 0x000000060e600000| Untracked 
| 109|0x000000060e800000, 0x000000060e800000, 0x000000060ea00000|  0%| F|  |TAMS 0x000000060e800000, 0x000000060e800000| Untracked 
| 110|0x000000060ea00000, 0x000000060ea00000, 0x000000060ec00000|  0%| F|  |TAMS 0x000000060ea00000, 0x000000060ea00000| Untracked 
| 111|0x000000060ec00000, 0x000000060ec00000, 0x000000060ee00000|  0%| F|  |TAMS 0x000000060ec00000, 0x000000060ec00000| Untracked 
| 112|0x000000060ee00000, 0x000000060ee00000, 0x000000060f000000|  0%| F|  |TAMS 0x000000060ee00000, 0x000000060ee00000| Untracked 
| 113|0x000000060f000000, 0x000000060f000000, 0x000000060f200000|  0%| F|  |TAMS 0x000000060f000000, 0x000000060f000000| Untracked 
| 114|0x000000060f200000, 0x000000060f200000, 0x000000060f400000|  0%| F|  |TAMS 0x000000060f200000, 0x000000060f200000| Untracked 
| 115|0x000000060f400000, 0x000000060f400000, 0x000000060f600000|  0%| F|  |TAMS 0x000000060f400000, 0x000000060f400000| Untracked 
| 116|0x000000060f600000, 0x000000060f600000, 0x000000060f800000|  0%| F|  |TAMS 0x000000060f600000, 0x000000060f600000| Untracked 
| 117|0x000000060f800000, 0x000000060f800000, 0x000000060fa00000|  0%| F|  |TAMS 0x000000060f800000, 0x000000060f800000| Untracked 
| 118|0x000000060fa00000, 0x000000060fa00000, 0x000000060fc00000|  0%| F|  |TAMS 0x000000060fa00000, 0x000000060fa00000| Untracked 
| 119|0x000000060fc00000, 0x000000060fc00000, 0x000000060fe00000|  0%| F|  |TAMS 0x000000060fc00000, 0x000000060fc00000| Untracked 
| 120|0x000000060fe00000, 0x000000060fe00000, 0x0000000610000000|  0%| F|  |TAMS 0x000000060fe00000, 0x000000060fe00000| Untracked 
| 121|0x0000000610000000, 0x0000000610000000, 0x0000000610200000|  0%| F|  |TAMS 0x0000000610000000, 0x0000000610000000| Untracked 
| 122|0x0000000610200000, 0x0000000610200000, 0x0000000610400000|  0%| F|  |TAMS 0x0000000610200000, 0x0000000610200000| Untracked 
| 123|0x0000000610400000, 0x0000000610400000, 0x0000000610600000|  0%| F|  |TAMS 0x0000000610400000, 0x0000000610400000| Untracked 
| 124|0x0000000610600000, 0x0000000610600000, 0x0000000610800000|  0%| F|  |TAMS 0x0000000610600000, 0x0000000610600000| Untracked 
| 125|0x0000000610800000, 0x0000000610800000, 0x0000000610a00000|  0%| F|  |TAMS 0x0000000610800000, 0x0000000610800000| Untracked 
| 126|0x0000000610a00000, 0x0000000610a00000, 0x0000000610c00000|  0%| F|  |TAMS 0x0000000610a00000, 0x0000000610a00000| Untracked 
| 127|0x0000000610c00000, 0x0000000610c00000, 0x0000000610e00000|  0%| F|  |TAMS 0x0000000610c00000, 0x0000000610c00000| Untracked 
| 128|0x0000000610e00000, 0x0000000610e00000, 0x0000000611000000|  0%| F|  |TAMS 0x0000000610e00000, 0x0000000610e00000| Untracked 
| 129|0x0000000611000000, 0x0000000611000000, 0x0000000611200000|  0%| F|  |TAMS 0x0000000611000000, 0x0000000611000000| Untracked 
| 130|0x0000000611200000, 0x0000000611200000, 0x0000000611400000|  0%| F|  |TAMS 0x0000000611200000, 0x0000000611200000| Untracked 
| 131|0x0000000611400000, 0x0000000611400000, 0x0000000611600000|  0%| F|  |TAMS 0x0000000611400000, 0x0000000611400000| Untracked 
| 132|0x0000000611600000, 0x0000000611600000, 0x0000000611800000|  0%| F|  |TAMS 0x0000000611600000, 0x0000000611600000| Untracked 
| 133|0x0000000611800000, 0x0000000611800000, 0x0000000611a00000|  0%| F|  |TAMS 0x0000000611800000, 0x0000000611800000| Untracked 
| 134|0x0000000611a00000, 0x0000000611a00000, 0x0000000611c00000|  0%| F|  |TAMS 0x0000000611a00000, 0x0000000611a00000| Untracked 
| 135|0x0000000611c00000, 0x0000000611c00000, 0x0000000611e00000|  0%| F|  |TAMS 0x0000000611c00000, 0x0000000611c00000| Untracked 
| 136|0x0000000611e00000, 0x0000000611e00000, 0x0000000612000000|  0%| F|  |TAMS 0x0000000611e00000, 0x0000000611e00000| Untracked 
| 137|0x0000000612000000, 0x0000000612000000, 0x0000000612200000|  0%| F|  |TAMS 0x0000000612000000, 0x0000000612000000| Untracked 
| 138|0x0000000612200000, 0x0000000612200000, 0x0000000612400000|  0%| F|  |TAMS 0x0000000612200000, 0x0000000612200000| Untracked 
| 139|0x0000000612400000, 0x0000000612400000, 0x0000000612600000|  0%| F|  |TAMS 0x0000000612400000, 0x0000000612400000| Untracked 
| 140|0x0000000612600000, 0x0000000612600000, 0x0000000612800000|  0%| F|  |TAMS 0x0000000612600000, 0x0000000612600000| Untracked 
| 141|0x0000000612800000, 0x0000000612800000, 0x0000000612a00000|  0%| F|  |TAMS 0x0000000612800000, 0x0000000612800000| Untracked 
| 142|0x0000000612a00000, 0x0000000612a00000, 0x0000000612c00000|  0%| F|  |TAMS 0x0000000612a00000, 0x0000000612a00000| Untracked 
| 143|0x0000000612c00000, 0x0000000612c00000, 0x0000000612e00000|  0%| F|  |TAMS 0x0000000612c00000, 0x0000000612c00000| Untracked 
| 144|0x0000000612e00000, 0x0000000612e00000, 0x0000000613000000|  0%| F|  |TAMS 0x0000000612e00000, 0x0000000612e00000| Untracked 
| 145|0x0000000613000000, 0x0000000613000000, 0x0000000613200000|  0%| F|  |TAMS 0x0000000613000000, 0x0000000613000000| Untracked 
| 146|0x0000000613200000, 0x0000000613200000, 0x0000000613400000|  0%| F|  |TAMS 0x0000000613200000, 0x0000000613200000| Untracked 
| 147|0x0000000613400000, 0x0000000613400000, 0x0000000613600000|  0%| F|  |TAMS 0x0000000613400000, 0x0000000613400000| Untracked 
| 148|0x0000000613600000, 0x0000000613600000, 0x0000000613800000|  0%| F|  |TAMS 0x0000000613600000, 0x0000000613600000| Untracked 
| 149|0x0000000613800000, 0x0000000613800000, 0x0000000613a00000|  0%| F|  |TAMS 0x0000000613800000, 0x0000000613800000| Untracked 
| 150|0x0000000613a00000, 0x0000000613a00000, 0x0000000613c00000|  0%| F|  |TAMS 0x0000000613a00000, 0x0000000613a00000| Untracked 
| 151|0x0000000613c00000, 0x0000000613c00000, 0x0000000613e00000|  0%| F|  |TAMS 0x0000000613c00000, 0x0000000613c00000| Untracked 
| 152|0x0000000613e00000, 0x0000000613e00000, 0x0000000614000000|  0%| F|  |TAMS 0x0000000613e00000, 0x0000000613e00000| Untracked 
| 153|0x0000000614000000, 0x0000000614000000, 0x0000000614200000|  0%| F|  |TAMS 0x0000000614000000, 0x0000000614000000| Untracked 
| 154|0x0000000614200000, 0x0000000614200000, 0x0000000614400000|  0%| F|  |TAMS 0x0000000614200000, 0x0000000614200000| Untracked 
| 155|0x0000000614400000, 0x0000000614400000, 0x0000000614600000|  0%| F|  |TAMS 0x0000000614400000, 0x0000000614400000| Untracked 
| 156|0x0000000614600000, 0x0000000614600000, 0x0000000614800000|  0%| F|  |TAMS 0x0000000614600000, 0x0000000614600000| Untracked 
| 157|0x0000000614800000, 0x0000000614800000, 0x0000000614a00000|  0%| F|  |TAMS 0x0000000614800000, 0x0000000614800000| Untracked 
| 158|0x0000000614a00000, 0x0000000614a00000, 0x0000000614c00000|  0%| F|  |TAMS 0x0000000614a00000, 0x0000000614a00000| Untracked 
| 159|0x0000000614c00000, 0x0000000614c00000, 0x0000000614e00000|  0%| F|  |TAMS 0x0000000614c00000, 0x0000000614c00000| Untracked 
| 160|0x0000000614e00000, 0x0000000614e00000, 0x0000000615000000|  0%| F|  |TAMS 0x0000000614e00000, 0x0000000614e00000| Untracked 
| 161|0x0000000615000000, 0x0000000615000000, 0x0000000615200000|  0%| F|  |TAMS 0x0000000615000000, 0x0000000615000000| Untracked 
| 162|0x0000000615200000, 0x0000000615200000, 0x0000000615400000|  0%| F|  |TAMS 0x0000000615200000, 0x0000000615200000| Untracked 
| 163|0x0000000615400000, 0x0000000615400000, 0x0000000615600000|  0%| F|  |TAMS 0x0000000615400000, 0x0000000615400000| Untracked 
| 164|0x0000000615600000, 0x0000000615600000, 0x0000000615800000|  0%| F|  |TAMS 0x0000000615600000, 0x0000000615600000| Untracked 
| 165|0x0000000615800000, 0x0000000615800000, 0x0000000615a00000|  0%| F|  |TAMS 0x0000000615800000, 0x0000000615800000| Untracked 
| 166|0x0000000615a00000, 0x0000000615a00000, 0x0000000615c00000|  0%| F|  |TAMS 0x0000000615a00000, 0x0000000615a00000| Untracked 
| 167|0x0000000615c00000, 0x0000000615c00000, 0x0000000615e00000|  0%| F|  |TAMS 0x0000000615c00000, 0x0000000615c00000| Untracked 
| 168|0x0000000615e00000, 0x0000000615e00000, 0x0000000616000000|  0%| F|  |TAMS 0x0000000615e00000, 0x0000000615e00000| Untracked 
| 169|0x0000000616000000, 0x0000000616000000, 0x0000000616200000|  0%| F|  |TAMS 0x0000000616000000, 0x0000000616000000| Untracked 
| 170|0x0000000616200000, 0x0000000616200000, 0x0000000616400000|  0%| F|  |TAMS 0x0000000616200000, 0x0000000616200000| Untracked 
| 171|0x0000000616400000, 0x0000000616400000, 0x0000000616600000|  0%| F|  |TAMS 0x0000000616400000, 0x0000000616400000| Untracked 
| 172|0x0000000616600000, 0x0000000616600000, 0x0000000616800000|  0%| F|  |TAMS 0x0000000616600000, 0x0000000616600000| Untracked 
| 173|0x0000000616800000, 0x0000000616800000, 0x0000000616a00000|  0%| F|  |TAMS 0x0000000616800000, 0x0000000616800000| Untracked 
| 174|0x0000000616a00000, 0x0000000616a00000, 0x0000000616c00000|  0%| F|  |TAMS 0x0000000616a00000, 0x0000000616a00000| Untracked 
| 175|0x0000000616c00000, 0x0000000616c00000, 0x0000000616e00000|  0%| F|  |TAMS 0x0000000616c00000, 0x0000000616c00000| Untracked 
| 176|0x0000000616e00000, 0x0000000616e00000, 0x0000000617000000|  0%| F|  |TAMS 0x0000000616e00000, 0x0000000616e00000| Untracked 
| 177|0x0000000617000000, 0x0000000617000000, 0x0000000617200000|  0%| F|  |TAMS 0x0000000617000000, 0x0000000617000000| Untracked 
| 178|0x0000000617200000, 0x0000000617200000, 0x0000000617400000|  0%| F|  |TAMS 0x0000000617200000, 0x0000000617200000| Untracked 
| 179|0x0000000617400000, 0x0000000617400000, 0x0000000617600000|  0%| F|  |TAMS 0x0000000617400000, 0x0000000617400000| Untracked 
| 180|0x0000000617600000, 0x0000000617600000, 0x0000000617800000|  0%| F|  |TAMS 0x0000000617600000, 0x0000000617600000| Untracked 
| 181|0x0000000617800000, 0x0000000617800000, 0x0000000617a00000|  0%| F|  |TAMS 0x0000000617800000, 0x0000000617800000| Untracked 
| 182|0x0000000617a00000, 0x0000000617a00000, 0x0000000617c00000|  0%| F|  |TAMS 0x0000000617a00000, 0x0000000617a00000| Untracked 
| 183|0x0000000617c00000, 0x0000000617c00000, 0x0000000617e00000|  0%| F|  |TAMS 0x0000000617c00000, 0x0000000617c00000| Untracked 
| 184|0x0000000617e00000, 0x0000000617e00000, 0x0000000618000000|  0%| F|  |TAMS 0x0000000617e00000, 0x0000000617e00000| Untracked 
| 185|0x0000000618000000, 0x0000000618000000, 0x0000000618200000|  0%| F|  |TAMS 0x0000000618000000, 0x0000000618000000| Untracked 
| 186|0x0000000618200000, 0x0000000618200000, 0x0000000618400000|  0%| F|  |TAMS 0x0000000618200000, 0x0000000618200000| Untracked 
| 187|0x0000000618400000, 0x0000000618400000, 0x0000000618600000|  0%| F|  |TAMS 0x0000000618400000, 0x0000000618400000| Untracked 
| 188|0x0000000618600000, 0x0000000618600000, 0x0000000618800000|  0%| F|  |TAMS 0x0000000618600000, 0x0000000618600000| Untracked 
| 189|0x0000000618800000, 0x0000000618800000, 0x0000000618a00000|  0%| F|  |TAMS 0x0000000618800000, 0x0000000618800000| Untracked 
| 190|0x0000000618a00000, 0x0000000618a00000, 0x0000000618c00000|  0%| F|  |TAMS 0x0000000618a00000, 0x0000000618a00000| Untracked 
| 191|0x0000000618c00000, 0x0000000618c00000, 0x0000000618e00000|  0%| F|  |TAMS 0x0000000618c00000, 0x0000000618c00000| Untracked 
| 192|0x0000000618e00000, 0x0000000618e00000, 0x0000000619000000|  0%| F|  |TAMS 0x0000000618e00000, 0x0000000618e00000| Untracked 
| 193|0x0000000619000000, 0x0000000619000000, 0x0000000619200000|  0%| F|  |TAMS 0x0000000619000000, 0x0000000619000000| Untracked 
| 194|0x0000000619200000, 0x0000000619200000, 0x0000000619400000|  0%| F|  |TAMS 0x0000000619200000, 0x0000000619200000| Untracked 
| 195|0x0000000619400000, 0x0000000619400000, 0x0000000619600000|  0%| F|  |TAMS 0x0000000619400000, 0x0000000619400000| Untracked 
| 196|0x0000000619600000, 0x0000000619600000, 0x0000000619800000|  0%| F|  |TAMS 0x0000000619600000, 0x0000000619600000| Untracked 
| 197|0x0000000619800000, 0x0000000619800000, 0x0000000619a00000|  0%| F|  |TAMS 0x0000000619800000, 0x0000000619800000| Untracked 
| 198|0x0000000619a00000, 0x0000000619a00000, 0x0000000619c00000|  0%| F|  |TAMS 0x0000000619a00000, 0x0000000619a00000| Untracked 
| 199|0x0000000619c00000, 0x0000000619c00000, 0x0000000619e00000|  0%| F|  |TAMS 0x0000000619c00000, 0x0000000619c00000| Untracked 
| 200|0x0000000619e00000, 0x0000000619e00000, 0x000000061a000000|  0%| F|  |TAMS 0x0000000619e00000, 0x0000000619e00000| Untracked 
| 201|0x000000061a000000, 0x000000061a000000, 0x000000061a200000|  0%| F|  |TAMS 0x000000061a000000, 0x000000061a000000| Untracked 
| 202|0x000000061a200000, 0x000000061a200000, 0x000000061a400000|  0%| F|  |TAMS 0x000000061a200000, 0x000000061a200000| Untracked 
| 203|0x000000061a400000, 0x000000061a400000, 0x000000061a600000|  0%| F|  |TAMS 0x000000061a400000, 0x000000061a400000| Untracked 
| 204|0x000000061a600000, 0x000000061a600000, 0x000000061a800000|  0%| F|  |TAMS 0x000000061a600000, 0x000000061a600000| Untracked 
| 205|0x000000061a800000, 0x000000061a800000, 0x000000061aa00000|  0%| F|  |TAMS 0x000000061a800000, 0x000000061a800000| Untracked 
| 206|0x000000061aa00000, 0x000000061aa00000, 0x000000061ac00000|  0%| F|  |TAMS 0x000000061aa00000, 0x000000061aa00000| Untracked 
| 207|0x000000061ac00000, 0x000000061ac00000, 0x000000061ae00000|  0%| F|  |TAMS 0x000000061ac00000, 0x000000061ac00000| Untracked 
| 208|0x000000061ae00000, 0x000000061ae00000, 0x000000061b000000|  0%| F|  |TAMS 0x000000061ae00000, 0x000000061ae00000| Untracked 
| 209|0x000000061b000000, 0x000000061b000000, 0x000000061b200000|  0%| F|  |TAMS 0x000000061b000000, 0x000000061b000000| Untracked 
| 210|0x000000061b200000, 0x000000061b200000, 0x000000061b400000|  0%| F|  |TAMS 0x000000061b200000, 0x000000061b200000| Untracked 
| 211|0x000000061b400000, 0x000000061b400000, 0x000000061b600000|  0%| F|  |TAMS 0x000000061b400000, 0x000000061b400000| Untracked 
| 212|0x000000061b600000, 0x000000061b600000, 0x000000061b800000|  0%| F|  |TAMS 0x000000061b600000, 0x000000061b600000| Untracked 
| 213|0x000000061b800000, 0x000000061b800000, 0x000000061ba00000|  0%| F|  |TAMS 0x000000061b800000, 0x000000061b800000| Untracked 
| 214|0x000000061ba00000, 0x000000061ba00000, 0x000000061bc00000|  0%| F|  |TAMS 0x000000061ba00000, 0x000000061ba00000| Untracked 
| 215|0x000000061bc00000, 0x000000061bc00000, 0x000000061be00000|  0%| F|  |TAMS 0x000000061bc00000, 0x000000061bc00000| Untracked 
| 216|0x000000061be00000, 0x000000061be00000, 0x000000061c000000|  0%| F|  |TAMS 0x000000061be00000, 0x000000061be00000| Untracked 
| 217|0x000000061c000000, 0x000000061c000000, 0x000000061c200000|  0%| F|  |TAMS 0x000000061c000000, 0x000000061c000000| Untracked 
| 218|0x000000061c200000, 0x000000061c200000, 0x000000061c400000|  0%| F|  |TAMS 0x000000061c200000, 0x000000061c200000| Untracked 
| 219|0x000000061c400000, 0x000000061c400000, 0x000000061c600000|  0%| F|  |TAMS 0x000000061c400000, 0x000000061c400000| Untracked 
| 220|0x000000061c600000, 0x000000061c600000, 0x000000061c800000|  0%| F|  |TAMS 0x000000061c600000, 0x000000061c600000| Untracked 
| 221|0x000000061c800000, 0x000000061c800000, 0x000000061ca00000|  0%| F|  |TAMS 0x000000061c800000, 0x000000061c800000| Untracked 
| 222|0x000000061ca00000, 0x000000061ca00000, 0x000000061cc00000|  0%| F|  |TAMS 0x000000061ca00000, 0x000000061ca00000| Untracked 
| 223|0x000000061cc00000, 0x000000061cc00000, 0x000000061ce00000|  0%| F|  |TAMS 0x000000061cc00000, 0x000000061cc00000| Untracked 
| 224|0x000000061ce00000, 0x000000061ce00000, 0x000000061d000000|  0%| F|  |TAMS 0x000000061ce00000, 0x000000061ce00000| Untracked 
| 225|0x000000061d000000, 0x000000061d000000, 0x000000061d200000|  0%| F|  |TAMS 0x000000061d000000, 0x000000061d000000| Untracked 
| 226|0x000000061d200000, 0x000000061d200000, 0x000000061d400000|  0%| F|  |TAMS 0x000000061d200000, 0x000000061d200000| Untracked 
| 227|0x000000061d400000, 0x000000061d400000, 0x000000061d600000|  0%| F|  |TAMS 0x000000061d400000, 0x000000061d400000| Untracked 
| 228|0x000000061d600000, 0x000000061d600000, 0x000000061d800000|  0%| F|  |TAMS 0x000000061d600000, 0x000000061d600000| Untracked 
| 229|0x000000061d800000, 0x000000061d800000, 0x000000061da00000|  0%| F|  |TAMS 0x000000061d800000, 0x000000061d800000| Untracked 
| 230|0x000000061da00000, 0x000000061da00000, 0x000000061dc00000|  0%| F|  |TAMS 0x000000061da00000, 0x000000061da00000| Untracked 
| 231|0x000000061dc00000, 0x000000061dc00000, 0x000000061de00000|  0%| F|  |TAMS 0x000000061dc00000, 0x000000061dc00000| Untracked 
| 232|0x000000061de00000, 0x000000061de00000, 0x000000061e000000|  0%| F|  |TAMS 0x000000061de00000, 0x000000061de00000| Untracked 
| 233|0x000000061e000000, 0x000000061e000000, 0x000000061e200000|  0%| F|  |TAMS 0x000000061e000000, 0x000000061e000000| Untracked 
| 234|0x000000061e200000, 0x000000061e200000, 0x000000061e400000|  0%| F|  |TAMS 0x000000061e200000, 0x000000061e200000| Untracked 
| 235|0x000000061e400000, 0x000000061e400000, 0x000000061e600000|  0%| F|  |TAMS 0x000000061e400000, 0x000000061e400000| Untracked 
| 236|0x000000061e600000, 0x000000061e600000, 0x000000061e800000|  0%| F|  |TAMS 0x000000061e600000, 0x000000061e600000| Untracked 
| 237|0x000000061e800000, 0x000000061e800000, 0x000000061ea00000|  0%| F|  |TAMS 0x000000061e800000, 0x000000061e800000| Untracked 
| 238|0x000000061ea00000, 0x000000061ea00000, 0x000000061ec00000|  0%| F|  |TAMS 0x000000061ea00000, 0x000000061ea00000| Untracked 
| 239|0x000000061ec00000, 0x000000061ec00000, 0x000000061ee00000|  0%| F|  |TAMS 0x000000061ec00000, 0x000000061ec00000| Untracked 
| 240|0x000000061ee00000, 0x000000061ee00000, 0x000000061f000000|  0%| F|  |TAMS 0x000000061ee00000, 0x000000061ee00000| Untracked 
| 241|0x000000061f000000, 0x000000061f000000, 0x000000061f200000|  0%| F|  |TAMS 0x000000061f000000, 0x000000061f000000| Untracked 
| 242|0x000000061f200000, 0x000000061f200000, 0x000000061f400000|  0%| F|  |TAMS 0x000000061f200000, 0x000000061f200000| Untracked 
| 243|0x000000061f400000, 0x000000061f400000, 0x000000061f600000|  0%| F|  |TAMS 0x000000061f400000, 0x000000061f400000| Untracked 
| 244|0x000000061f600000, 0x000000061f600000, 0x000000061f800000|  0%| F|  |TAMS 0x000000061f600000, 0x000000061f600000| Untracked 
| 245|0x000000061f800000, 0x000000061f800000, 0x000000061fa00000|  0%| F|  |TAMS 0x000000061f800000, 0x000000061f800000| Untracked 
| 246|0x000000061fa00000, 0x000000061fa00000, 0x000000061fc00000|  0%| F|  |TAMS 0x000000061fa00000, 0x000000061fa00000| Untracked 
| 247|0x000000061fc00000, 0x000000061fc00000, 0x000000061fe00000|  0%| F|  |TAMS 0x000000061fc00000, 0x000000061fc00000| Untracked 
| 248|0x000000061fe00000, 0x000000061fe00000, 0x0000000620000000|  0%| F|  |TAMS 0x000000061fe00000, 0x000000061fe00000| Untracked 
| 249|0x0000000620000000, 0x0000000620000000, 0x0000000620200000|  0%| F|  |TAMS 0x0000000620000000, 0x0000000620000000| Untracked 
| 250|0x0000000620200000, 0x0000000620200000, 0x0000000620400000|  0%| F|  |TAMS 0x0000000620200000, 0x0000000620200000| Untracked 
| 251|0x0000000620400000, 0x0000000620400000, 0x0000000620600000|  0%| F|  |TAMS 0x0000000620400000, 0x0000000620400000| Untracked 
| 252|0x0000000620600000, 0x0000000620600000, 0x0000000620800000|  0%| F|  |TAMS 0x0000000620600000, 0x0000000620600000| Untracked 
| 253|0x0000000620800000, 0x0000000620800000, 0x0000000620a00000|  0%| F|  |TAMS 0x0000000620800000, 0x0000000620800000| Untracked 
| 254|0x0000000620a00000, 0x0000000620a00000, 0x0000000620c00000|  0%| F|  |TAMS 0x0000000620a00000, 0x0000000620a00000| Untracked 
| 255|0x0000000620c00000, 0x0000000620c00000, 0x0000000620e00000|  0%| F|  |TAMS 0x0000000620c00000, 0x0000000620c00000| Untracked 
| 256|0x0000000620e00000, 0x0000000620e00000, 0x0000000621000000|  0%| F|  |TAMS 0x0000000620e00000, 0x0000000620e00000| Untracked 
| 257|0x0000000621000000, 0x0000000621000000, 0x0000000621200000|  0%| F|  |TAMS 0x0000000621000000, 0x0000000621000000| Untracked 
| 258|0x0000000621200000, 0x0000000621200000, 0x0000000621400000|  0%| F|  |TAMS 0x0000000621200000, 0x0000000621200000| Untracked 
| 259|0x0000000621400000, 0x0000000621400000, 0x0000000621600000|  0%| F|  |TAMS 0x0000000621400000, 0x0000000621400000| Untracked 
| 260|0x0000000621600000, 0x0000000621600000, 0x0000000621800000|  0%| F|  |TAMS 0x0000000621600000, 0x0000000621600000| Untracked 
| 261|0x0000000621800000, 0x0000000621800000, 0x0000000621a00000|  0%| F|  |TAMS 0x0000000621800000, 0x0000000621800000| Untracked 
| 262|0x0000000621a00000, 0x0000000621a00000, 0x0000000621c00000|  0%| F|  |TAMS 0x0000000621a00000, 0x0000000621a00000| Untracked 
| 263|0x0000000621c00000, 0x0000000621c00000, 0x0000000621e00000|  0%| F|  |TAMS 0x0000000621c00000, 0x0000000621c00000| Untracked 
| 264|0x0000000621e00000, 0x0000000621e00000, 0x0000000622000000|  0%| F|  |TAMS 0x0000000621e00000, 0x0000000621e00000| Untracked 
| 265|0x0000000622000000, 0x0000000622000000, 0x0000000622200000|  0%| F|  |TAMS 0x0000000622000000, 0x0000000622000000| Untracked 
| 266|0x0000000622200000, 0x0000000622200000, 0x0000000622400000|  0%| F|  |TAMS 0x0000000622200000, 0x0000000622200000| Untracked 
| 267|0x0000000622400000, 0x0000000622400000, 0x0000000622600000|  0%| F|  |TAMS 0x0000000622400000, 0x0000000622400000| Untracked 
| 268|0x0000000622600000, 0x0000000622600000, 0x0000000622800000|  0%| F|  |TAMS 0x0000000622600000, 0x0000000622600000| Untracked 
| 269|0x0000000622800000, 0x0000000622800000, 0x0000000622a00000|  0%| F|  |TAMS 0x0000000622800000, 0x0000000622800000| Untracked 
| 270|0x0000000622a00000, 0x0000000622a00000, 0x0000000622c00000|  0%| F|  |TAMS 0x0000000622a00000, 0x0000000622a00000| Untracked 
| 271|0x0000000622c00000, 0x0000000622c00000, 0x0000000622e00000|  0%| F|  |TAMS 0x0000000622c00000, 0x0000000622c00000| Untracked 
| 272|0x0000000622e00000, 0x0000000622e00000, 0x0000000623000000|  0%| F|  |TAMS 0x0000000622e00000, 0x0000000622e00000| Untracked 
| 273|0x0000000623000000, 0x0000000623000000, 0x0000000623200000|  0%| F|  |TAMS 0x0000000623000000, 0x0000000623000000| Untracked 
| 274|0x0000000623200000, 0x0000000623200000, 0x0000000623400000|  0%| F|  |TAMS 0x0000000623200000, 0x0000000623200000| Untracked 
| 275|0x0000000623400000, 0x0000000623400000, 0x0000000623600000|  0%| F|  |TAMS 0x0000000623400000, 0x0000000623400000| Untracked 
| 276|0x0000000623600000, 0x0000000623600000, 0x0000000623800000|  0%| F|  |TAMS 0x0000000623600000, 0x0000000623600000| Untracked 
| 277|0x0000000623800000, 0x0000000623800000, 0x0000000623a00000|  0%| F|  |TAMS 0x0000000623800000, 0x0000000623800000| Untracked 
| 278|0x0000000623a00000, 0x0000000623a00000, 0x0000000623c00000|  0%| F|  |TAMS 0x0000000623a00000, 0x0000000623a00000| Untracked 
| 279|0x0000000623c00000, 0x0000000623c00000, 0x0000000623e00000|  0%| F|  |TAMS 0x0000000623c00000, 0x0000000623c00000| Untracked 
| 280|0x0000000623e00000, 0x0000000623e00000, 0x0000000624000000|  0%| F|  |TAMS 0x0000000623e00000, 0x0000000623e00000| Untracked 
| 281|0x0000000624000000, 0x0000000624000000, 0x0000000624200000|  0%| F|  |TAMS 0x0000000624000000, 0x0000000624000000| Untracked 
| 282|0x0000000624200000, 0x0000000624200000, 0x0000000624400000|  0%| F|  |TAMS 0x0000000624200000, 0x0000000624200000| Untracked 
| 283|0x0000000624400000, 0x0000000624400000, 0x0000000624600000|  0%| F|  |TAMS 0x0000000624400000, 0x0000000624400000| Untracked 
| 284|0x0000000624600000, 0x0000000624600000, 0x0000000624800000|  0%| F|  |TAMS 0x0000000624600000, 0x0000000624600000| Untracked 
| 285|0x0000000624800000, 0x0000000624800000, 0x0000000624a00000|  0%| F|  |TAMS 0x0000000624800000, 0x0000000624800000| Untracked 
| 286|0x0000000624a00000, 0x0000000624a00000, 0x0000000624c00000|  0%| F|  |TAMS 0x0000000624a00000, 0x0000000624a00000| Untracked 
| 287|0x0000000624c00000, 0x0000000624d85210, 0x0000000624e00000| 76%| S|CS|TAMS 0x0000000624c00000, 0x0000000624c00000| Complete 
| 288|0x0000000624e00000, 0x0000000625000000, 0x0000000625000000|100%| S|CS|TAMS 0x0000000624e00000, 0x0000000624e00000| Complete 
| 289|0x0000000625000000, 0x0000000625200000, 0x0000000625200000|100%| S|CS|TAMS 0x0000000625000000, 0x0000000625000000| Complete 
| 290|0x0000000625200000, 0x0000000625400000, 0x0000000625400000|100%| S|CS|TAMS 0x0000000625200000, 0x0000000625200000| Complete 
| 291|0x0000000625400000, 0x0000000625600000, 0x0000000625600000|100%| S|CS|TAMS 0x0000000625400000, 0x0000000625400000| Complete 
| 292|0x0000000625600000, 0x0000000625600000, 0x0000000625800000|  0%| F|  |TAMS 0x0000000625600000, 0x0000000625600000| Untracked 
| 293|0x0000000625800000, 0x0000000625800000, 0x0000000625a00000|  0%| F|  |TAMS 0x0000000625800000, 0x0000000625800000| Untracked 
| 294|0x0000000625a00000, 0x0000000625a00000, 0x0000000625c00000|  0%| F|  |TAMS 0x0000000625a00000, 0x0000000625a00000| Untracked 
| 295|0x0000000625c00000, 0x0000000625c00000, 0x0000000625e00000|  0%| F|  |TAMS 0x0000000625c00000, 0x0000000625c00000| Untracked 
| 296|0x0000000625e00000, 0x0000000625e00000, 0x0000000626000000|  0%| F|  |TAMS 0x0000000625e00000, 0x0000000625e00000| Untracked 
| 297|0x0000000626000000, 0x0000000626000000, 0x0000000626200000|  0%| F|  |TAMS 0x0000000626000000, 0x0000000626000000| Untracked 
| 298|0x0000000626200000, 0x0000000626200000, 0x0000000626400000|  0%| F|  |TAMS 0x0000000626200000, 0x0000000626200000| Untracked 
| 299|0x0000000626400000, 0x0000000626400000, 0x0000000626600000|  0%| F|  |TAMS 0x0000000626400000, 0x0000000626400000| Untracked 
| 300|0x0000000626600000, 0x0000000626600000, 0x0000000626800000|  0%| F|  |TAMS 0x0000000626600000, 0x0000000626600000| Untracked 
| 301|0x0000000626800000, 0x0000000626800000, 0x0000000626a00000|  0%| F|  |TAMS 0x0000000626800000, 0x0000000626800000| Untracked 
| 302|0x0000000626a00000, 0x0000000626a00000, 0x0000000626c00000|  0%| F|  |TAMS 0x0000000626a00000, 0x0000000626a00000| Untracked 
| 303|0x0000000626c00000, 0x0000000626d2ca40, 0x0000000626e00000| 58%| E|  |TAMS 0x0000000626c00000, 0x0000000626c00000| Complete 
| 304|0x0000000626e00000, 0x0000000627000000, 0x0000000627000000|100%| E|CS|TAMS 0x0000000626e00000, 0x0000000626e00000| Complete 
| 305|0x0000000627000000, 0x0000000627200000, 0x0000000627200000|100%| E|CS|TAMS 0x0000000627000000, 0x0000000627000000| Complete 
| 306|0x0000000627200000, 0x0000000627400000, 0x0000000627400000|100%| E|CS|TAMS 0x0000000627200000, 0x0000000627200000| Complete 
| 307|0x0000000627400000, 0x0000000627600000, 0x0000000627600000|100%| E|CS|TAMS 0x0000000627400000, 0x0000000627400000| Complete 

Card table byte_map: [0x0000021dbf2c0000,0x0000021dc02c0000] _byte_map_base: 0x0000021dbc2b9000

Marking Bits (Prev, Next): (CMBitMap*) 0x0000021da647da80, (CMBitMap*) 0x0000021da647da48
 Prev Bits: [0x0000021dc9290000, 0x0000021dd1258000)
 Next Bits: [0x0000021dc12c0000, 0x0000021dc9288000)

Polling page: 0x0000021da43b0000

Metaspace:

Usage:
  Non-class:     51.79 MB capacity,    50.80 MB ( 98%) used,   754.05 KB (  1%) free+waste,   262.56 KB ( <1%) overhead. 
      Class:      8.58 MB capacity,     7.45 MB ( 87%) used,  1004.21 KB ( 11%) free+waste,   148.81 KB (  2%) overhead. 
       Both:     60.36 MB capacity,    58.25 MB ( 96%) used,     1.72 MB (  3%) free+waste,   411.38 KB ( <1%) overhead. 

Virtual space:
  Non-class space:       52.00 MB reserved,      51.95 MB (>99%) committed 
      Class space:        1.00 GB reserved,       8.63 MB ( <1%) committed 
             Both:        1.05 GB reserved,      60.57 MB (  6%) committed 

Chunk freelists:
   Non-Class:  36.00 KB
       Class:  19.00 KB
        Both:  55.00 KB

MaxMetaspaceSize: 17179869184.00 GB
CompressedClassSpaceSize: 1.00 GB

CodeHeap 'non-profiled nmethods': size=119168Kb used=2006Kb max_used=2006Kb free=117162Kb
 bounds [0x0000021db65e0000, 0x0000021db6850000, 0x0000021dbda40000]
CodeHeap 'profiled nmethods': size=119168Kb used=8301Kb max_used=8301Kb free=110866Kb
 bounds [0x0000021daf180000, 0x0000021daf9a0000, 0x0000021db65e0000]
CodeHeap 'non-nmethods': size=7424Kb used=2930Kb max_used=2965Kb free=4493Kb
 bounds [0x0000021daea40000, 0x0000021daed30000, 0x0000021daf180000]
 total_blobs=5670 nmethods=3826 adapters=517
 compilation: enabled
              stopped_count=0, restarted_count=0
 full_count=0

Compilation events (20 events):
Event: 3.341 Thread 0x0000021dd4f1a800 nmethod 3820 0x0000021daf999690 code [0x0000021daf999840, 0x0000021daf9999b8]
Event: 3.341 Thread 0x0000021dd55e7800 nmethod 3819 0x0000021daf999a90 code [0x0000021daf999c40, 0x0000021daf999e38]
Event: 3.341 Thread 0x0000021dd4f19800 3821       3       akka.actor.Actor$::noSender (4 bytes)
Event: 3.342 Thread 0x0000021dd4f19800 nmethod 3821 0x0000021daf999f10 code [0x0000021daf99a0c0, 0x0000021daf99a238]
Event: 3.342 Thread 0x0000021dd4f19800 3822       3       java.util.concurrent.locks.AbstractQueuedSynchronizer::acquire (27 bytes)
Event: 3.342 Thread 0x0000021dd4d92000 3823       1       akka.stream.impl.fusing.GraphInterpreterShell$AsyncInput::akka$stream$impl$fusing$GraphInterpreterShell$AsyncInput$$$outer (5 bytes)
Event: 3.342 Thread 0x0000021dd4d92000 nmethod 3823 0x0000021db67ca010 code [0x0000021db67ca1c0, 0x0000021db67ca2d8]
Event: 3.342 Thread 0x0000021dd4f19800 nmethod 3822 0x0000021daf99a310 code [0x0000021daf99a500, 0x0000021daf99a960]
Event: 3.343 Thread 0x0000021dd78f1000 nmethod 3737 0x0000021db67ca390 code [0x0000021db67ca5e0, 0x0000021db67cdf08]
Event: 3.343 Thread 0x0000021dd78f1000 3824       4       jdk.internal.org.objectweb.asm.MethodWriter::getSize (838 bytes)
Event: 3.344 Thread 0x0000021dd4f1a800 3825       3       java.util.Calendar::get (10 bytes)
Event: 3.344 Thread 0x0000021dd4d92000 3826       3       java.util.Calendar::getBaseStyle (5 bytes)
Event: 3.344 Thread 0x0000021dd4f19800 3827       1       ch.qos.logback.core.UnsynchronizedAppenderBase::isStarted (5 bytes)
Event: 3.344 Thread 0x0000021dd4d92000 nmethod 3826 0x0000021daf99aa90 code [0x0000021daf99ac40, 0x0000021daf99adb8]
Event: 3.344 Thread 0x0000021dd4f19800 nmethod 3827 0x0000021db67cec10 code [0x0000021db67cedc0, 0x0000021db67ceed8]
Event: 3.344 Thread 0x0000021dd4f1a800 nmethod 3825 0x0000021daf99ae90 code [0x0000021daf99b060, 0x0000021daf99b330]
Event: 3.348 Thread 0x0000021dd78f1000 nmethod 3824 0x0000021db67cef90 code [0x0000021db67cf1a0, 0x0000021db67cf730]
Event: 3.348 Thread 0x0000021dd78f1000 3828       4       java.util.ImmutableCollections$Set12::contains (28 bytes)
Event: 3.350 Thread 0x0000021dd78f1000 nmethod 3828 0x0000021db67cfc10 code [0x0000021db67cfdc0, 0x0000021db67d0258]
Event: 3.356 Thread 0x0000021dd78f1000 3829   !   4       java.util.concurrent.ConcurrentHashMap::putVal (432 bytes)

GC Heap History (12 events):
Event: 0.518 GC heap before
{Heap before GC invocations=0 (full 0):
 garbage-first heap   total 524288K, used 24576K [0x0000000600e00000, 0x0000000800000000)
  region size 2048K, 12 young (24576K), 0 survivors (0K)
 Metaspace       used 9640K, capacity 9807K, committed 9984K, reserved 1058816K
  class space    used 851K, capacity 907K, committed 1024K, reserved 1048576K
}
Event: 0.534 GC heap after
{Heap after GC invocations=1 (full 0):
 garbage-first heap   total 524288K, used 5570K [0x0000000600e00000, 0x0000000800000000)
  region size 2048K, 2 young (4096K), 2 survivors (4096K)
 Metaspace       used 9640K, capacity 9807K, committed 9984K, reserved 1058816K
  class space    used 851K, capacity 907K, committed 1024K, reserved 1048576K
}
Event: 1.199 GC heap before
{Heap before GC invocations=1 (full 0):
 garbage-first heap   total 524288K, used 42434K [0x0000000600e00000, 0x0000000800000000)
  region size 2048K, 21 young (43008K), 2 survivors (4096K)
 Metaspace       used 20773K, capacity 21084K, committed 21248K, reserved 1069056K
  class space    used 2271K, capacity 2438K, committed 2560K, reserved 1048576K
}
Event: 1.204 GC heap after
{Heap after GC invocations=2 (full 0):
 garbage-first heap   total 524288K, used 7335K [0x0000000600e00000, 0x0000000800000000)
  region size 2048K, 3 young (6144K), 3 survivors (6144K)
 Metaspace       used 20773K, capacity 21084K, committed 21248K, reserved 1069056K
  class space    used 2271K, capacity 2438K, committed 2560K, reserved 1048576K
}
Event: 1.900 GC heap before
{Heap before GC invocations=3 (full 0):
 garbage-first heap   total 524288K, used 48295K [0x0000000600e00000, 0x0000000800000000)
  region size 2048K, 24 young (49152K), 3 survivors (6144K)
 Metaspace       used 32164K, capacity 33024K, committed 33280K, reserved 1079296K
  class space    used 3833K, capacity 4229K, committed 4352K, reserved 1048576K
}
Event: 1.905 GC heap after
{Heap after GC invocations=4 (full 0):
 garbage-first heap   total 524288K, used 10289K [0x0000000600e00000, 0x0000000800000000)
  region size 2048K, 3 young (6144K), 3 survivors (6144K)
 Metaspace       used 32164K, capacity 33024K, committed 33280K, reserved 1079296K
  class space    used 3833K, capacity 4229K, committed 4352K, reserved 1048576K
}
Event: 2.015 GC heap before
{Heap before GC invocations=4 (full 0):
 garbage-first heap   total 524288K, used 16433K [0x0000000600e00000, 0x0000000800000000)
  region size 2048K, 7 young (14336K), 3 survivors (6144K)
 Metaspace       used 34817K, capacity 35824K, committed 35840K, reserved 1081344K
  class space    used 4164K, capacity 4598K, committed 4608K, reserved 1048576K
}
Event: 2.020 GC heap after
{Heap after GC invocations=5 (full 0):
 garbage-first heap   total 524288K, used 10916K [0x0000000600e00000, 0x0000000800000000)
  region size 2048K, 3 young (6144K), 3 survivors (6144K)
 Metaspace       used 34817K, capacity 35824K, committed 35840K, reserved 1081344K
  class space    used 4164K, capacity 4598K, committed 4608K, reserved 1048576K
}
Event: 2.766 GC heap before
{Heap before GC invocations=6 (full 0):
 garbage-first heap   total 524288K, used 82596K [0x0000000600e00000, 0x0000000800000000)
  region size 2048K, 38 young (77824K), 3 survivors (6144K)
 Metaspace       used 50029K, capacity 51754K, committed 51916K, reserved 1093632K
  class space    used 6415K, capacity 7331K, committed 7424K, reserved 1048576K
}
Event: 2.773 GC heap after
{Heap after GC invocations=7 (full 0):
 garbage-first heap   total 630784K, used 13585K [0x0000000600e00000, 0x0000000800000000)
  region size 2048K, 4 young (8192K), 4 survivors (8192K)
 Metaspace       used 50029K, capacity 51754K, committed 51916K, reserved 1093632K
  class space    used 6415K, capacity 7331K, committed 7424K, reserved 1048576K
}
Event: 3.222 GC heap before
{Heap before GC invocations=7 (full 0):
 garbage-first heap   total 630784K, used 42257K [0x0000000600e00000, 0x0000000800000000)
  region size 2048K, 20 young (40960K), 4 survivors (8192K)
 Metaspace       used 58096K, capacity 60110K, committed 60236K, reserved 1101824K
  class space    used 7400K, capacity 8493K, committed 8576K, reserved 1048576K
}
Event: 3.232 GC heap after
{Heap after GC invocations=8 (full 0):
 garbage-first heap   total 630784K, used 15272K [0x0000000600e00000, 0x0000000800000000)
  region size 2048K, 5 young (10240K), 5 survivors (10240K)
 Metaspace       used 58096K, capacity 60110K, committed 60236K, reserved 1101824K
  class space    used 7400K, capacity 8493K, committed 8576K, reserved 1048576K
}

Deoptimization events (20 events):
Event: 3.249 Thread 0x0000021dd7220000 Uncommon trap: trap_request=0xffffff4d fr.pc=0x0000021db66ffdac relative=0x00000000000003ec
Event: 3.249 Thread 0x0000021dd7220000 Uncommon trap: reason=unstable_if action=reinterpret pc=0x0000021db66ffdac method=java.lang.StringLatin1.compareToCI([B[B)I @ 68 c2
Event: 3.249 Thread 0x0000021dd7220000 DEOPT PACKING pc=0x0000021db66ffdac sp=0x000000dde9ef7500
Event: 3.249 Thread 0x0000021dd7220000 DEOPT UNPACKING pc=0x0000021daea691af sp=0x000000dde9ef7478 mode 2
Event: 3.303 Thread 0x0000021dd7220000 Uncommon trap: trap_request=0xffffff4d fr.pc=0x0000021db6611824 relative=0x00000000000004e4
Event: 3.303 Thread 0x0000021dd7220000 Uncommon trap: reason=unstable_if action=reinterpret pc=0x0000021db6611824 method=java.lang.String.substring(II)Ljava/lang/String; @ 31 c2
Event: 3.303 Thread 0x0000021dd7220000 DEOPT PACKING pc=0x0000021db6611824 sp=0x000000dde9efcf50
Event: 3.303 Thread 0x0000021dd7220000 DEOPT UNPACKING pc=0x0000021daea691af sp=0x000000dde9efcf20 mode 2
Event: 3.343 Thread 0x0000021dd7220000 Uncommon trap: trap_request=0xffffff6e fr.pc=0x0000021db67c7d90 relative=0x0000000000001690
Event: 3.343 Thread 0x0000021dd7220000 Uncommon trap: reason=speculate_class_check action=maybe_recompile pc=0x0000021db67c7d90 method=jdk.internal.loader.Resource.getBytes()[B @ 10 c2
Event: 3.343 Thread 0x0000021dd7220000 DEOPT PACKING pc=0x0000021db67c7d90 sp=0x000000dde9efd230
Event: 3.343 Thread 0x0000021dd7220000 DEOPT UNPACKING pc=0x0000021daea691af sp=0x000000dde9efd208 mode 2
Event: 3.345 Thread 0x0000021dd7220000 Uncommon trap: trap_request=0xffffff6e fr.pc=0x0000021db67c7d90 relative=0x0000000000001690
Event: 3.345 Thread 0x0000021dd7220000 Uncommon trap: reason=speculate_class_check action=maybe_recompile pc=0x0000021db67c7d90 method=jdk.internal.loader.Resource.getBytes()[B @ 10 c2
Event: 3.345 Thread 0x0000021dd7220000 DEOPT PACKING pc=0x0000021db67c7d90 sp=0x000000dde9efb530
Event: 3.345 Thread 0x0000021dd7220000 DEOPT UNPACKING pc=0x0000021daea691af sp=0x000000dde9efb508 mode 2
Event: 3.349 Thread 0x0000021dd7220000 Uncommon trap: trap_request=0xffffff6e fr.pc=0x0000021db67c7d90 relative=0x0000000000001690
Event: 3.349 Thread 0x0000021dd7220000 Uncommon trap: reason=speculate_class_check action=maybe_recompile pc=0x0000021db67c7d90 method=jdk.internal.loader.Resource.getBytes()[B @ 10 c2
Event: 3.349 Thread 0x0000021dd7220000 DEOPT PACKING pc=0x0000021db67c7d90 sp=0x000000dde9efd590
Event: 3.349 Thread 0x0000021dd7220000 DEOPT UNPACKING pc=0x0000021daea691af sp=0x000000dde9efd568 mode 2

Classes redefined (0 events):
No events

Internal exceptions (20 events):
Event: 1.990 Thread 0x0000021da63f6800 Exception <a 'java/lang/NoSuchMethodError'{0x000000062099da88}: 'java.lang.Object java.lang.invoke.DirectMethodHandle$Holder.invokeStatic(java.lang.Object, java.lang.Object, java.lang.Object, java.lang.Object, java.lang.Object, java.lang.Object, java.lang
Event: 1.998 Thread 0x0000021da63f6800 Exception <a 'java/lang/NoSuchMethodError'{0x00000006209fa3e8}: 'void java.lang.invoke.DirectMethodHandle$Holder.invokeStatic(java.lang.Object, java.lang.Object, java.lang.Object, java.lang.Object, java.lang.Object)'> (0x00000006209fa3e8) thrown at [c:/cy
Event: 2.141 Thread 0x0000021dd5fd3000 Exception <a 'java/lang/NoSuchMethodError'{0x000000061f471b48}: 'void java.lang.invoke.DirectMethodHandle$Holder.invokeStaticInit(java.lang.Object)'> (0x000000061f471b48) thrown at [c:/cygwin64/tmp/openjdk-jdk11u-windows-x64-hotspot/workspace/build/src/sr
Event: 2.143 Thread 0x0000021dd5fd3000 Exception <a 'java/lang/NoSuchMethodError'{0x000000061f48b6b0}: 'java.lang.Object java.lang.invoke.DirectMethodHandle$Holder.invokeStaticInit(java.lang.Object, java.lang.Object, java.lang.Object, java.lang.Object)'> (0x000000061f48b6b0) thrown at [c:/cygw
Event: 2.347 Thread 0x0000021da63f6800 Exception <a 'java/lang/NoSuchMethodError'{0x000000061e57cff8}: 'long java.lang.invoke.DirectMethodHandle$Holder.invokeSpecial(java.lang.Object, java.lang.Object)'> (0x000000061e57cff8) thrown at [c:/cygwin64/tmp/openjdk-jdk11u-windows-x64-hotspot/workspa
Event: 2.348 Thread 0x0000021da63f6800 Exception <a 'java/lang/NoSuchMethodError'{0x000000061e587658}: 'long java.lang.invoke.DirectMethodHandle$Holder.invokeStatic(java.lang.Object, java.lang.Object)'> (0x000000061e587658) thrown at [c:/cygwin64/tmp/openjdk-jdk11u-windows-x64-hotspot/workspac
Event: 2.349 Thread 0x0000021da63f6800 Exception <a 'java/lang/NoSuchMethodError'{0x000000061e58a728}: 'long java.lang.invoke.DirectMethodHandle$Holder.invokeStaticInit(java.lang.Object, java.lang.Object)'> (0x000000061e58a728) thrown at [c:/cygwin64/tmp/openjdk-jdk11u-windows-x64-hotspot/work
Event: 2.350 Thread 0x0000021da63f6800 Exception <a 'java/lang/NoSuchMethodError'{0x000000061e596e90}: 'long java.lang.invoke.DirectMethodHandle$Holder.invokeInterface(java.lang.Object, java.lang.Object)'> (0x000000061e596e90) thrown at [c:/cygwin64/tmp/openjdk-jdk11u-windows-x64-hotspot/works
Event: 2.350 Thread 0x0000021da63f6800 Exception <a 'java/lang/IncompatibleClassChangeError'{0x000000061e599ed0}: Found class java.lang.Object, but interface was expected> (0x000000061e599ed0) thrown at [c:/cygwin64/tmp/openjdk-jdk11u-windows-x64-hotspot/workspace/build/src/src/hotspot/share/i
Event: 2.407 Thread 0x0000021da63f6800 Exception <a 'java/lang/NoSuchMethodError'{0x000000061e1a5a58}: 'java.lang.Object java.lang.invoke.DirectMethodHandle$Holder.invokeSpecial(java.lang.Object, java.lang.Object, java.lang.Object, int, java.lang.Object)'> (0x000000061e1a5a58) thrown at [c:/cy
Event: 2.407 Thread 0x0000021da63f6800 Exception <a 'java/lang/NoSuchMethodError'{0x000000061e1a8d68}: 'java.lang.Object java.lang.invoke.Invokers$Holder.linkToTargetMethod(java.lang.Object, int, java.lang.Object, java.lang.Object)'> (0x000000061e1a8d68) thrown at [c:/cygwin64/tmp/openjdk-jdk1
Event: 2.408 Thread 0x0000021da63f6800 Exception <a 'java/lang/NoSuchMethodError'{0x000000061e1b46e8}: 'int java.lang.invoke.DirectMethodHandle$Holder.invokeStatic(java.lang.Object, java.lang.Object, java.lang.Object, int)'> (0x000000061e1b46e8) thrown at [c:/cygwin64/tmp/openjdk-jdk11u-window
Event: 2.621 Thread 0x0000021dd6404000 Exception <a 'java/lang/ClassNotFoundException'{0x000000061d3e11a8}: jdk/jfr/internal/handlers/EventHandler7470_1586954873811-30340> (0x000000061d3e11a8) thrown at [c:/cygwin64/tmp/openjdk-jdk11u-windows-x64-hotspot/workspace/build/src/src/hotspot/share/c
Event: 2.634 Thread 0x0000021dd5fd3000 Exception <a 'java/lang/NoSuchMethodError'{0x000000061d0ccd10}: 'org.slf4j.impl.StaticMarkerBinder org.slf4j.impl.StaticMarkerBinder.getSingleton()'> (0x000000061d0ccd10) thrown at [c:/cygwin64/tmp/openjdk-jdk11u-windows-x64-hotspot/workspace/build/src/sr
Event: 2.637 Thread 0x0000021dd5fd3000 Exception <a 'java/lang/ClassNotFoundException'{0x000000061d16aa38}: jdk/jfr/internal/handlers/EventHandler7566_1586954873811-30340> (0x000000061d16aa38) thrown at [c:/cygwin64/tmp/openjdk-jdk11u-windows-x64-hotspot/workspace/build/src/src/hotspot/share/c
Event: 2.637 Thread 0x0000021dd6407000 Exception <a 'java/lang/NoSuchMethodError'{0x000000061d1833e8}: 'int java.lang.invoke.DirectMethodHandle$Holder.invokeStaticInit(java.lang.Object, java.lang.Object, java.lang.Object, java.lang.Object)'> (0x000000061d1833e8) thrown at [c:/cygwin64/tmp/open
Event: 2.638 Thread 0x0000021dd6407000 Exception <a 'java/lang/IncompatibleClassChangeError'{0x000000061d18c218}: Found class java.lang.Object, but interface was expected> (0x000000061d18c218) thrown at [c:/cygwin64/tmp/openjdk-jdk11u-windows-x64-hotspot/workspace/build/src/src/hotspot/share/i
Event: 2.638 Thread 0x0000021dd6407000 Exception <a 'java/lang/NoSuchMethodError'{0x000000061d1922e0}: 'void java.lang.invoke.DirectMethodHandle$Holder.invokeStaticInit(java.lang.Object, java.lang.Object)'> (0x000000061d1922e0) thrown at [c:/cygwin64/tmp/openjdk-jdk11u-windows-x64-hotspot/work
Event: 2.638 Thread 0x0000021dd6407000 Exception <a 'java/lang/NoSuchMethodError'{0x000000061d197518}: 'int java.lang.invoke.DirectMethodHandle$Holder.invokeStaticInit(java.lang.Object, java.lang.Object)'> (0x000000061d197518) thrown at [c:/cygwin64/tmp/openjdk-jdk11u-windows-x64-hotspot/works
Event: 2.991 Thread 0x0000021dd7220000 Exception <a 'sun/nio/fs/WindowsException'{0x0000000626647e38}> (0x0000000626647e38) thrown at [c:/cygwin64/tmp/openjdk-jdk11u-windows-x64-hotspot/workspace/build/src/src/hotspot/share/prims/jni.cpp, line 615]

Events (20 events):
Event: 3.353 loading class br/com/diegosilva/automation/actors/Receptor done
Event: 3.354 loading class akka/actor/typed/internal/ActorMdc$
Event: 3.354 loading class akka/actor/typed/internal/ActorMdc$ done
Event: 3.354 loading class jssc/SerialPort
Event: 3.354 loading class jssc/SerialPort done
Event: 3.354 Executing VM operation: RevokeBias
Event: 3.354 Executing VM operation: RevokeBias done
Event: 3.354 Executing VM operation: BulkRevokeBias
Event: 3.354 Executing VM operation: BulkRevokeBias done
Event: 3.354 Executing VM operation: RevokeBias
Event: 3.355 Executing VM operation: RevokeBias done
Event: 3.355 loading class jssc/SerialPort$EventThread
Event: 3.355 loading class jssc/SerialPort$EventThread done
Event: 3.355 loading class jssc/SerialPort$LinuxEventThread
Event: 3.355 loading class jssc/SerialPort$LinuxEventThread done
Event: 3.356 loading class jssc/SerialPortTimeoutException
Event: 3.356 loading class jssc/SerialPortTimeoutException done
Event: 3.357 loading class jssc/SerialNativeInterface
Event: 3.357 loading class jssc/SerialNativeInterface done
Event: 3.359 Loaded shared library C:\Users\dsilv\.jssc\windows\jSSC-2.8_x86_64.dll


Dynamic libraries:
0x00007ff69dfd0000 - 0x00007ff69dfdd000 	C:\Program Files\AdoptOpenJDK\jdk-11.0.6.10-hotspot\bin\java.exe
0x00007fffa3120000 - 0x00007fffa3310000 	C:\Windows\SYSTEM32\ntdll.dll
0x00007fffa1b10000 - 0x00007fffa1bc2000 	C:\Windows\System32\KERNEL32.DLL
0x00007fffa0430000 - 0x00007fffa06d3000 	C:\Windows\System32\KERNELBASE.dll
0x00007fffa0180000 - 0x00007fffa027a000 	C:\Windows\System32\ucrtbase.dll
0x00007fff85d20000 - 0x00007fff85d37000 	C:\Program Files\AdoptOpenJDK\jdk-11.0.6.10-hotspot\bin\jli.dll
0x00007fff85f60000 - 0x00007fff85f76000 	C:\Program Files\AdoptOpenJDK\jdk-11.0.6.10-hotspot\bin\VCRUNTIME140.dll
0x00007fffa1960000 - 0x00007fffa1af4000 	C:\Windows\System32\USER32.dll
0x00007fff94300000 - 0x00007fff94585000 	C:\Windows\WinSxS\amd64_microsoft.windows.common-controls_6595b64144ccf1df_6.0.18362.720_none_e6beb5c51314836b\COMCTL32.dll
0x00007fffa0980000 - 0x00007fffa09a1000 	C:\Windows\System32\win32u.dll
0x00007fffa13a0000 - 0x00007fffa143e000 	C:\Windows\System32\msvcrt.dll
0x00007fffa1930000 - 0x00007fffa1956000 	C:\Windows\System32\GDI32.dll
0x00007fffa07e0000 - 0x00007fffa0974000 	C:\Windows\System32\gdi32full.dll
0x00007fffa2bb0000 - 0x00007fffa2ee6000 	C:\Windows\System32\combase.dll
0x00007fffa09b0000 - 0x00007fffa0a4e000 	C:\Windows\System32\msvcp_win.dll
0x00007fffa2fc0000 - 0x00007fffa30e0000 	C:\Windows\System32\RPCRT4.dll
0x00007fffa0730000 - 0x00007fffa07b0000 	C:\Windows\System32\bcryptPrimitives.dll
0x00007fffa23e0000 - 0x00007fffa240e000 	C:\Windows\System32\IMM32.DLL
0x00007fff7e010000 - 0x00007fff7e0ab000 	C:\Program Files\AdoptOpenJDK\jdk-11.0.6.10-hotspot\bin\msvcp140.dll
0x00007fff639f0000 - 0x00007fff644ac000 	C:\Program Files\AdoptOpenJDK\jdk-11.0.6.10-hotspot\bin\server\jvm.dll
0x00007fffa1bd0000 - 0x00007fffa1c73000 	C:\Windows\System32\ADVAPI32.dll
0x00007fffa2190000 - 0x00007fffa2227000 	C:\Windows\System32\sechost.dll
0x00007fffa2110000 - 0x00007fffa2118000 	C:\Windows\System32\PSAPI.DLL
0x00007fff9d9d0000 - 0x00007fff9d9f4000 	C:\Windows\SYSTEM32\WINMM.dll
0x00007fff98520000 - 0x00007fff9852a000 	C:\Windows\SYSTEM32\VERSION.dll
0x00007fff9aa60000 - 0x00007fff9aa69000 	C:\Windows\SYSTEM32\WSOCK32.dll
0x00007fffa2120000 - 0x00007fffa218f000 	C:\Windows\System32\WS2_32.dll
0x00007fff9d9a0000 - 0x00007fff9d9cd000 	C:\Windows\SYSTEM32\winmmbase.dll
0x00007fffa06e0000 - 0x00007fffa072a000 	C:\Windows\System32\cfgmgr32.dll
0x00007fffa0010000 - 0x00007fffa0021000 	C:\Windows\System32\kernel.appcore.dll
0x00007fff9a230000 - 0x00007fff9a240000 	C:\Program Files\AdoptOpenJDK\jdk-11.0.6.10-hotspot\bin\verify.dll
0x00007fff8d8c0000 - 0x00007fff8dab4000 	C:\Windows\SYSTEM32\DBGHELP.DLL
0x00007fff8b5c0000 - 0x00007fff8b5ea000 	C:\Windows\SYSTEM32\dbgcore.DLL
0x00007fff930c0000 - 0x00007fff930e8000 	C:\Program Files\AdoptOpenJDK\jdk-11.0.6.10-hotspot\bin\java.dll
0x00007fff95ea0000 - 0x00007fff95eae000 	C:\Program Files\AdoptOpenJDK\jdk-11.0.6.10-hotspot\bin\instrument.dll
0x00007fff98040000 - 0x00007fff98057000 	C:\Program Files\AdoptOpenJDK\jdk-11.0.6.10-hotspot\bin\zip.dll
0x00007fff98350000 - 0x00007fff9835a000 	C:\Program Files\AdoptOpenJDK\jdk-11.0.6.10-hotspot\bin\jimage.dll
0x00007fffa2410000 - 0x00007fffa2af5000 	C:\Windows\System32\SHELL32.dll
0x00007fffa1d00000 - 0x00007fffa1da9000 	C:\Windows\System32\shcore.dll
0x00007fffa0a50000 - 0x00007fffa11d0000 	C:\Windows\System32\windows.storage.dll
0x00007fffa0030000 - 0x00007fffa0053000 	C:\Windows\System32\profapi.dll
0x00007fffa0060000 - 0x00007fffa00aa000 	C:\Windows\System32\powrprof.dll
0x00007fff9ffe0000 - 0x00007fff9fff0000 	C:\Windows\System32\UMPDC.dll
0x00007fffa22b0000 - 0x00007fffa2302000 	C:\Windows\System32\shlwapi.dll
0x00007fffa0160000 - 0x00007fffa0177000 	C:\Windows\System32\cryptsp.dll
0x00007fff92e60000 - 0x00007fff92e79000 	C:\Program Files\AdoptOpenJDK\jdk-11.0.6.10-hotspot\bin\net.dll
0x00007fff98a60000 - 0x00007fff98b51000 	C:\Windows\SYSTEM32\WINHTTP.dll
0x00007fff9f800000 - 0x00007fff9f867000 	C:\Windows\system32\mswsock.dll
0x00007fff92e30000 - 0x00007fff92e42000 	C:\Program Files\AdoptOpenJDK\jdk-11.0.6.10-hotspot\bin\nio.dll
0x00007fff93010000 - 0x00007fff9302a000 	C:\Program Files\JetBrains\IntelliJ IDEA 2019.3.4\bin\breakgen64.dll
0x00007fff9f320000 - 0x00007fff9f353000 	C:\Windows\system32\rsaenh.dll
0x00007fffa07b0000 - 0x00007fffa07d6000 	C:\Windows\System32\bcrypt.dll
0x00007fff9fed0000 - 0x00007fff9fef5000 	C:\Windows\SYSTEM32\USERENV.dll
0x00007fff9f980000 - 0x00007fff9f98c000 	C:\Windows\SYSTEM32\CRYPTBASE.dll
0x00007fff9f520000 - 0x00007fff9f55a000 	C:\Windows\SYSTEM32\IPHLPAPI.DLL
0x00007fffa1b00000 - 0x00007fffa1b08000 	C:\Windows\System32\NSI.dll
0x00007fff98530000 - 0x00007fff98546000 	C:\Windows\SYSTEM32\dhcpcsvc6.DLL
0x00007fff983c0000 - 0x00007fff983dc000 	C:\Windows\SYSTEM32\dhcpcsvc.DLL
0x00007fff9f560000 - 0x00007fff9f62a000 	C:\Windows\SYSTEM32\DNSAPI.dll
0x00007fff97ba0000 - 0x00007fff97ba9000 	C:\Program Files\AdoptOpenJDK\jdk-11.0.6.10-hotspot\bin\management.dll
0x00007fff97890000 - 0x00007fff9789b000 	C:\Program Files\AdoptOpenJDK\jdk-11.0.6.10-hotspot\bin\management_ext.dll
0x00007fff85d40000 - 0x00007fff85d66000 	C:\Program Files\AdoptOpenJDK\jdk-11.0.6.10-hotspot\bin\sunec.dll
0x0000000071100000 - 0x0000000071125000 	C:\Users\dsilv\.jssc\windows\jSSC-2.8_x86_64.dll

dbghelp: loaded successfully - version: 4.0.5 - missing functions: none
symbol engine: initialized successfully - sym options: 0x614 - pdb path: .;C:\Program Files\AdoptOpenJDK\jdk-11.0.6.10-hotspot\bin;C:\Windows\SYSTEM32;C:\Windows\WinSxS\amd64_microsoft.windows.common-controls_6595b64144ccf1df_6.0.18362.720_none_e6beb5c51314836b;C:\Program Files\AdoptOpenJDK\jdk-11.0.6.10-hotspot\bin\server;C:\Program Files\JetBrains\IntelliJ IDEA 2019.3.4\bin;C:\Users\dsilv\.jssc\windows

VM Arguments:
jvm_args: -javaagent:C:\Program Files\JetBrains\IntelliJ IDEA 2019.3.4\lib\idea_rt.jar=51066:C:\Program Files\JetBrains\IntelliJ IDEA 2019.3.4\bin -Dfile.encoding=UTF-8 
java_command: br.com.diegosilva.automation.Main
java_class_path (initial): C:\Users\dsilv\projetos\home_automation\server\target\classes;C:\Users\dsilv\.m2\repository\com\typesafe\akka\akka-cluster-sharding-typed_2.13\2.6.4\akka-cluster-sharding-typed_2.13-2.6.4.jar;C:\Users\dsilv\.m2\repository\org\scala-lang\scala-library\2.13.1\scala-library-2.13.1.jar;C:\Users\dsilv\.m2\repository\com\typesafe\akka\akka-cluster-typed_2.13\2.6.4\akka-cluster-typed_2.13-2.6.4.jar;C:\Users\dsilv\.m2\repository\com\typesafe\akka\akka-distributed-data_2.13\2.6.4\akka-distributed-data_2.13-2.6.4.jar;C:\Users\dsilv\.m2\repository\org\lmdbjava\lmdbjava\0.7.0\lmdbjava-0.7.0.jar;C:\Users\dsilv\.m2\repository\com\github\jnr\jnr-ffi\2.1.9\jnr-ffi-2.1.9.jar;C:\Users\dsilv\.m2\repository\org\ow2\asm\asm\5.0.3\asm-5.0.3.jar;C:\Users\dsilv\.m2\repository\org\ow2\asm\asm-commons\5.0.3\asm-commons-5.0.3.jar;C:\Users\dsilv\.m2\repository\org\ow2\asm\asm-analysis\5.0.3\asm-analysis-5.0.3.jar;C:\Users\dsilv\.m2\repository\org\ow2\asm\asm-tree\5.0.3\asm-tree-5.0.3.jar;C:\Users\dsilv\.m2\repository\org\ow2\asm\asm-util\5.0.3\asm-util-5.0.3.jar;C:\Users\dsilv\.m2\repository\com\github\jnr\jnr-a64asm\1.0.0\jnr-a64asm-1.0.0.jar;C:\Users\dsilv\.m2\repository\com\github\jnr\jnr-x86asm\1.0.2\jnr-x86asm-1.0.2.jar;C:\Users\dsilv\.m2\repository\com\github\jnr\jffi\1.2.18\jffi-1.2.18.jar;C:\Users\dsilv\.m2\repository\com\github\jnr\jffi\1.2.18\jffi-1.2.18-native.jar;C:\Users\dsilv\.m2\repository\com\github\jnr\jnr-constants\0.9.12\jnr-constants-0.9.12.jar;C:\Users\dsilv\.m2\repository\com\typesafe\akka\akka-cluster-sharding_2.13\2.6.4\akka-cluster-sharding_2.13-2.6.4.jar;C:\Users\dsilv\.m2\repository\com\typesafe\akka\akka-persistence-typed_2.13\2.6.4\akka-persistence-typed_2.13-2.6.4.jar;C:\Users\dsilv\.m2\repository\com\typesafe\akka\akka-actor-typed_2.13\2.6.4\akka-actor-typed_2.13-2.6.4.jar;C:\Users\dsilv\.m2\repository\com\typesafe\akka\akka-slf4j_2.13\2.6.4\akka-slf4j_2.13-2.6.4.jar;C:\Users\dsilv\.m2\repository\com\typesafe\akka\akka-persistence_2.1
Launcher Type: SUN_STANDARD

[Global flags]
     intx CICompilerCount                          = 12                                        {product} {ergonomic}
     uint ConcGCThreads                            = 3                                         {product} {ergonomic}
     uint G1ConcRefinementThreads                  = 13                                        {product} {ergonomic}
   size_t G1HeapRegionSize                         = 2097152                                   {product} {ergonomic}
    uintx GCDrainStackTargetSize                   = 64                                        {product} {ergonomic}
   size_t InitialHeapSize                          = 536870912                                 {product} {ergonomic}
   size_t MarkStackSize                            = 4194304                                   {product} {ergonomic}
   size_t MaxHeapSize                              = 8575254528                                {product} {ergonomic}
   size_t MaxNewSize                               = 5144313856                                {product} {ergonomic}
   size_t MinHeapDeltaBytes                        = 2097152                                   {product} {ergonomic}
    uintx NonNMethodCodeHeapSize                   = 7594288                                {pd product} {ergonomic}
    uintx NonProfiledCodeHeapSize                  = 122031976                              {pd product} {ergonomic}
    uintx ProfiledCodeHeapSize                     = 122031976                              {pd product} {ergonomic}
    uintx ReservedCodeCacheSize                    = 251658240                              {pd product} {ergonomic}
     bool SegmentedCodeCache                       = true                                      {product} {ergonomic}
     bool UseCompressedClassPointers               = true                                 {lp64_product} {ergonomic}
     bool UseCompressedOops                        = true                                 {lp64_product} {ergonomic}
     bool UseG1GC                                  = true                                      {product} {ergonomic}
     bool UseLargePagesIndividualAllocation        = false                                  {pd product} {ergonomic}

Logging:
Log output configuration:
 #0: stdout all=warning uptime,level,tags
 #1: stderr all=off uptime,level,tags

Environment Variables:
JAVA_HOME=C:\Program Files\AdoptOpenJDK\jdk-11.0.6.10-hotspot
PATH=C:\Program Files\AdoptOpenJDK\jdk-11.0.6.10-hotspot\bin;C:\Windows\system32;C:\Windows;C:\Windows\System32\Wbem;C:\Windows\System32\WindowsPowerShell\v1.0\;C:\Windows\System32\OpenSSH\;C:\Program Files (x86)\NVIDIA Corporation\PhysX\Common;C:\Program Files\PuTTY\;C:\Program Files\Git\cmd;C:\flutter\bin;C:\ffmpeg\bin;C:\Users\dsilv\AppData\Roaming\nvm;C:\Program Files\nodejs;C:\apache-maven-3.6.2\bin;C:\Program Files\Docker\Docker\resources\bin;C:\ProgramData\DockerDesktop\version-bin;C:\Program Files\NVIDIA Corporation\NVIDIA NvDLISR;C:\Users\dsilv\AppData\Local\Programs\Python\Python38-32\Scripts\;C:\Users\dsilv\AppData\Local\Programs\Python\Python38-32\;C:\Users\dsilv\AppData\Local\Microsoft\WindowsApps;C:\Users\dsilv\AppData\Local\Programs\Microsoft VS Code\bin;C:\Program Files\JetBrains\IntelliJ IDEA 2019.1.3\bin;;C:\Users\dsilv\AppData\Roaming\nvm;C:\Program Files\nodejs;C:\Users\dsilv\AppData\Local\Google\Cloud SDK\google-cloud-sdk\bin
USERNAME=dsilv
OS=Windows_NT
PROCESSOR_IDENTIFIER=AMD64 Family 23 Model 1 Stepping 1, AuthenticAMD



---------------  S Y S T E M  ---------------

OS: Windows 10 , 64 bit Build 18362 (10.0.18362.329)
HyperV virtualization detected

CPU:total 16 (initial active 16) (16 cores per cpu, 2 threads per core) family 23 model 1 stepping 1, cmov, cx8, fxsr, mmx, sse, sse2, sse3, ssse3, sse4.1, sse4.2, popcnt, avx, avx2, aes, clmul, mmxext, 3dnowpref, lzcnt, sse4a, ht, tsc, tscinvbit, tscinv, bmi1, bmi2, adx, sha, fma

Memory: 4k page, system-wide physical 32710M (17799M free)
TotalPageFile size 37574M (AvailPageFile size 19184M)
current process WorkingSet (physical memory assigned to process): 314M, peak: 314M
current process commit charge ("private bytes"): 856M, peak: 857M

vm_info: OpenJDK 64-Bit Server VM (11.0.6+10) for windows-amd64 JRE (11.0.6+10), built on Jan 15 2020 06:14:58 by "" with MS VC++ 15.8 (VS2017)

END.
