#
# A fatal error has been detected by the Java Runtime Environment:
#
#  EXCEPTION_ACCESS_VIOLATION (0xc0000005) at pc=0x000000007110b5db, pid=29456, tid=19332
#
# JRE version: OpenJDK Runtime Environment (11.0.6+10) (build 11.0.6+10)
# Java VM: OpenJDK 64-Bit Server VM (11.0.6+10, mixed mode, tiered, compressed oops, g1 gc, windows-amd64)
# Problematic frame:
# C  [jSSC-2.8_x86_64.dll+0xb5db]
#
# No core dump will be written. Minidumps are not enabled by default on client versions of Windows
#
# If you would like to submit a bug report, please visit:
#   https://github.com/AdoptOpenJDK/openjdk-support/issues
# The crash happened outside the Java Virtual Machine in native code.
# See problematic frame for where to report the bug.
#

---------------  S U M M A R Y ------------

Command Line: -agentlib:jdwp=transport=dt_socket,address=127.0.0.1:51159,suspend=y,server=n -javaagent:C:\Users\dsilv\AppData\Local\JetBrains\IntelliJIdea2020.1\captureAgent\debugger-agent.jar -Dfile.encoding=UTF-8 br.com.diegosilva.automation.Main

Host: AMD Ryzen 7 1800X Eight-Core Processor         , 16 cores, 31G,  Windows 10 , 64 bit Build 18362 (10.0.18362.329)
Time: Wed Apr 15 10:05:04 2020 Hora oficial do Brasil elapsed time: 68 seconds (0d 0h 1m 8s)

---------------  T H R E A D  ---------------

Current thread (0x000001fd37018800):  JavaThread "Automation-akka.actor.default-dispatcher-3" [_thread_in_native, id=19332, stack(0x00000060ed600000,0x00000060ed700000)]

Stack: [0x00000060ed600000,0x00000060ed700000],  sp=0x00000060ed6fe350,  free space=1016k
Native frames: (J=compiled Java code, j=interpreted, Vv=VM code, C=native code)
C  [jSSC-2.8_x86_64.dll+0xb5db]

Java frames: (J=compiled Java code, j=interpreted, Vv=VM code)
j  jssc.SerialNativeInterface.openPort(Ljava/lang/String;Z)J+0
j  jssc.SerialPort.openPort()Z+65
j  br.com.diegosilva.automation.actors.Receptor.startReceive()V+53
j  br.com.diegosilva.automation.actors.Receptor.lambda$createReceive$3cf7b905$1(Lbr/com/diegosilva/automation/actors/Receptor$Start;)Lakka/actor/typed/Behavior;+17
j  br.com.diegosilva.automation.actors.Receptor$$Lambda$1238.apply(Ljava/lang/Object;)Ljava/lang/Object;+8
j  akka.actor.typed.javadsl.BuiltReceive.receive(Ljava/lang/Object;Lscala/collection/immutable/List;)Lakka/actor/typed/Behavior;+127
j  akka.actor.typed.javadsl.BuiltReceive.receiveMessage(Ljava/lang/Object;)Lakka/actor/typed/Behavior;+6
j  akka.actor.typed.javadsl.Receive.receive(Lakka/actor/typed/TypedActorContext;Ljava/lang/Object;)Lakka/actor/typed/Behavior;+2
j  akka.actor.typed.javadsl.AbstractBehavior.receive(Lakka/actor/typed/TypedActorContext;Ljava/lang/Object;)Lakka/actor/typed/Behavior;+11
j  akka.actor.typed.Behavior$.interpret(Lakka/actor/typed/Behavior;Lakka/actor/typed/TypedActorContext;Ljava/lang/Object;Z)Lakka/actor/typed/Behavior;+267
j  akka.actor.typed.Behavior$.interpretMessage(Lakka/actor/typed/Behavior;Lakka/actor/typed/TypedActorContext;Ljava/lang/Object;)Lakka/actor/typed/Behavior;+5
j  akka.actor.typed.internal.InterceptorImpl$$anon$2.apply(Lakka/actor/typed/TypedActorContext;Ljava/lang/Object;)Lakka/actor/typed/Behavior;+12
j  akka.actor.typed.internal.RestartSupervisor.aroundReceive(Lakka/actor/typed/TypedActorContext;Ljava/lang/Object;Lakka/actor/typed/BehaviorInterceptor$ReceiveTarget;)Lakka/actor/typed/Behavior;+373
j  akka.actor.typed.internal.InterceptorImpl.receive(Lakka/actor/typed/TypedActorContext;Ljava/lang/Object;)Lakka/actor/typed/Behavior;+39
j  akka.actor.typed.Behavior$.interpret(Lakka/actor/typed/Behavior;Lakka/actor/typed/TypedActorContext;Ljava/lang/Object;Z)Lakka/actor/typed/Behavior;+267
j  akka.actor.typed.Behavior$.interpretMessage(Lakka/actor/typed/Behavior;Lakka/actor/typed/TypedActorContext;Ljava/lang/Object;)Lakka/actor/typed/Behavior;+5
j  akka.actor.typed.internal.adapter.ActorAdapter.handleMessage(Ljava/lang/Object;)V+236
j  akka.actor.typed.internal.adapter.ActorAdapter.aroundReceive(Lscala/PartialFunction;Ljava/lang/Object;)V+282
J 3953 c1 akka.actor.ActorCell.invoke(Lakka/dispatch/Envelope;)V (107 bytes) @ 0x000001fd0e8ef8cc [0x000001fd0e8ef080+0x000000000000084c]
J 3977 c1 akka.dispatch.Mailbox.processMailbox(IJ)V (99 bytes) @ 0x000001fd0e9011ec [0x000001fd0e900ca0+0x000000000000054c]
J 3976 c1 akka.dispatch.Mailbox.run()V (65 bytes) @ 0x000001fd0e90700c [0x000001fd0e9063c0+0x0000000000000c4c]
J 3982 c1 akka.dispatch.Mailbox.exec()Z (64 bytes) @ 0x000001fd0e90fd9c [0x000001fd0e90fd20+0x000000000000007c]
J 3881 c1 java.util.concurrent.ForkJoinTask.doExec()I java.base@11.0.6 (37 bytes) @ 0x000001fd0e8c10cc [0x000001fd0e8c0f80+0x000000000000014c]
J 3968 c1 java.util.concurrent.ForkJoinPool$WorkQueue.topLevelExec(Ljava/util/concurrent/ForkJoinTask;Ljava/util/concurrent/ForkJoinPool$WorkQueue;I)V java.base@11.0.6 (86 bytes) @ 0x000001fd0e8fc9b4 [0x000001fd0e8fc720+0x0000000000000294]
J 3955 c1 java.util.concurrent.ForkJoinPool.scan(Ljava/util/concurrent/ForkJoinPool$WorkQueue;I)Z java.base@11.0.6 (209 bytes) @ 0x000001fd0e926d5c [0x000001fd0e925ac0+0x000000000000129c]
j  java.util.concurrent.ForkJoinPool.runWorker(Ljava/util/concurrent/ForkJoinPool$WorkQueue;)V+25 java.base@11.0.6
j  java.util.concurrent.ForkJoinWorkerThread.run()V+24 java.base@11.0.6
v  ~StubRoutines::call_stub

siginfo: EXCEPTION_ACCESS_VIOLATION (0xc0000005), reading address 0x0000000003aeeffd


Register to memory mapping:

RIP=0x000000007110b5db jSSC-2.8_x86_64.dll
RAX=0x0000000003aeeffd is an unknown value
RBX=0x00000060ed6fe3c0 is pointing into the stack for thread: 0x000001fd37018800
RCX=0x00007fffa31bc2a4 ntdll.dll
RDX=0x0 is NULL
RSP=0x00000060ed6fe350 is pointing into the stack for thread: 0x000001fd37018800
RBP=0x00000060ed6fe4d0 is pointing into the stack for thread: 0x000001fd37018800
RSI=0x000001fd37018b40 points into unknown readable memory: f0 cb 37 64 ff 7f 00 00
RDI=0x0000000000000ba0 is an unknown value
R8 =0x00000060ed6fe248 is pointing into the stack for thread: 0x000001fd37018800
R9 =0x00000060ed6fe340 is pointing into the stack for thread: 0x000001fd37018800
R10=0x0 is NULL
R11=0x0000000000000246 is an unknown value
R12=0x00000060ed6fe588 is pointing into the stack for thread: 0x000001fd37018800
R13=0x000001fd3d402e30 points into unknown readable memory: 43 4f 4d 37 00 61 62 6c
R14=0x00000060ed6fe480 is pointing into the stack for thread: 0x000001fd37018800
R15=0x000001fd37018800 is a thread


Registers:
RAX=0x0000000003aeeffd, RBX=0x00000060ed6fe3c0, RCX=0x00007fffa31bc2a4, RDX=0x0000000000000000
RSP=0x00000060ed6fe350, RBP=0x00000060ed6fe4d0, RSI=0x000001fd37018b40, RDI=0x0000000000000ba0
R8 =0x00000060ed6fe248, R9 =0x00000060ed6fe340, R10=0x0000000000000000, R11=0x0000000000000246
R12=0x00000060ed6fe588, R13=0x000001fd3d402e30, R14=0x00000060ed6fe480, R15=0x000001fd37018800
RIP=0x000000007110b5db, EFLAGS=0x0000000000010202

Top of Stack: (sp=0x00000060ed6fe350)
0x00000060ed6fe350:   000001fd03840000 00000002a315fc11
0x00000060ed6fe360:   000000007110b230 000001fd3d402dc0
0x00000060ed6fe370:   00000060ed6fe4d0 0000000000000004
0x00000060ed6fe380:   000001fd37018b40 0000000000000ba0
0x00000060ed6fe390:   00000060ed6fe4d0 0000000071112590
0x00000060ed6fe3a0:   000001fd37018800 00000060ed6fe480
0x00000060ed6fe3b0:   000001fd3d402e30 00000060ed6fe588
0x00000060ed6fe3c0:   000001fd3d402e30 00007fffa315fc11
0x00000060ed6fe3d0:   000000010000000b 000001fd038b0000
0x00000060ed6fe3e0:   00000060ed6fe4d0 0000000000000000
0x00000060ed6fe3f0:   0000000071113500 0000000071113be8
0x00000060ed6fe400:   00000060ed6fe430 0000000071112641
0x00000060ed6fe410:   00000060ed6fe3a0 000001fd37018b40
0x00000060ed6fe420:   0000000000000000 0000000000000000
0x00000060ed6fe430:   00000060ed6fe4d0 0000000071101595
0x00000060ed6fe440:   000000000000001c 000001fd00000000 

Instructions: (pc=0x000000007110b5db)
0x000000007110b4db:   48 85 c0 74 bf 44 8b 03 45 85 c0 0f 84 77 ff ff
0x000000007110b4eb:   ff eb 9f 66 90 e8 8b fe ff ff 48 89 05 0c 34 01
0x000000007110b4fb:   00 eb ad 66 90 e8 7b fe ff ff 48 89 05 fc 33 01
0x000000007110b50b:   00 eb 8b e8 8d fe ff ff c7 03 01 00 00 00 e9 6f
0x000000007110b51b:   ff ff ff 66 90 55 48 89 e5 56 53 48 83 ec 20 48
0x000000007110b52b:   8b 05 d7 33 01 00 48 8b 31 48 89 cb 48 85 c0 74
0x000000007110b53b:   56 44 8b 18 45 85 db 78 42 48 8b 05 bd 33 01 00
0x000000007110b54b:   48 85 c0 74 50 44 8b 10 45 85 d2 74 1d 48 89 f1
0x000000007110b55b:   e8 d0 fd ff ff 48 8b 13 48 8d 42 40 48 8b 48 08
0x000000007110b56b:   48 8b 6a 40 48 8b 60 10 ff e1 48 8b 05 9c 33 01
0x000000007110b57b:   00 48 85 c0 74 2d 48 89 30 eb da e8 b5 fe ff ff
0x000000007110b58b:   0f 1f 44 00 00 eb b2 e8 e9 fd ff ff 48 89 05 6a
0x000000007110b59b:   33 01 00 eb 9c e8 db fd ff ff 48 89 05 5c 33 01
0x000000007110b5ab:   00 eb a2 e8 3d fd ff ff 48 89 05 5e 33 01 00 eb
0x000000007110b5bb:   c5 0f 1f 40 00 55 57 56 53 48 83 ec 28 48 8b 05
0x000000007110b5cb:   39 33 01 00 48 89 cb 48 85 c0 0f 84 c5 00 00 00
0x000000007110b5db:   8b 38 85 ff 0f 88 ab 00 00 00 48 8b 05 1c 33 01
0x000000007110b5eb:   00 48 85 c0 0f 84 bc 00 00 00 8b 30 85 f6 74 57
0x000000007110b5fb:   48 8b 05 0e 33 01 00 48 85 c0 0f 84 e5 00 00 00
0x000000007110b60b:   8b 28 48 8b 35 10 5e 01 00 ff d6 89 c7 89 e9 ff
0x000000007110b61b:   15 f4 5e 01 00 89 f9 48 89 c5 ff 15 b9 5e 01 00
0x000000007110b62b:   48 8b 05 de 32 01 00 48 89 2b 48 85 c0 74 46 48
0x000000007110b63b:   89 da 8b 08 ff 15 d7 5e 01 00 85 c0 74 27 48 83
0x000000007110b64b:   c4 28 5b 5e 5f 5d c3 48 8b 05 bf 32 01 00 48 85
0x000000007110b65b:   c0 74 64 48 8b 10 48 89 13 48 89 18 48 83 c4 28
0x000000007110b66b:   5b 5e 5f 5d c3 48 89 f2 48 83 c4 28 5b 5e 5f 5d
0x000000007110b67b:   48 ff e2 66 90 e8 8b fc ff ff 48 89 05 84 32 01
0x000000007110b68b:   00 eb ac 66 90 e8 ab fd ff ff e9 4b ff ff ff 66
0x000000007110b69b:   0f 1f 44 00 00 e8 db fc ff ff 48 89 05 5c 32 01
0x000000007110b6ab:   00 e9 2a ff ff ff e8 ca fc ff ff 48 89 05 4b 32
0x000000007110b6bb:   01 00 e9 33 ff ff ff e8 29 fc ff ff 48 89 05 4a
0x000000007110b6cb:   32 01 00 48 8b 10 48 85 c0 48 89 13 75 8b e8 12 


Stack slot to memory mapping:
stack at sp + 0 slots: 0x000001fd03840000 points into unknown readable memory: 00 00 00 00 00 00 00 00
stack at sp + 1 slots: 0x00000002a315fc11 is an unknown value
stack at sp + 2 slots: 0x000000007110b230 jSSC-2.8_x86_64.dll
stack at sp + 3 slots: 0x000001fd3d402dc0 points into unknown readable memory: 00 00 00 00 00 00 00 00
stack at sp + 4 slots: 0x00000060ed6fe4d0 is pointing into the stack for thread: 0x000001fd37018800
stack at sp + 5 slots: 0x0000000000000004 is an unknown value
stack at sp + 6 slots: 0x000001fd37018b40 points into unknown readable memory: f0 cb 37 64 ff 7f 00 00
stack at sp + 7 slots: 0x0000000000000ba0 is an unknown value


---------------  P R O C E S S  ---------------

Threads class SMR info:
_java_thread_list=0x000001fd3a068b30, length=44, elements={
0x000001fd3445a000, 0x000001fd34483800, 0x000001fd344d5800, 0x000001fd344d6800,
0x000001fd344d7800, 0x000001fd344e2800, 0x000001fd344e8800, 0x000001fd34659800,
0x000001fd34717000, 0x000001fd348ec000, 0x000001fd348e5000, 0x000001fd34bba800,
0x000001fd3632a000, 0x000001fd35bc2800, 0x000001fd37018800, 0x000001fd35892800,
0x000001fd35891800, 0x000001fd35897800, 0x000001fd36533800, 0x000001fd368d8000,
0x000001fd368d9800, 0x000001fd368d5800, 0x000001fd368d3800, 0x000001fd368da000,
0x000001fd368d8800, 0x000001fd368d4800, 0x000001fd368d7000, 0x000001fd35f3e800,
0x000001fd35f3b800, 0x000001fd35f3d000, 0x000001fd35f3c000, 0x000001fd35f3e000,
0x000001fd35f40000, 0x000001fd35f46800, 0x000001fd35f47800, 0x000001fd35f43800,
0x000001fd35f42800, 0x000001fd35f49000, 0x000001fd36a6c800, 0x000001fd36a6c000,
0x000001fd36a67000, 0x000001fd36a6a000, 0x000001fd36a6d800, 0x000001fd36a69800
}

Java Threads: ( => current thread )
  0x000001fd3445a000 JavaThread "Reference Handler" daemon [_thread_blocked, id=22120, stack(0x00000060eb400000,0x00000060eb500000)]
  0x000001fd34483800 JavaThread "Finalizer" daemon [_thread_blocked, id=15908, stack(0x00000060eb500000,0x00000060eb600000)]
  0x000001fd344d5800 JavaThread "Signal Dispatcher" daemon [_thread_blocked, id=34476, stack(0x00000060eb600000,0x00000060eb700000)]
  0x000001fd344d6800 JavaThread "Attach Listener" daemon [_thread_blocked, id=43836, stack(0x00000060eb700000,0x00000060eb800000)]
  0x000001fd344d7800 JavaThread "C2 CompilerThread0" daemon [_thread_blocked, id=41876, stack(0x00000060eb800000,0x00000060eb900000)]
  0x000001fd344e2800 JavaThread "C1 CompilerThread0" daemon [_thread_blocked, id=21420, stack(0x00000060eb900000,0x00000060eba00000)]
  0x000001fd344e8800 JavaThread "Sweeper thread" daemon [_thread_blocked, id=38216, stack(0x00000060eba00000,0x00000060ebb00000)]
  0x000001fd34659800 JavaThread "Common-Cleaner" daemon [_thread_blocked, id=12492, stack(0x00000060ebb00000,0x00000060ebc00000)]
  0x000001fd34717000 JavaThread "JDWP Transport Listener: dt_socket" daemon [_thread_blocked, id=27332, stack(0x00000060ebf00000,0x00000060ec000000)]
  0x000001fd348ec000 JavaThread "JDWP Event Helper Thread" daemon [_thread_blocked, id=46932, stack(0x00000060ec000000,0x00000060ec100000)]
  0x000001fd348e5000 JavaThread "JDWP Command Reader" daemon [_thread_in_native, id=13584, stack(0x00000060ec100000,0x00000060ec200000)]
  0x000001fd34bba800 JavaThread "Service Thread" daemon [_thread_blocked, id=10028, stack(0x00000060ebe00000,0x00000060ebf00000)]
  0x000001fd3632a000 JavaThread "Automation-scheduler-1" [_thread_blocked, id=23880, stack(0x00000060ed400000,0x00000060ed500000)]
  0x000001fd35bc2800 JavaThread "Automation-akka.actor.internal-dispatcher-2" [_thread_blocked, id=45372, stack(0x00000060ed500000,0x00000060ed600000)]
=>0x000001fd37018800 JavaThread "Automation-akka.actor.default-dispatcher-3" [_thread_in_native, id=19332, stack(0x00000060ed600000,0x00000060ed700000)]
  0x000001fd35892800 JavaThread "Automation-akka.actor.internal-dispatcher-4" [_thread_blocked, id=33932, stack(0x00000060ed700000,0x00000060ed800000)]
  0x000001fd35891800 JavaThread "Automation-akka.actor.internal-dispatcher-5" [_thread_blocked, id=23340, stack(0x00000060ed800000,0x00000060ed900000)]
  0x000001fd35897800 JavaThread "Automation-akka.actor.internal-dispatcher-6" [_thread_blocked, id=10144, stack(0x00000060ed900000,0x00000060eda00000)]
  0x000001fd36533800 JavaThread "Automation-akka.actor.default-dispatcher-7" [_thread_blocked, id=15752, stack(0x00000060eda00000,0x00000060edb00000)]
  0x000001fd368d8000 JavaThread "Automation-akka.remote.default-remote-dispatcher-8" [_thread_blocked, id=7796, stack(0x00000060ec800000,0x00000060ec900000)]
  0x000001fd368d9800 JavaThread "AsyncAppender-Worker-ASYNC" daemon [_thread_blocked, id=28088, stack(0x00000060ede00000,0x00000060edf00000)]
  0x000001fd368d5800 JavaThread "Automation-akka.remote.default-remote-dispatcher-9" [_thread_blocked, id=42828, stack(0x00000060edf00000,0x00000060ee000000)]
  0x000001fd368d3800 JavaThread "Automation-akka.io.pinned-dispatcher-10" [_thread_in_native, id=14484, stack(0x00000060ec600000,0x00000060ec700000)]
  0x000001fd368da000 JavaThread "Automation-akka.remote.default-remote-dispatcher-11" [_thread_blocked, id=48656, stack(0x00000060ec700000,0x00000060ec800000)]
  0x000001fd368d8800 JavaThread "Automation-akka.remote.default-remote-dispatcher-12" [_thread_blocked, id=27308, stack(0x00000060ee000000,0x00000060ee100000)]
  0x000001fd368d4800 JavaThread "Automation-akka.remote.default-remote-dispatcher-13" [_thread_blocked, id=2172, stack(0x00000060ee100000,0x00000060ee200000)]
  0x000001fd368d7000 JavaThread "Automation-akka.remote.default-remote-dispatcher-14" [_thread_blocked, id=36736, stack(0x00000060ee200000,0x00000060ee300000)]
  0x000001fd35f3e800 JavaThread "Automation-akka.remote.default-remote-dispatcher-16" [_thread_blocked, id=17780, stack(0x00000060ee300000,0x00000060ee400000)]
  0x000001fd35f3b800 JavaThread "Automation-akka.remote.default-remote-dispatcher-15" [_thread_blocked, id=13604, stack(0x00000060ee400000,0x00000060ee500000)]
  0x000001fd35f3d000 JavaThread "Automation-akka.actor.internal-dispatcher-17" [_thread_blocked, id=35328, stack(0x00000060ee500000,0x00000060ee600000)]
  0x000001fd35f3c000 JavaThread "Automation-akka.actor.internal-dispatcher-18" [_thread_blocked, id=452, stack(0x00000060ee600000,0x00000060ee700000)]
  0x000001fd35f3e000 JavaThread "DestroyJavaVM" [_thread_blocked, id=38200, stack(0x00000060ead00000,0x00000060eae00000)]
  0x000001fd35f40000 JavaThread "Automation-akka.actor.internal-dispatcher-19" [_thread_blocked, id=6696, stack(0x00000060ee800000,0x00000060ee900000)]
  0x000001fd35f46800 JavaThread "Automation-akka.actor.default-dispatcher-26" [_thread_blocked, id=36216, stack(0x00000060ee700000,0x00000060ee800000)]
  0x000001fd35f47800 JavaThread "ForkJoinPool.commonPool-worker-19" daemon [_thread_blocked, id=41684, stack(0x00000060ef000000,0x00000060ef100000)]
  0x000001fd35f43800 JavaThread "Automation-akka.actor.internal-dispatcher-27" [_thread_blocked, id=36220, stack(0x00000060ebc00000,0x00000060ebd00000)]
  0x000001fd35f42800 JavaThread "Automation-akka.actor.internal-dispatcher-29" [_thread_blocked, id=41620, stack(0x00000060ebd00000,0x00000060ebe00000)]
  0x000001fd35f49000 JavaThread "Automation-akka.actor.internal-dispatcher-28" [_thread_blocked, id=33144, stack(0x00000060ec300000,0x00000060ec400000)]
  0x000001fd36a6c800 JavaThread "Automation-akka.actor.internal-dispatcher-30" [_thread_blocked, id=20820, stack(0x00000060ec400000,0x00000060ec500000)]
  0x000001fd36a6c000 JavaThread "Automation-akka.actor.internal-dispatcher-31" [_thread_blocked, id=1532, stack(0x00000060ec500000,0x00000060ec600000)]
  0x000001fd36a67000 JavaThread "Automation-akka.actor.internal-dispatcher-32" [_thread_blocked, id=29136, stack(0x00000060ef100000,0x00000060ef200000)]
  0x000001fd36a6a000 JavaThread "Automation-akka.actor.internal-dispatcher-35" [_thread_blocked, id=38928, stack(0x00000060ef200000,0x00000060ef300000)]
  0x000001fd36a6d800 JavaThread "Automation-akka.actor.internal-dispatcher-34" [_thread_blocked, id=10572, stack(0x00000060ef300000,0x00000060ef400000)]
  0x000001fd36a69800 JavaThread "Automation-akka.actor.internal-dispatcher-33" [_thread_blocked, id=39012, stack(0x00000060ef400000,0x00000060ef500000)]

Other Threads:
  0x000001fd34458800 VMThread "VM Thread" [stack: 0x00000060eb300000,0x00000060eb400000] [id=30696]
  0x000001fd34bbb000 WatcherThread [stack: 0x00000060ec200000,0x00000060ec300000] [id=41696]
  0x000001fd05b4e000 GCTaskThread "GC Thread#0" [stack: 0x00000060eae00000,0x00000060eaf00000] [id=33496]
  0x000001fd358b1000 GCTaskThread "GC Thread#1" [stack: 0x00000060ec900000,0x00000060eca00000] [id=25732]
  0x000001fd35bfc000 GCTaskThread "GC Thread#2" [stack: 0x00000060eca00000,0x00000060ecb00000] [id=5292]
  0x000001fd35bfc800 GCTaskThread "GC Thread#3" [stack: 0x00000060ecb00000,0x00000060ecc00000] [id=24112]
  0x000001fd35b9c000 GCTaskThread "GC Thread#4" [stack: 0x00000060ecc00000,0x00000060ecd00000] [id=29068]
  0x000001fd366bb800 GCTaskThread "GC Thread#5" [stack: 0x00000060ecd00000,0x00000060ece00000] [id=18660]
  0x000001fd366b8800 GCTaskThread "GC Thread#6" [stack: 0x00000060ece00000,0x00000060ecf00000] [id=8624]
  0x000001fd366b8000 GCTaskThread "GC Thread#7" [stack: 0x00000060ecf00000,0x00000060ed000000] [id=42172]
  0x000001fd366bd000 GCTaskThread "GC Thread#8" [stack: 0x00000060ed000000,0x00000060ed100000] [id=47128]
  0x000001fd366b9800 GCTaskThread "GC Thread#9" [stack: 0x00000060ed100000,0x00000060ed200000] [id=35756]
  0x000001fd366ba000 GCTaskThread "GC Thread#10" [stack: 0x00000060ed200000,0x00000060ed300000] [id=32024]
  0x000001fd366bc800 GCTaskThread "GC Thread#11" [stack: 0x00000060ed300000,0x00000060ed400000] [id=38620]
  0x000001fd366b6800 GCTaskThread "GC Thread#12" [stack: 0x00000060edb00000,0x00000060edc00000] [id=36320]
  0x000001fd05bcf800 ConcurrentGCThread "G1 Main Marker" [stack: 0x00000060eaf00000,0x00000060eb000000] [id=12324]
  0x000001fd05bd2000 ConcurrentGCThread "G1 Conc#0" [stack: 0x00000060eb000000,0x00000060eb100000] [id=44856]
  0x000001fd366bb000 ConcurrentGCThread "G1 Conc#1" [stack: 0x00000060edc00000,0x00000060edd00000] [id=36988]
  0x000001fd366b7800 ConcurrentGCThread "G1 Conc#2" [stack: 0x00000060edd00000,0x00000060ede00000] [id=20788]
  0x000001fd3378a800 ConcurrentGCThread "G1 Refine#0" [stack: 0x00000060eb100000,0x00000060eb200000] [id=38520]
  0x000001fd3378c800 ConcurrentGCThread "G1 Young RemSet Sampling" [stack: 0x00000060eb200000,0x00000060eb300000] [id=39268]

Threads with active compile tasks:

VM state:not at safepoint (normal execution)

VM Mutex/Monitor currently owned by a thread: None

Heap address: 0x0000000600e00000, size: 8178 MB, Compressed Oops mode: Zero based, Oop shift amount: 3
Narrow klass base: 0x0000000800000000, Narrow klass shift: 0
Compressed class space size: 1073741824 Address: 0x0000000800000000

Heap:
 garbage-first heap   total 524288K, used 39405K [0x0000000600e00000, 0x0000000800000000)
  region size 2048K, 18 young (36864K), 5 survivors (10240K)
 Metaspace       used 61626K, capacity 64015K, committed 64164K, reserved 1103872K
  class space    used 7934K, capacity 9193K, committed 9292K, reserved 1048576K
Heap Regions: E=young(eden), S=young(survivor), O=old, HS=humongous(starts), HC=humongous(continues), CS=collection set, F=free, A=archive, TAMS=top-at-mark-start (previous, next)
|   0|0x0000000600e00000, 0x0000000601000000, 0x0000000601000000|100%| O|  |TAMS 0x0000000601000000, 0x0000000600e00000| Untracked 
|   1|0x0000000601000000, 0x0000000601200000, 0x0000000601200000|100%| O|  |TAMS 0x0000000601200000, 0x0000000601000000| Untracked 
|   2|0x0000000601200000, 0x0000000601343e00, 0x0000000601400000| 63%| O|  |TAMS 0x0000000601343e00, 0x0000000601200000| Untracked 
|   3|0x0000000601400000, 0x0000000601400000, 0x0000000601600000|  0%| F|  |TAMS 0x0000000601400000, 0x0000000601400000| Untracked 
|   4|0x0000000601600000, 0x0000000601600000, 0x0000000601800000|  0%| F|  |TAMS 0x0000000601600000, 0x0000000601600000| Untracked 
|   5|0x0000000601800000, 0x0000000601800000, 0x0000000601a00000|  0%| F|  |TAMS 0x0000000601800000, 0x0000000601800000| Untracked 
|   6|0x0000000601a00000, 0x0000000601a00000, 0x0000000601c00000|  0%| F|  |TAMS 0x0000000601a00000, 0x0000000601a00000| Untracked 
|   7|0x0000000601c00000, 0x0000000601c00000, 0x0000000601e00000|  0%| F|  |TAMS 0x0000000601c00000, 0x0000000601c00000| Untracked 
|   8|0x0000000601e00000, 0x0000000601e00000, 0x0000000602000000|  0%| F|  |TAMS 0x0000000601e00000, 0x0000000601e00000| Untracked 
|   9|0x0000000602000000, 0x0000000602000000, 0x0000000602200000|  0%| F|  |TAMS 0x0000000602000000, 0x0000000602000000| Untracked 
|  10|0x0000000602200000, 0x0000000602200000, 0x0000000602400000|  0%| F|  |TAMS 0x0000000602200000, 0x0000000602200000| Untracked 
|  11|0x0000000602400000, 0x0000000602400000, 0x0000000602600000|  0%| F|  |TAMS 0x0000000602400000, 0x0000000602400000| Untracked 
|  12|0x0000000602600000, 0x0000000602600000, 0x0000000602800000|  0%| F|  |TAMS 0x0000000602600000, 0x0000000602600000| Untracked 
|  13|0x0000000602800000, 0x0000000602800000, 0x0000000602a00000|  0%| F|  |TAMS 0x0000000602800000, 0x0000000602800000| Untracked 
|  14|0x0000000602a00000, 0x0000000602a00000, 0x0000000602c00000|  0%| F|  |TAMS 0x0000000602a00000, 0x0000000602a00000| Untracked 
|  15|0x0000000602c00000, 0x0000000602c00000, 0x0000000602e00000|  0%| F|  |TAMS 0x0000000602c00000, 0x0000000602c00000| Untracked 
|  16|0x0000000602e00000, 0x0000000602e00000, 0x0000000603000000|  0%| F|  |TAMS 0x0000000602e00000, 0x0000000602e00000| Untracked 
|  17|0x0000000603000000, 0x0000000603000000, 0x0000000603200000|  0%| F|  |TAMS 0x0000000603000000, 0x0000000603000000| Untracked 
|  18|0x0000000603200000, 0x0000000603200000, 0x0000000603400000|  0%| F|  |TAMS 0x0000000603200000, 0x0000000603200000| Untracked 
|  19|0x0000000603400000, 0x0000000603400000, 0x0000000603600000|  0%| F|  |TAMS 0x0000000603400000, 0x0000000603400000| Untracked 
|  20|0x0000000603600000, 0x0000000603600000, 0x0000000603800000|  0%| F|  |TAMS 0x0000000603600000, 0x0000000603600000| Untracked 
|  21|0x0000000603800000, 0x0000000603800000, 0x0000000603a00000|  0%| F|  |TAMS 0x0000000603800000, 0x0000000603800000| Untracked 
|  22|0x0000000603a00000, 0x0000000603a00000, 0x0000000603c00000|  0%| F|  |TAMS 0x0000000603a00000, 0x0000000603a00000| Untracked 
|  23|0x0000000603c00000, 0x0000000603c00000, 0x0000000603e00000|  0%| F|  |TAMS 0x0000000603c00000, 0x0000000603c00000| Untracked 
|  24|0x0000000603e00000, 0x0000000603e00000, 0x0000000604000000|  0%| F|  |TAMS 0x0000000603e00000, 0x0000000603e00000| Untracked 
|  25|0x0000000604000000, 0x0000000604000000, 0x0000000604200000|  0%| F|  |TAMS 0x0000000604000000, 0x0000000604000000| Untracked 
|  26|0x0000000604200000, 0x0000000604200000, 0x0000000604400000|  0%| F|  |TAMS 0x0000000604200000, 0x0000000604200000| Untracked 
|  27|0x0000000604400000, 0x0000000604400000, 0x0000000604600000|  0%| F|  |TAMS 0x0000000604400000, 0x0000000604400000| Untracked 
|  28|0x0000000604600000, 0x0000000604600000, 0x0000000604800000|  0%| F|  |TAMS 0x0000000604600000, 0x0000000604600000| Untracked 
|  29|0x0000000604800000, 0x0000000604800000, 0x0000000604a00000|  0%| F|  |TAMS 0x0000000604800000, 0x0000000604800000| Untracked 
|  30|0x0000000604a00000, 0x0000000604a00000, 0x0000000604c00000|  0%| F|  |TAMS 0x0000000604a00000, 0x0000000604a00000| Untracked 
|  31|0x0000000604c00000, 0x0000000604c00000, 0x0000000604e00000|  0%| F|  |TAMS 0x0000000604c00000, 0x0000000604c00000| Untracked 
|  32|0x0000000604e00000, 0x0000000604e00000, 0x0000000605000000|  0%| F|  |TAMS 0x0000000604e00000, 0x0000000604e00000| Untracked 
|  33|0x0000000605000000, 0x0000000605000000, 0x0000000605200000|  0%| F|  |TAMS 0x0000000605000000, 0x0000000605000000| Untracked 
|  34|0x0000000605200000, 0x0000000605200000, 0x0000000605400000|  0%| F|  |TAMS 0x0000000605200000, 0x0000000605200000| Untracked 
|  35|0x0000000605400000, 0x0000000605400000, 0x0000000605600000|  0%| F|  |TAMS 0x0000000605400000, 0x0000000605400000| Untracked 
|  36|0x0000000605600000, 0x0000000605600000, 0x0000000605800000|  0%| F|  |TAMS 0x0000000605600000, 0x0000000605600000| Untracked 
|  37|0x0000000605800000, 0x0000000605800000, 0x0000000605a00000|  0%| F|  |TAMS 0x0000000605800000, 0x0000000605800000| Untracked 
|  38|0x0000000605a00000, 0x0000000605a00000, 0x0000000605c00000|  0%| F|  |TAMS 0x0000000605a00000, 0x0000000605a00000| Untracked 
|  39|0x0000000605c00000, 0x0000000605c00000, 0x0000000605e00000|  0%| F|  |TAMS 0x0000000605c00000, 0x0000000605c00000| Untracked 
|  40|0x0000000605e00000, 0x0000000605e00000, 0x0000000606000000|  0%| F|  |TAMS 0x0000000605e00000, 0x0000000605e00000| Untracked 
|  41|0x0000000606000000, 0x0000000606000000, 0x0000000606200000|  0%| F|  |TAMS 0x0000000606000000, 0x0000000606000000| Untracked 
|  42|0x0000000606200000, 0x0000000606200000, 0x0000000606400000|  0%| F|  |TAMS 0x0000000606200000, 0x0000000606200000| Untracked 
|  43|0x0000000606400000, 0x0000000606400000, 0x0000000606600000|  0%| F|  |TAMS 0x0000000606400000, 0x0000000606400000| Untracked 
|  44|0x0000000606600000, 0x0000000606600000, 0x0000000606800000|  0%| F|  |TAMS 0x0000000606600000, 0x0000000606600000| Untracked 
|  45|0x0000000606800000, 0x0000000606800000, 0x0000000606a00000|  0%| F|  |TAMS 0x0000000606800000, 0x0000000606800000| Untracked 
|  46|0x0000000606a00000, 0x0000000606a00000, 0x0000000606c00000|  0%| F|  |TAMS 0x0000000606a00000, 0x0000000606a00000| Untracked 
|  47|0x0000000606c00000, 0x0000000606c00000, 0x0000000606e00000|  0%| F|  |TAMS 0x0000000606c00000, 0x0000000606c00000| Untracked 
|  48|0x0000000606e00000, 0x0000000606e00000, 0x0000000607000000|  0%| F|  |TAMS 0x0000000606e00000, 0x0000000606e00000| Untracked 
|  49|0x0000000607000000, 0x0000000607000000, 0x0000000607200000|  0%| F|  |TAMS 0x0000000607000000, 0x0000000607000000| Untracked 
|  50|0x0000000607200000, 0x0000000607200000, 0x0000000607400000|  0%| F|  |TAMS 0x0000000607200000, 0x0000000607200000| Untracked 
|  51|0x0000000607400000, 0x0000000607400000, 0x0000000607600000|  0%| F|  |TAMS 0x0000000607400000, 0x0000000607400000| Untracked 
|  52|0x0000000607600000, 0x0000000607600000, 0x0000000607800000|  0%| F|  |TAMS 0x0000000607600000, 0x0000000607600000| Untracked 
|  53|0x0000000607800000, 0x0000000607800000, 0x0000000607a00000|  0%| F|  |TAMS 0x0000000607800000, 0x0000000607800000| Untracked 
|  54|0x0000000607a00000, 0x0000000607a00000, 0x0000000607c00000|  0%| F|  |TAMS 0x0000000607a00000, 0x0000000607a00000| Untracked 
|  55|0x0000000607c00000, 0x0000000607c00000, 0x0000000607e00000|  0%| F|  |TAMS 0x0000000607c00000, 0x0000000607c00000| Untracked 
|  56|0x0000000607e00000, 0x0000000607e00000, 0x0000000608000000|  0%| F|  |TAMS 0x0000000607e00000, 0x0000000607e00000| Untracked 
|  57|0x0000000608000000, 0x0000000608000000, 0x0000000608200000|  0%| F|  |TAMS 0x0000000608000000, 0x0000000608000000| Untracked 
|  58|0x0000000608200000, 0x0000000608200000, 0x0000000608400000|  0%| F|  |TAMS 0x0000000608200000, 0x0000000608200000| Untracked 
|  59|0x0000000608400000, 0x0000000608400000, 0x0000000608600000|  0%| F|  |TAMS 0x0000000608400000, 0x0000000608400000| Untracked 
|  60|0x0000000608600000, 0x0000000608600000, 0x0000000608800000|  0%| F|  |TAMS 0x0000000608600000, 0x0000000608600000| Untracked 
|  61|0x0000000608800000, 0x0000000608800000, 0x0000000608a00000|  0%| F|  |TAMS 0x0000000608800000, 0x0000000608800000| Untracked 
|  62|0x0000000608a00000, 0x0000000608a00000, 0x0000000608c00000|  0%| F|  |TAMS 0x0000000608a00000, 0x0000000608a00000| Untracked 
|  63|0x0000000608c00000, 0x0000000608c00000, 0x0000000608e00000|  0%| F|  |TAMS 0x0000000608c00000, 0x0000000608c00000| Untracked 
|  64|0x0000000608e00000, 0x0000000608e00000, 0x0000000609000000|  0%| F|  |TAMS 0x0000000608e00000, 0x0000000608e00000| Untracked 
|  65|0x0000000609000000, 0x0000000609000000, 0x0000000609200000|  0%| F|  |TAMS 0x0000000609000000, 0x0000000609000000| Untracked 
|  66|0x0000000609200000, 0x0000000609200000, 0x0000000609400000|  0%| F|  |TAMS 0x0000000609200000, 0x0000000609200000| Untracked 
|  67|0x0000000609400000, 0x0000000609400000, 0x0000000609600000|  0%| F|  |TAMS 0x0000000609400000, 0x0000000609400000| Untracked 
|  68|0x0000000609600000, 0x0000000609600000, 0x0000000609800000|  0%| F|  |TAMS 0x0000000609600000, 0x0000000609600000| Untracked 
|  69|0x0000000609800000, 0x0000000609800000, 0x0000000609a00000|  0%| F|  |TAMS 0x0000000609800000, 0x0000000609800000| Untracked 
|  70|0x0000000609a00000, 0x0000000609a00000, 0x0000000609c00000|  0%| F|  |TAMS 0x0000000609a00000, 0x0000000609a00000| Untracked 
|  71|0x0000000609c00000, 0x0000000609c00000, 0x0000000609e00000|  0%| F|  |TAMS 0x0000000609c00000, 0x0000000609c00000| Untracked 
|  72|0x0000000609e00000, 0x0000000609e00000, 0x000000060a000000|  0%| F|  |TAMS 0x0000000609e00000, 0x0000000609e00000| Untracked 
|  73|0x000000060a000000, 0x000000060a000000, 0x000000060a200000|  0%| F|  |TAMS 0x000000060a000000, 0x000000060a000000| Untracked 
|  74|0x000000060a200000, 0x000000060a200000, 0x000000060a400000|  0%| F|  |TAMS 0x000000060a200000, 0x000000060a200000| Untracked 
|  75|0x000000060a400000, 0x000000060a400000, 0x000000060a600000|  0%| F|  |TAMS 0x000000060a400000, 0x000000060a400000| Untracked 
|  76|0x000000060a600000, 0x000000060a600000, 0x000000060a800000|  0%| F|  |TAMS 0x000000060a600000, 0x000000060a600000| Untracked 
|  77|0x000000060a800000, 0x000000060a800000, 0x000000060aa00000|  0%| F|  |TAMS 0x000000060a800000, 0x000000060a800000| Untracked 
|  78|0x000000060aa00000, 0x000000060aa00000, 0x000000060ac00000|  0%| F|  |TAMS 0x000000060aa00000, 0x000000060aa00000| Untracked 
|  79|0x000000060ac00000, 0x000000060ac00000, 0x000000060ae00000|  0%| F|  |TAMS 0x000000060ac00000, 0x000000060ac00000| Untracked 
|  80|0x000000060ae00000, 0x000000060ae00000, 0x000000060b000000|  0%| F|  |TAMS 0x000000060ae00000, 0x000000060ae00000| Untracked 
|  81|0x000000060b000000, 0x000000060b000000, 0x000000060b200000|  0%| F|  |TAMS 0x000000060b000000, 0x000000060b000000| Untracked 
|  82|0x000000060b200000, 0x000000060b200000, 0x000000060b400000|  0%| F|  |TAMS 0x000000060b200000, 0x000000060b200000| Untracked 
|  83|0x000000060b400000, 0x000000060b400000, 0x000000060b600000|  0%| F|  |TAMS 0x000000060b400000, 0x000000060b400000| Untracked 
|  84|0x000000060b600000, 0x000000060b600000, 0x000000060b800000|  0%| F|  |TAMS 0x000000060b600000, 0x000000060b600000| Untracked 
|  85|0x000000060b800000, 0x000000060b800000, 0x000000060ba00000|  0%| F|  |TAMS 0x000000060b800000, 0x000000060b800000| Untracked 
|  86|0x000000060ba00000, 0x000000060ba00000, 0x000000060bc00000|  0%| F|  |TAMS 0x000000060ba00000, 0x000000060ba00000| Untracked 
|  87|0x000000060bc00000, 0x000000060bc00000, 0x000000060be00000|  0%| F|  |TAMS 0x000000060bc00000, 0x000000060bc00000| Untracked 
|  88|0x000000060be00000, 0x000000060be00000, 0x000000060c000000|  0%| F|  |TAMS 0x000000060be00000, 0x000000060be00000| Untracked 
|  89|0x000000060c000000, 0x000000060c000000, 0x000000060c200000|  0%| F|  |TAMS 0x000000060c000000, 0x000000060c000000| Untracked 
|  90|0x000000060c200000, 0x000000060c200000, 0x000000060c400000|  0%| F|  |TAMS 0x000000060c200000, 0x000000060c200000| Untracked 
|  91|0x000000060c400000, 0x000000060c400000, 0x000000060c600000|  0%| F|  |TAMS 0x000000060c400000, 0x000000060c400000| Untracked 
|  92|0x000000060c600000, 0x000000060c600000, 0x000000060c800000|  0%| F|  |TAMS 0x000000060c600000, 0x000000060c600000| Untracked 
|  93|0x000000060c800000, 0x000000060c800000, 0x000000060ca00000|  0%| F|  |TAMS 0x000000060c800000, 0x000000060c800000| Untracked 
|  94|0x000000060ca00000, 0x000000060ca00000, 0x000000060cc00000|  0%| F|  |TAMS 0x000000060ca00000, 0x000000060ca00000| Untracked 
|  95|0x000000060cc00000, 0x000000060cc00000, 0x000000060ce00000|  0%| F|  |TAMS 0x000000060cc00000, 0x000000060cc00000| Untracked 
|  96|0x000000060ce00000, 0x000000060ce00000, 0x000000060d000000|  0%| F|  |TAMS 0x000000060ce00000, 0x000000060ce00000| Untracked 
|  97|0x000000060d000000, 0x000000060d000000, 0x000000060d200000|  0%| F|  |TAMS 0x000000060d000000, 0x000000060d000000| Untracked 
|  98|0x000000060d200000, 0x000000060d200000, 0x000000060d400000|  0%| F|  |TAMS 0x000000060d200000, 0x000000060d200000| Untracked 
|  99|0x000000060d400000, 0x000000060d400000, 0x000000060d600000|  0%| F|  |TAMS 0x000000060d400000, 0x000000060d400000| Untracked 
| 100|0x000000060d600000, 0x000000060d600000, 0x000000060d800000|  0%| F|  |TAMS 0x000000060d600000, 0x000000060d600000| Untracked 
| 101|0x000000060d800000, 0x000000060d800000, 0x000000060da00000|  0%| F|  |TAMS 0x000000060d800000, 0x000000060d800000| Untracked 
| 102|0x000000060da00000, 0x000000060da00000, 0x000000060dc00000|  0%| F|  |TAMS 0x000000060da00000, 0x000000060da00000| Untracked 
| 103|0x000000060dc00000, 0x000000060dc00000, 0x000000060de00000|  0%| F|  |TAMS 0x000000060dc00000, 0x000000060dc00000| Untracked 
| 104|0x000000060de00000, 0x000000060de00000, 0x000000060e000000|  0%| F|  |TAMS 0x000000060de00000, 0x000000060de00000| Untracked 
| 105|0x000000060e000000, 0x000000060e000000, 0x000000060e200000|  0%| F|  |TAMS 0x000000060e000000, 0x000000060e000000| Untracked 
| 106|0x000000060e200000, 0x000000060e200000, 0x000000060e400000|  0%| F|  |TAMS 0x000000060e200000, 0x000000060e200000| Untracked 
| 107|0x000000060e400000, 0x000000060e400000, 0x000000060e600000|  0%| F|  |TAMS 0x000000060e400000, 0x000000060e400000| Untracked 
| 108|0x000000060e600000, 0x000000060e600000, 0x000000060e800000|  0%| F|  |TAMS 0x000000060e600000, 0x000000060e600000| Untracked 
| 109|0x000000060e800000, 0x000000060e800000, 0x000000060ea00000|  0%| F|  |TAMS 0x000000060e800000, 0x000000060e800000| Untracked 
| 110|0x000000060ea00000, 0x000000060ea00000, 0x000000060ec00000|  0%| F|  |TAMS 0x000000060ea00000, 0x000000060ea00000| Untracked 
| 111|0x000000060ec00000, 0x000000060ec00000, 0x000000060ee00000|  0%| F|  |TAMS 0x000000060ec00000, 0x000000060ec00000| Untracked 
| 112|0x000000060ee00000, 0x000000060ee00000, 0x000000060f000000|  0%| F|  |TAMS 0x000000060ee00000, 0x000000060ee00000| Untracked 
| 113|0x000000060f000000, 0x000000060f000000, 0x000000060f200000|  0%| F|  |TAMS 0x000000060f000000, 0x000000060f000000| Untracked 
| 114|0x000000060f200000, 0x000000060f200000, 0x000000060f400000|  0%| F|  |TAMS 0x000000060f200000, 0x000000060f200000| Untracked 
| 115|0x000000060f400000, 0x000000060f400000, 0x000000060f600000|  0%| F|  |TAMS 0x000000060f400000, 0x000000060f400000| Untracked 
| 116|0x000000060f600000, 0x000000060f600000, 0x000000060f800000|  0%| F|  |TAMS 0x000000060f600000, 0x000000060f600000| Untracked 
| 117|0x000000060f800000, 0x000000060f800000, 0x000000060fa00000|  0%| F|  |TAMS 0x000000060f800000, 0x000000060f800000| Untracked 
| 118|0x000000060fa00000, 0x000000060fa00000, 0x000000060fc00000|  0%| F|  |TAMS 0x000000060fa00000, 0x000000060fa00000| Untracked 
| 119|0x000000060fc00000, 0x000000060fc00000, 0x000000060fe00000|  0%| F|  |TAMS 0x000000060fc00000, 0x000000060fc00000| Untracked 
| 120|0x000000060fe00000, 0x000000060fe00000, 0x0000000610000000|  0%| F|  |TAMS 0x000000060fe00000, 0x000000060fe00000| Untracked 
| 121|0x0000000610000000, 0x0000000610000000, 0x0000000610200000|  0%| F|  |TAMS 0x0000000610000000, 0x0000000610000000| Untracked 
| 122|0x0000000610200000, 0x0000000610200000, 0x0000000610400000|  0%| F|  |TAMS 0x0000000610200000, 0x0000000610200000| Untracked 
| 123|0x0000000610400000, 0x0000000610400000, 0x0000000610600000|  0%| F|  |TAMS 0x0000000610400000, 0x0000000610400000| Untracked 
| 124|0x0000000610600000, 0x0000000610600000, 0x0000000610800000|  0%| F|  |TAMS 0x0000000610600000, 0x0000000610600000| Untracked 
| 125|0x0000000610800000, 0x0000000610800000, 0x0000000610a00000|  0%| F|  |TAMS 0x0000000610800000, 0x0000000610800000| Untracked 
| 126|0x0000000610a00000, 0x0000000610a00000, 0x0000000610c00000|  0%| F|  |TAMS 0x0000000610a00000, 0x0000000610a00000| Untracked 
| 127|0x0000000610c00000, 0x0000000610c00000, 0x0000000610e00000|  0%| F|  |TAMS 0x0000000610c00000, 0x0000000610c00000| Untracked 
| 128|0x0000000610e00000, 0x0000000610e00000, 0x0000000611000000|  0%| F|  |TAMS 0x0000000610e00000, 0x0000000610e00000| Untracked 
| 129|0x0000000611000000, 0x0000000611000000, 0x0000000611200000|  0%| F|  |TAMS 0x0000000611000000, 0x0000000611000000| Untracked 
| 130|0x0000000611200000, 0x0000000611200000, 0x0000000611400000|  0%| F|  |TAMS 0x0000000611200000, 0x0000000611200000| Untracked 
| 131|0x0000000611400000, 0x0000000611400000, 0x0000000611600000|  0%| F|  |TAMS 0x0000000611400000, 0x0000000611400000| Untracked 
| 132|0x0000000611600000, 0x0000000611600000, 0x0000000611800000|  0%| F|  |TAMS 0x0000000611600000, 0x0000000611600000| Untracked 
| 133|0x0000000611800000, 0x0000000611800000, 0x0000000611a00000|  0%| F|  |TAMS 0x0000000611800000, 0x0000000611800000| Untracked 
| 134|0x0000000611a00000, 0x0000000611a00000, 0x0000000611c00000|  0%| F|  |TAMS 0x0000000611a00000, 0x0000000611a00000| Untracked 
| 135|0x0000000611c00000, 0x0000000611c00000, 0x0000000611e00000|  0%| F|  |TAMS 0x0000000611c00000, 0x0000000611c00000| Untracked 
| 136|0x0000000611e00000, 0x0000000611e00000, 0x0000000612000000|  0%| F|  |TAMS 0x0000000611e00000, 0x0000000611e00000| Untracked 
| 137|0x0000000612000000, 0x0000000612000000, 0x0000000612200000|  0%| F|  |TAMS 0x0000000612000000, 0x0000000612000000| Untracked 
| 138|0x0000000612200000, 0x0000000612200000, 0x0000000612400000|  0%| F|  |TAMS 0x0000000612200000, 0x0000000612200000| Untracked 
| 139|0x0000000612400000, 0x0000000612400000, 0x0000000612600000|  0%| F|  |TAMS 0x0000000612400000, 0x0000000612400000| Untracked 
| 140|0x0000000612600000, 0x0000000612600000, 0x0000000612800000|  0%| F|  |TAMS 0x0000000612600000, 0x0000000612600000| Untracked 
| 141|0x0000000612800000, 0x0000000612800000, 0x0000000612a00000|  0%| F|  |TAMS 0x0000000612800000, 0x0000000612800000| Untracked 
| 142|0x0000000612a00000, 0x0000000612a00000, 0x0000000612c00000|  0%| F|  |TAMS 0x0000000612a00000, 0x0000000612a00000| Untracked 
| 143|0x0000000612c00000, 0x0000000612c00000, 0x0000000612e00000|  0%| F|  |TAMS 0x0000000612c00000, 0x0000000612c00000| Untracked 
| 144|0x0000000612e00000, 0x0000000612e00000, 0x0000000613000000|  0%| F|  |TAMS 0x0000000612e00000, 0x0000000612e00000| Untracked 
| 145|0x0000000613000000, 0x0000000613000000, 0x0000000613200000|  0%| F|  |TAMS 0x0000000613000000, 0x0000000613000000| Untracked 
| 146|0x0000000613200000, 0x0000000613200000, 0x0000000613400000|  0%| F|  |TAMS 0x0000000613200000, 0x0000000613200000| Untracked 
| 147|0x0000000613400000, 0x0000000613400000, 0x0000000613600000|  0%| F|  |TAMS 0x0000000613400000, 0x0000000613400000| Untracked 
| 148|0x0000000613600000, 0x0000000613600000, 0x0000000613800000|  0%| F|  |TAMS 0x0000000613600000, 0x0000000613600000| Untracked 
| 149|0x0000000613800000, 0x0000000613800000, 0x0000000613a00000|  0%| F|  |TAMS 0x0000000613800000, 0x0000000613800000| Untracked 
| 150|0x0000000613a00000, 0x0000000613a00000, 0x0000000613c00000|  0%| F|  |TAMS 0x0000000613a00000, 0x0000000613a00000| Untracked 
| 151|0x0000000613c00000, 0x0000000613c00000, 0x0000000613e00000|  0%| F|  |TAMS 0x0000000613c00000, 0x0000000613c00000| Untracked 
| 152|0x0000000613e00000, 0x0000000613e00000, 0x0000000614000000|  0%| F|  |TAMS 0x0000000613e00000, 0x0000000613e00000| Untracked 
| 153|0x0000000614000000, 0x0000000614000000, 0x0000000614200000|  0%| F|  |TAMS 0x0000000614000000, 0x0000000614000000| Untracked 
| 154|0x0000000614200000, 0x0000000614200000, 0x0000000614400000|  0%| F|  |TAMS 0x0000000614200000, 0x0000000614200000| Untracked 
| 155|0x0000000614400000, 0x0000000614400000, 0x0000000614600000|  0%| F|  |TAMS 0x0000000614400000, 0x0000000614400000| Untracked 
| 156|0x0000000614600000, 0x0000000614600000, 0x0000000614800000|  0%| F|  |TAMS 0x0000000614600000, 0x0000000614600000| Untracked 
| 157|0x0000000614800000, 0x0000000614800000, 0x0000000614a00000|  0%| F|  |TAMS 0x0000000614800000, 0x0000000614800000| Untracked 
| 158|0x0000000614a00000, 0x0000000614a00000, 0x0000000614c00000|  0%| F|  |TAMS 0x0000000614a00000, 0x0000000614a00000| Untracked 
| 159|0x0000000614c00000, 0x0000000614c00000, 0x0000000614e00000|  0%| F|  |TAMS 0x0000000614c00000, 0x0000000614c00000| Untracked 
| 160|0x0000000614e00000, 0x0000000614e00000, 0x0000000615000000|  0%| F|  |TAMS 0x0000000614e00000, 0x0000000614e00000| Untracked 
| 161|0x0000000615000000, 0x0000000615000000, 0x0000000615200000|  0%| F|  |TAMS 0x0000000615000000, 0x0000000615000000| Untracked 
| 162|0x0000000615200000, 0x0000000615200000, 0x0000000615400000|  0%| F|  |TAMS 0x0000000615200000, 0x0000000615200000| Untracked 
| 163|0x0000000615400000, 0x0000000615400000, 0x0000000615600000|  0%| F|  |TAMS 0x0000000615400000, 0x0000000615400000| Untracked 
| 164|0x0000000615600000, 0x0000000615600000, 0x0000000615800000|  0%| F|  |TAMS 0x0000000615600000, 0x0000000615600000| Untracked 
| 165|0x0000000615800000, 0x0000000615800000, 0x0000000615a00000|  0%| F|  |TAMS 0x0000000615800000, 0x0000000615800000| Untracked 
| 166|0x0000000615a00000, 0x0000000615a00000, 0x0000000615c00000|  0%| F|  |TAMS 0x0000000615a00000, 0x0000000615a00000| Untracked 
| 167|0x0000000615c00000, 0x0000000615c00000, 0x0000000615e00000|  0%| F|  |TAMS 0x0000000615c00000, 0x0000000615c00000| Untracked 
| 168|0x0000000615e00000, 0x0000000615e00000, 0x0000000616000000|  0%| F|  |TAMS 0x0000000615e00000, 0x0000000615e00000| Untracked 
| 169|0x0000000616000000, 0x0000000616000000, 0x0000000616200000|  0%| F|  |TAMS 0x0000000616000000, 0x0000000616000000| Untracked 
| 170|0x0000000616200000, 0x0000000616200000, 0x0000000616400000|  0%| F|  |TAMS 0x0000000616200000, 0x0000000616200000| Untracked 
| 171|0x0000000616400000, 0x0000000616400000, 0x0000000616600000|  0%| F|  |TAMS 0x0000000616400000, 0x0000000616400000| Untracked 
| 172|0x0000000616600000, 0x0000000616600000, 0x0000000616800000|  0%| F|  |TAMS 0x0000000616600000, 0x0000000616600000| Untracked 
| 173|0x0000000616800000, 0x0000000616800000, 0x0000000616a00000|  0%| F|  |TAMS 0x0000000616800000, 0x0000000616800000| Untracked 
| 174|0x0000000616a00000, 0x0000000616a00000, 0x0000000616c00000|  0%| F|  |TAMS 0x0000000616a00000, 0x0000000616a00000| Untracked 
| 175|0x0000000616c00000, 0x0000000616c00000, 0x0000000616e00000|  0%| F|  |TAMS 0x0000000616c00000, 0x0000000616c00000| Untracked 
| 176|0x0000000616e00000, 0x0000000616e00000, 0x0000000617000000|  0%| F|  |TAMS 0x0000000616e00000, 0x0000000616e00000| Untracked 
| 177|0x0000000617000000, 0x0000000617000000, 0x0000000617200000|  0%| F|  |TAMS 0x0000000617000000, 0x0000000617000000| Untracked 
| 178|0x0000000617200000, 0x0000000617200000, 0x0000000617400000|  0%| F|  |TAMS 0x0000000617200000, 0x0000000617200000| Untracked 
| 179|0x0000000617400000, 0x0000000617400000, 0x0000000617600000|  0%| F|  |TAMS 0x0000000617400000, 0x0000000617400000| Untracked 
| 180|0x0000000617600000, 0x0000000617600000, 0x0000000617800000|  0%| F|  |TAMS 0x0000000617600000, 0x0000000617600000| Untracked 
| 181|0x0000000617800000, 0x0000000617800000, 0x0000000617a00000|  0%| F|  |TAMS 0x0000000617800000, 0x0000000617800000| Untracked 
| 182|0x0000000617a00000, 0x0000000617a00000, 0x0000000617c00000|  0%| F|  |TAMS 0x0000000617a00000, 0x0000000617a00000| Untracked 
| 183|0x0000000617c00000, 0x0000000617c00000, 0x0000000617e00000|  0%| F|  |TAMS 0x0000000617c00000, 0x0000000617c00000| Untracked 
| 184|0x0000000617e00000, 0x0000000617e00000, 0x0000000618000000|  0%| F|  |TAMS 0x0000000617e00000, 0x0000000617e00000| Untracked 
| 185|0x0000000618000000, 0x0000000618000000, 0x0000000618200000|  0%| F|  |TAMS 0x0000000618000000, 0x0000000618000000| Untracked 
| 186|0x0000000618200000, 0x0000000618200000, 0x0000000618400000|  0%| F|  |TAMS 0x0000000618200000, 0x0000000618200000| Untracked 
| 187|0x0000000618400000, 0x0000000618400000, 0x0000000618600000|  0%| F|  |TAMS 0x0000000618400000, 0x0000000618400000| Untracked 
| 188|0x0000000618600000, 0x0000000618600000, 0x0000000618800000|  0%| F|  |TAMS 0x0000000618600000, 0x0000000618600000| Untracked 
| 189|0x0000000618800000, 0x0000000618800000, 0x0000000618a00000|  0%| F|  |TAMS 0x0000000618800000, 0x0000000618800000| Untracked 
| 190|0x0000000618a00000, 0x0000000618a00000, 0x0000000618c00000|  0%| F|  |TAMS 0x0000000618a00000, 0x0000000618a00000| Untracked 
| 191|0x0000000618c00000, 0x0000000618c00000, 0x0000000618e00000|  0%| F|  |TAMS 0x0000000618c00000, 0x0000000618c00000| Untracked 
| 192|0x0000000618e00000, 0x0000000618e00000, 0x0000000619000000|  0%| F|  |TAMS 0x0000000618e00000, 0x0000000618e00000| Untracked 
| 193|0x0000000619000000, 0x0000000619000000, 0x0000000619200000|  0%| F|  |TAMS 0x0000000619000000, 0x0000000619000000| Untracked 
| 194|0x0000000619200000, 0x0000000619200000, 0x0000000619400000|  0%| F|  |TAMS 0x0000000619200000, 0x0000000619200000| Untracked 
| 195|0x0000000619400000, 0x0000000619400000, 0x0000000619600000|  0%| F|  |TAMS 0x0000000619400000, 0x0000000619400000| Untracked 
| 196|0x0000000619600000, 0x0000000619600000, 0x0000000619800000|  0%| F|  |TAMS 0x0000000619600000, 0x0000000619600000| Untracked 
| 197|0x0000000619800000, 0x0000000619800000, 0x0000000619a00000|  0%| F|  |TAMS 0x0000000619800000, 0x0000000619800000| Untracked 
| 198|0x0000000619a00000, 0x0000000619a00000, 0x0000000619c00000|  0%| F|  |TAMS 0x0000000619a00000, 0x0000000619a00000| Untracked 
| 199|0x0000000619c00000, 0x0000000619c00000, 0x0000000619e00000|  0%| F|  |TAMS 0x0000000619c00000, 0x0000000619c00000| Untracked 
| 200|0x0000000619e00000, 0x0000000619e00000, 0x000000061a000000|  0%| F|  |TAMS 0x0000000619e00000, 0x0000000619e00000| Untracked 
| 201|0x000000061a000000, 0x000000061a000000, 0x000000061a200000|  0%| F|  |TAMS 0x000000061a000000, 0x000000061a000000| Untracked 
| 202|0x000000061a200000, 0x000000061a200000, 0x000000061a400000|  0%| F|  |TAMS 0x000000061a200000, 0x000000061a200000| Untracked 
| 203|0x000000061a400000, 0x000000061a400000, 0x000000061a600000|  0%| F|  |TAMS 0x000000061a400000, 0x000000061a400000| Untracked 
| 204|0x000000061a600000, 0x000000061a600000, 0x000000061a800000|  0%| F|  |TAMS 0x000000061a600000, 0x000000061a600000| Untracked 
| 205|0x000000061a800000, 0x000000061a800000, 0x000000061aa00000|  0%| F|  |TAMS 0x000000061a800000, 0x000000061a800000| Untracked 
| 206|0x000000061aa00000, 0x000000061aa00000, 0x000000061ac00000|  0%| F|  |TAMS 0x000000061aa00000, 0x000000061aa00000| Untracked 
| 207|0x000000061ac00000, 0x000000061ac00000, 0x000000061ae00000|  0%| F|  |TAMS 0x000000061ac00000, 0x000000061ac00000| Untracked 
| 208|0x000000061ae00000, 0x000000061ae00000, 0x000000061b000000|  0%| F|  |TAMS 0x000000061ae00000, 0x000000061ae00000| Untracked 
| 209|0x000000061b000000, 0x000000061b000000, 0x000000061b200000|  0%| F|  |TAMS 0x000000061b000000, 0x000000061b000000| Untracked 
| 210|0x000000061b200000, 0x000000061b200000, 0x000000061b400000|  0%| F|  |TAMS 0x000000061b200000, 0x000000061b200000| Untracked 
| 211|0x000000061b400000, 0x000000061b400000, 0x000000061b600000|  0%| F|  |TAMS 0x000000061b400000, 0x000000061b400000| Untracked 
| 212|0x000000061b600000, 0x000000061b600000, 0x000000061b800000|  0%| F|  |TAMS 0x000000061b600000, 0x000000061b600000| Untracked 
| 213|0x000000061b800000, 0x000000061b800000, 0x000000061ba00000|  0%| F|  |TAMS 0x000000061b800000, 0x000000061b800000| Untracked 
| 214|0x000000061ba00000, 0x000000061ba00000, 0x000000061bc00000|  0%| F|  |TAMS 0x000000061ba00000, 0x000000061ba00000| Untracked 
| 215|0x000000061bc00000, 0x000000061bc00000, 0x000000061be00000|  0%| F|  |TAMS 0x000000061bc00000, 0x000000061bc00000| Untracked 
| 216|0x000000061be00000, 0x000000061be00000, 0x000000061c000000|  0%| F|  |TAMS 0x000000061be00000, 0x000000061be00000| Untracked 
| 217|0x000000061c000000, 0x000000061c000000, 0x000000061c200000|  0%| F|  |TAMS 0x000000061c000000, 0x000000061c000000| Untracked 
| 218|0x000000061c200000, 0x000000061c200000, 0x000000061c400000|  0%| F|  |TAMS 0x000000061c200000, 0x000000061c200000| Untracked 
| 219|0x000000061c400000, 0x000000061c400000, 0x000000061c600000|  0%| F|  |TAMS 0x000000061c400000, 0x000000061c400000| Untracked 
| 220|0x000000061c600000, 0x000000061c600000, 0x000000061c800000|  0%| F|  |TAMS 0x000000061c600000, 0x000000061c600000| Untracked 
| 221|0x000000061c800000, 0x000000061c800000, 0x000000061ca00000|  0%| F|  |TAMS 0x000000061c800000, 0x000000061c800000| Untracked 
| 222|0x000000061ca00000, 0x000000061ca00000, 0x000000061cc00000|  0%| F|  |TAMS 0x000000061ca00000, 0x000000061ca00000| Untracked 
| 223|0x000000061cc00000, 0x000000061cc00000, 0x000000061ce00000|  0%| F|  |TAMS 0x000000061cc00000, 0x000000061cc00000| Untracked 
| 224|0x000000061ce00000, 0x000000061ce00000, 0x000000061d000000|  0%| F|  |TAMS 0x000000061ce00000, 0x000000061ce00000| Untracked 
| 225|0x000000061d000000, 0x000000061d000000, 0x000000061d200000|  0%| F|  |TAMS 0x000000061d000000, 0x000000061d000000| Untracked 
| 226|0x000000061d200000, 0x000000061d200000, 0x000000061d400000|  0%| F|  |TAMS 0x000000061d200000, 0x000000061d200000| Untracked 
| 227|0x000000061d400000, 0x000000061d400000, 0x000000061d600000|  0%| F|  |TAMS 0x000000061d400000, 0x000000061d400000| Untracked 
| 228|0x000000061d600000, 0x000000061d600000, 0x000000061d800000|  0%| F|  |TAMS 0x000000061d600000, 0x000000061d600000| Untracked 
| 229|0x000000061d800000, 0x000000061d800000, 0x000000061da00000|  0%| F|  |TAMS 0x000000061d800000, 0x000000061d800000| Untracked 
| 230|0x000000061da00000, 0x000000061da00000, 0x000000061dc00000|  0%| F|  |TAMS 0x000000061da00000, 0x000000061da00000| Untracked 
| 231|0x000000061dc00000, 0x000000061dc00000, 0x000000061de00000|  0%| F|  |TAMS 0x000000061dc00000, 0x000000061dc00000| Untracked 
| 232|0x000000061de00000, 0x000000061df37658, 0x000000061e000000| 60%| S|CS|TAMS 0x000000061de00000, 0x000000061de00000| Complete 
| 233|0x000000061e000000, 0x000000061e200000, 0x000000061e200000|100%| S|CS|TAMS 0x000000061e000000, 0x000000061e000000| Complete 
| 234|0x000000061e200000, 0x000000061e400000, 0x000000061e400000|100%| S|CS|TAMS 0x000000061e200000, 0x000000061e200000| Complete 
| 235|0x000000061e400000, 0x000000061e600000, 0x000000061e600000|100%| S|CS|TAMS 0x000000061e400000, 0x000000061e400000| Complete 
| 236|0x000000061e600000, 0x000000061e800000, 0x000000061e800000|100%| S|CS|TAMS 0x000000061e600000, 0x000000061e600000| Complete 
| 237|0x000000061e800000, 0x000000061e800000, 0x000000061ea00000|  0%| F|  |TAMS 0x000000061e800000, 0x000000061e800000| Untracked 
| 238|0x000000061ea00000, 0x000000061ea00000, 0x000000061ec00000|  0%| F|  |TAMS 0x000000061ea00000, 0x000000061ea00000| Untracked 
| 239|0x000000061ec00000, 0x000000061ec00000, 0x000000061ee00000|  0%| F|  |TAMS 0x000000061ec00000, 0x000000061ec00000| Untracked 
| 240|0x000000061ee00000, 0x000000061ee00000, 0x000000061f000000|  0%| F|  |TAMS 0x000000061ee00000, 0x000000061ee00000| Untracked 
| 241|0x000000061f000000, 0x000000061f000000, 0x000000061f200000|  0%| F|  |TAMS 0x000000061f000000, 0x000000061f000000| Untracked 
| 242|0x000000061f200000, 0x000000061f200000, 0x000000061f400000|  0%| F|  |TAMS 0x000000061f200000, 0x000000061f200000| Untracked 
| 243|0x000000061f400000, 0x000000061f5e9090, 0x000000061f600000| 95%| E|  |TAMS 0x000000061f400000, 0x000000061f400000| Complete 
| 244|0x000000061f600000, 0x000000061f800000, 0x000000061f800000|100%| E|CS|TAMS 0x000000061f600000, 0x000000061f600000| Complete 
| 245|0x000000061f800000, 0x000000061fa00000, 0x000000061fa00000|100%| E|CS|TAMS 0x000000061f800000, 0x000000061f800000| Complete 
| 246|0x000000061fa00000, 0x000000061fc00000, 0x000000061fc00000|100%| E|CS|TAMS 0x000000061fa00000, 0x000000061fa00000| Complete 
| 247|0x000000061fc00000, 0x000000061fe00000, 0x000000061fe00000|100%| E|CS|TAMS 0x000000061fc00000, 0x000000061fc00000| Complete 
| 248|0x000000061fe00000, 0x0000000620000000, 0x0000000620000000|100%| E|CS|TAMS 0x000000061fe00000, 0x000000061fe00000| Complete 
| 249|0x0000000620000000, 0x0000000620200000, 0x0000000620200000|100%| E|CS|TAMS 0x0000000620000000, 0x0000000620000000| Complete 
| 250|0x0000000620200000, 0x0000000620400000, 0x0000000620400000|100%| E|CS|TAMS 0x0000000620200000, 0x0000000620200000| Complete 
| 251|0x0000000620400000, 0x0000000620600000, 0x0000000620600000|100%| E|CS|TAMS 0x0000000620400000, 0x0000000620400000| Complete 
| 252|0x0000000620600000, 0x0000000620800000, 0x0000000620800000|100%| E|CS|TAMS 0x0000000620600000, 0x0000000620600000| Complete 
| 253|0x0000000620800000, 0x0000000620a00000, 0x0000000620a00000|100%| E|CS|TAMS 0x0000000620800000, 0x0000000620800000| Complete 
| 254|0x0000000620a00000, 0x0000000620c00000, 0x0000000620c00000|100%| E|CS|TAMS 0x0000000620a00000, 0x0000000620a00000| Complete 
| 255|0x0000000620c00000, 0x0000000620e00000, 0x0000000620e00000|100%| E|CS|TAMS 0x0000000620c00000, 0x0000000620c00000| Complete 

Card table byte_map: [0x000001fd1ea10000,0x000001fd1fa10000] _byte_map_base: 0x000001fd1ba09000

Marking Bits (Prev, Next): (CMBitMap*) 0x000001fd05bbeb50, (CMBitMap*) 0x000001fd05bbeb18
 Prev Bits: [0x000001fd289e0000, 0x000001fd309a8000)
 Next Bits: [0x000001fd20a10000, 0x000001fd289d8000)

Polling page: 0x000001fd03aa0000

Metaspace:

Usage:
  Non-class:     53.54 MB capacity,    52.43 MB ( 98%) used,   841.30 KB (  2%) free+waste,   288.00 KB ( <1%) overhead. 
      Class:      8.98 MB capacity,     7.75 MB ( 86%) used,     1.07 MB ( 12%) free+waste,   163.19 KB (  2%) overhead. 
       Both:     62.51 MB capacity,    60.18 MB ( 96%) used,     1.89 MB (  3%) free+waste,   451.19 KB ( <1%) overhead. 

Virtual space:
  Non-class space:       54.00 MB reserved,      53.59 MB (>99%) committed 
      Class space:        1.00 GB reserved,       9.07 MB ( <1%) committed 
             Both:        1.05 GB reserved,      62.66 MB (  6%) committed 

Chunk freelists:
   Non-Class:  50.00 KB
       Class:  1.00 KB
        Both:  51.00 KB

MaxMetaspaceSize: 17179869184.00 GB
CompressedClassSpaceSize: 1.00 GB

CodeHeap 'non-profiled nmethods': size=119168Kb used=2033Kb max_used=2345Kb free=117134Kb
 bounds [0x000001fd15d20000, 0x000001fd15f90000, 0x000001fd1d180000]
CodeHeap 'profiled nmethods': size=119168Kb used=7294Kb max_used=8678Kb free=111873Kb
 bounds [0x000001fd0e8c0000, 0x000001fd0f150000, 0x000001fd15d20000]
CodeHeap 'non-nmethods': size=7424Kb used=1324Kb max_used=3086Kb free=6099Kb
 bounds [0x000001fd0e180000, 0x000001fd0e490000, 0x000001fd0e8c0000]
 total_blobs=5897 nmethods=3479 adapters=522
 compilation: enabled
              stopped_count=0, restarted_count=0
 full_count=0

Compilation events (20 events):
Event: 66.251 Thread 0x000001fd344e2800 4008       3       java.util.concurrent.ForkJoinPool::scan (209 bytes)
Event: 66.252 Thread 0x000001fd34be4000 nmethod 4005 0x000001fd0e931f90 code [0x000001fd0e932200, 0x000001fd0e932d90]
Event: 66.252 Thread 0x000001fd34be4000 4009       3       akka.actor.LightArrayRevolverScheduler$TaskHolder::isCancelled (16 bytes)
Event: 66.253 Thread 0x000001fd34be4000 nmethod 4009 0x000001fd0e925290 code [0x000001fd0e925440, 0x000001fd0e925618]
Event: 66.253 Thread 0x000001fd34be4000 4010       3       java.lang.invoke.VarHandleObjects$Array::compareAndSet (60 bytes)
Event: 66.255 Thread 0x000001fd34be4000 nmethod 4010 0x000001fd0e92fd10 code [0x000001fd0e930080, 0x000001fd0e931610]
Event: 66.255 Thread 0x000001fd34be4000 4012       3       java.lang.invoke.VarHandleGuards::guard_LILL_Z (74 bytes)
Event: 66.255 Thread 0x000001fd344e2800 nmethod 4008 0x000001fd0e937a90 code [0x000001fd0e937ec0, 0x000001fd0e939c00]
Event: 66.255 Thread 0x000001fd344e2800 4014       3       scala.collection.immutable.Vector::iterableFactory (5 bytes)
Event: 66.255 Thread 0x000001fd344e2800 nmethod 4014 0x000001fd0e928e90 code [0x000001fd0e929040, 0x000001fd0e9291f8]
Event: 66.255 Thread 0x000001fd344e2800 4015       3       scala.collection.immutable.Vector::iterableFactory (4 bytes)
Event: 66.255 Thread 0x000001fd344e2800 nmethod 4015 0x000001fd0e928a10 code [0x000001fd0e928bc0, 0x000001fd0e928d38]
Event: 66.255 Thread 0x000001fd344e2800 4007       3       java.util.concurrent.ForkJoinPool$WorkQueue::lockedPush (92 bytes)
Event: 66.255 Thread 0x000001fd34be4000 nmethod 4012 0x000001fd0e93fe10 code [0x000001fd0e9400c0, 0x000001fd0e941210]
Event: 66.255 Thread 0x000001fd34be4000 4013       1       akka.cluster.ClusterCoreDaemon::membershipState (5 bytes)
Event: 66.256 Thread 0x000001fd34be4000 nmethod 4013 0x000001fd15d4f190 code [0x000001fd15d4f340, 0x000001fd15d4f458]
Event: 66.256 Thread 0x000001fd34be4000 4011       3       akka.actor.ActorCell::isTerminated (5 bytes)
Event: 66.256 Thread 0x000001fd344e2800 nmethod 4007 0x000001fd0e92f390 code [0x000001fd0e92f560, 0x000001fd0e92fa50]
Event: 66.256 Thread 0x000001fd34be4000 nmethod 4011 0x000001fd0e934b90 code [0x000001fd0e934da0, 0x000001fd0e935498]
Event: 68.429 Thread 0x000001fd344e2800 4016       3       akka.dispatch.AbstractNodeQueue::add (22 bytes)

GC Heap History (12 events):
Event: 0.767 GC heap before
{Heap before GC invocations=0 (full 0):
 garbage-first heap   total 524288K, used 24576K [0x0000000600e00000, 0x0000000800000000)
  region size 2048K, 12 young (24576K), 0 survivors (0K)
 Metaspace       used 9219K, capacity 9359K, committed 9600K, reserved 1058816K
  class space    used 804K, capacity 843K, committed 896K, reserved 1048576K
}
Event: 0.772 GC heap after
{Heap after GC invocations=1 (full 0):
 garbage-first heap   total 524288K, used 5610K [0x0000000600e00000, 0x0000000800000000)
  region size 2048K, 2 young (4096K), 2 survivors (4096K)
 Metaspace       used 9219K, capacity 9359K, committed 9600K, reserved 1058816K
  class space    used 804K, capacity 843K, committed 896K, reserved 1048576K
}
Event: 1.397 GC heap before
{Heap before GC invocations=1 (full 0):
 garbage-first heap   total 524288K, used 52714K [0x0000000600e00000, 0x0000000800000000)
  region size 2048K, 26 young (53248K), 2 survivors (4096K)
 Metaspace       used 20770K, capacity 21192K, committed 21296K, reserved 1069056K
  class space    used 2244K, capacity 2432K, committed 2432K, reserved 1048576K
}
Event: 1.403 GC heap after
{Heap after GC invocations=2 (full 0):
 garbage-first heap   total 524288K, used 7148K [0x0000000600e00000, 0x0000000800000000)
  region size 2048K, 3 young (6144K), 3 survivors (6144K)
 Metaspace       used 20770K, capacity 21192K, committed 21296K, reserved 1069056K
  class space    used 2244K, capacity 2432K, committed 2432K, reserved 1048576K
}
Event: 2.091 GC heap before
{Heap before GC invocations=3 (full 0):
 garbage-first heap   total 524288K, used 58348K [0x0000000600e00000, 0x0000000800000000)
  region size 2048K, 29 young (59392K), 3 survivors (6144K)
 Metaspace       used 32934K, capacity 33819K, committed 33968K, reserved 1079296K
  class space    used 3887K, capacity 4279K, committed 4352K, reserved 1048576K
}
Event: 2.097 GC heap after
{Heap after GC invocations=4 (full 0):
 garbage-first heap   total 524288K, used 10273K [0x0000000600e00000, 0x0000000800000000)
  region size 2048K, 3 young (6144K), 3 survivors (6144K)
 Metaspace       used 32934K, capacity 33819K, committed 33968K, reserved 1079296K
  class space    used 3887K, capacity 4279K, committed 4352K, reserved 1048576K
}
Event: 2.163 GC heap before
{Heap before GC invocations=4 (full 0):
 garbage-first heap   total 524288K, used 14369K [0x0000000600e00000, 0x0000000800000000)
  region size 2048K, 6 young (12288K), 3 survivors (6144K)
 Metaspace       used 34791K, capacity 35693K, committed 35708K, reserved 1081344K
  class space    used 4102K, capacity 4548K, committed 4556K, reserved 1048576K
}
Event: 2.167 GC heap after
{Heap after GC invocations=5 (full 0):
 garbage-first heap   total 524288K, used 10520K [0x0000000600e00000, 0x0000000800000000)
  region size 2048K, 3 young (6144K), 3 survivors (6144K)
 Metaspace       used 34791K, capacity 35693K, committed 35708K, reserved 1081344K
  class space    used 4102K, capacity 4548K, committed 4556K, reserved 1048576K
}
Event: 2.840 GC heap before
{Heap before GC invocations=6 (full 0):
 garbage-first heap   total 524288K, used 90392K [0x0000000600e00000, 0x0000000800000000)
  region size 2048K, 43 young (88064K), 3 survivors (6144K)
 Metaspace       used 49853K, capacity 51573K, committed 51836K, reserved 1093632K
  class space    used 6326K, capacity 7252K, committed 7372K, reserved 1048576K
}
Event: 2.846 GC heap after
{Heap after GC invocations=7 (full 0):
 garbage-first heap   total 524288K, used 13151K [0x0000000600e00000, 0x0000000800000000)
  region size 2048K, 4 young (8192K), 4 survivors (8192K)
 Metaspace       used 49853K, capacity 51573K, committed 51836K, reserved 1093632K
  class space    used 6326K, capacity 7252K, committed 7372K, reserved 1048576K
}
Event: 3.249 GC heap before
{Heap before GC invocations=7 (full 0):
 garbage-first heap   total 524288K, used 47967K [0x0000000600e00000, 0x0000000800000000)
  region size 2048K, 23 young (47104K), 4 survivors (8192K)
 Metaspace       used 57925K, capacity 59892K, committed 59940K, reserved 1101824K
  class space    used 7298K, capacity 8381K, committed 8396K, reserved 1048576K
}
Event: 3.258 GC heap after
{Heap after GC invocations=8 (full 0):
 garbage-first heap   total 524288K, used 14829K [0x0000000600e00000, 0x0000000800000000)
  region size 2048K, 5 young (10240K), 5 survivors (10240K)
 Metaspace       used 57925K, capacity 59892K, committed 59940K, reserved 1101824K
  class space    used 7298K, capacity 8381K, committed 8396K, reserved 1048576K
}

Deoptimization events (20 events):
Event: 42.192 Thread 0x000001fd35f42800 DEOPT PACKING pc=0x000001fd0ee6c8fc sp=0x00000060ebdff1b0
Event: 42.192 Thread 0x000001fd35f42800 DEOPT UNPACKING pc=0x000001fd0e1bd6ce sp=0x00000060ebdfe790 mode 0
Event: 42.195 Thread 0x000001fd35897800 DEOPT PACKING pc=0x000001fd0ee6c8fc sp=0x00000060ed9fef00
Event: 42.195 Thread 0x000001fd35897800 DEOPT UNPACKING pc=0x000001fd0e1bd6ce sp=0x00000060ed9fe4e0 mode 0
Event: 42.197 Thread 0x000001fd35f3e800 DEOPT PACKING pc=0x000001fd0ee6c8fc sp=0x00000060ee3ff2f0
Event: 42.197 Thread 0x000001fd35f3e800 DEOPT UNPACKING pc=0x000001fd0e1bd6ce sp=0x00000060ee3fe8d0 mode 0
Event: 42.197 Thread 0x000001fd368d7000 DEOPT PACKING pc=0x000001fd0ee6c8fc sp=0x00000060ee2ff1e0
Event: 42.197 Thread 0x000001fd368d7000 DEOPT UNPACKING pc=0x000001fd0e1bd6ce sp=0x00000060ee2fe7c0 mode 0
Event: 42.200 Thread 0x000001fd368d4800 DEOPT PACKING pc=0x000001fd0ee086dc sp=0x00000060ee1fdee0
Event: 42.200 Thread 0x000001fd368d4800 DEOPT UNPACKING pc=0x000001fd0e1bd6ce sp=0x00000060ee1fd418 mode 1
Event: 42.200 Thread 0x000001fd368d4800 DEOPT PACKING pc=0x000001fd0ed601d4 sp=0x00000060ee1fe1c0
Event: 42.200 Thread 0x000001fd368d4800 DEOPT UNPACKING pc=0x000001fd0e1bd6ce sp=0x00000060ee1fd6b0 mode 1
Event: 58.062 Thread 0x000001fd37018800 DEOPT PACKING pc=0x000001fd0ee6c8fc sp=0x00000060ed6ff330
Event: 58.062 Thread 0x000001fd37018800 DEOPT UNPACKING pc=0x000001fd0e1bd6ce sp=0x00000060ed6fe910 mode 0
Event: 58.068 Thread 0x000001fd35f43800 DEOPT PACKING pc=0x000001fd0ee6c8fc sp=0x00000060ebcfedc0
Event: 58.068 Thread 0x000001fd35f43800 DEOPT UNPACKING pc=0x000001fd0e1bd6ce sp=0x00000060ebcfe3a0 mode 0
Event: 59.067 Thread 0x000001fd36a6c800 Uncommon trap: trap_request=0xffffff4d fr.pc=0x000001fd15d4b600 relative=0x0000000000000780
Event: 59.067 Thread 0x000001fd36a6c800 Uncommon trap: reason=unstable_if action=reinterpret pc=0x000001fd15d4b600 method=java.util.concurrent.ForkJoinPool.scan(Ljava/util/concurrent/ForkJoinPool$WorkQueue;I)Z @ 121 c2
Event: 59.067 Thread 0x000001fd36a6c800 DEOPT PACKING pc=0x000001fd15d4b600 sp=0x00000060ec4fedb0
Event: 59.067 Thread 0x000001fd36a6c800 DEOPT UNPACKING pc=0x000001fd0e1bd8af sp=0x00000060ec4fed88 mode 2

Classes redefined (0 events):
No events

Internal exceptions (20 events):
Event: 2.532 Thread 0x000001fd05b34000 Exception <a 'java/lang/IncompatibleClassChangeError'{0x000000061dc7b2c0}: Found class java.lang.Object, but interface was expected> (0x000000061dc7b2c0) thrown at [c:/cygwin64/tmp/openjdk-jdk11u-windows-x64-hotspot/workspace/build/src/src/hotspot/share/i
Event: 2.584 Thread 0x000001fd05b34000 Exception <a 'java/lang/NoSuchMethodError'{0x000000061d93a060}: 'java.lang.Object java.lang.invoke.DirectMethodHandle$Holder.invokeSpecial(java.lang.Object, java.lang.Object, java.lang.Object, int, java.lang.Object)'> (0x000000061d93a060) thrown at [c:/cy
Event: 2.584 Thread 0x000001fd05b34000 Exception <a 'java/lang/NoSuchMethodError'{0x000000061d93d370}: 'java.lang.Object java.lang.invoke.Invokers$Holder.linkToTargetMethod(java.lang.Object, int, java.lang.Object, java.lang.Object)'> (0x000000061d93d370) thrown at [c:/cygwin64/tmp/openjdk-jdk1
Event: 2.585 Thread 0x000001fd05b34000 Exception <a 'java/lang/NoSuchMethodError'{0x000000061d948cf0}: 'int java.lang.invoke.DirectMethodHandle$Holder.invokeStatic(java.lang.Object, java.lang.Object, java.lang.Object, int)'> (0x000000061d948cf0) thrown at [c:/cygwin64/tmp/openjdk-jdk11u-window
Event: 2.766 Thread 0x000001fd368da000 Exception <a 'java/lang/ClassNotFoundException'{0x000000061c951138}: jdk/jfr/internal/handlers/EventHandler7476_1586955837440-29456> (0x000000061c951138) thrown at [c:/cygwin64/tmp/openjdk-jdk11u-windows-x64-hotspot/workspace/build/src/src/hotspot/share/c
Event: 2.774 Thread 0x000001fd368da000 Exception <a 'java/lang/NoSuchMethodError'{0x000000061c6dc410}: 'org.slf4j.impl.StaticMarkerBinder org.slf4j.impl.StaticMarkerBinder.getSingleton()'> (0x000000061c6dc410) thrown at [c:/cygwin64/tmp/openjdk-jdk11u-windows-x64-hotspot/workspace/build/src/sr
Event: 2.777 Thread 0x000001fd35f3d000 Exception <a 'java/lang/NoSuchMethodError'{0x000000061c748748}: 'int java.lang.invoke.DirectMethodHandle$Holder.invokeStaticInit(java.lang.Object, java.lang.Object, java.lang.Object, java.lang.Object)'> (0x000000061c748748) thrown at [c:/cygwin64/tmp/open
Event: 2.778 Thread 0x000001fd35f3d000 Exception <a 'java/lang/IncompatibleClassChangeError'{0x000000061c751578}: Found class java.lang.Object, but interface was expected> (0x000000061c751578) thrown at [c:/cygwin64/tmp/openjdk-jdk11u-windows-x64-hotspot/workspace/build/src/src/hotspot/share/i
Event: 2.778 Thread 0x000001fd35f3b800 Exception <a 'java/lang/ClassNotFoundException'{0x000000061c682860}: jdk/jfr/internal/handlers/EventHandler7578_1586955837440-29456> (0x000000061c682860) thrown at [c:/cygwin64/tmp/openjdk-jdk11u-windows-x64-hotspot/workspace/build/src/src/hotspot/share/c
Event: 2.778 Thread 0x000001fd35f3d000 Exception <a 'java/lang/NoSuchMethodError'{0x000000061c7543a8}: 'void java.lang.invoke.DirectMethodHandle$Holder.invokeStaticInit(java.lang.Object, java.lang.Object)'> (0x000000061c7543a8) thrown at [c:/cygwin64/tmp/openjdk-jdk11u-windows-x64-hotspot/work
Event: 2.778 Thread 0x000001fd35f3d000 Exception <a 'java/lang/NoSuchMethodError'{0x000000061c759a80}: 'int java.lang.invoke.DirectMethodHandle$Holder.invokeStaticInit(java.lang.Object, java.lang.Object)'> (0x000000061c759a80) thrown at [c:/cygwin64/tmp/openjdk-jdk11u-windows-x64-hotspot/works
Event: 3.089 Thread 0x000001fd36533800 Exception <a 'sun/nio/fs/WindowsException'{0x000000061f902508}> (0x000000061f902508) thrown at [c:/cygwin64/tmp/openjdk-jdk11u-windows-x64-hotspot/workspace/build/src/src/hotspot/share/prims/jni.cpp, line 615]
Event: 22.822 Thread 0x000001fd35f49000 Exception <a 'java/net/ConnectException'{0x000000061fb04280}: Connection refused: no further information> (0x000000061fb04280) thrown at [c:/cygwin64/tmp/openjdk-jdk11u-windows-x64-hotspot/workspace/build/src/src/hotspot/share/prims/jni.cpp, line 636]
Event: 22.822 Thread 0x000001fd35f3d000 Exception <a 'java/net/ConnectException'{0x0000000620b3b940}: Connection refused: no further information> (0x0000000620b3b940) thrown at [c:/cygwin64/tmp/openjdk-jdk11u-windows-x64-hotspot/workspace/build/src/src/hotspot/share/prims/jni.cpp, line 636]
Event: 42.192 Thread 0x000001fd35f43800 Exception <a 'java/lang/NoSuchMethodError'{0x000000061f66e120}: 'long java.lang.invoke.DirectMethodHandle$Holder.invokeStatic(java.lang.Object)'> (0x000000061f66e120) thrown at [c:/cygwin64/tmp/openjdk-jdk11u-windows-x64-hotspot/workspace/build/src/src/ho
Event: 42.200 Thread 0x000001fd368d4800 Exception <a 'java/lang/ClassNotFoundException'{0x00000006203026f0}: jdk/jfr/internal/handlers/EventHandler9752_1586955837440-29456> (0x00000006203026f0) thrown at [c:/cygwin64/tmp/openjdk-jdk11u-windows-x64-hotspot/workspace/build/src/src/hotspot/share/c
Event: 58.061 Thread 0x000001fd35f43800 Exception <a 'java/lang/NoSuchMethodError'{0x000000061f405c90}: 'java.lang.Object java.lang.invoke.DirectMethodHandle$Holder.invokeStatic(java.lang.Object, long, java.lang.Object, java.lang.Object)'> (0x000000061f405c90) thrown at [c:/cygwin64/tmp/openjdk
Event: 58.062 Thread 0x000001fd35f43800 Exception <a 'java/lang/NoSuchMethodError'{0x000000061f40d800}: 'java.lang.Object java.lang.invoke.DirectMethodHandle$Holder.invokeStatic(java.lang.Object, long)'> (0x000000061f40d800) thrown at [c:/cygwin64/tmp/openjdk-jdk11u-windows-x64-hotspot/workspac
Event: 58.062 Thread 0x000001fd35f43800 Exception <a 'java/lang/NoSuchMethodError'{0x000000061f4138d8}: 'java.lang.Object java.lang.invoke.Invokers$Holder.linkToTargetMethod(long, java.lang.Object)'> (0x000000061f4138d8) thrown at [c:/cygwin64/tmp/openjdk-jdk11u-windows-x64-hotspot/workspace/bu
Event: 58.063 Thread 0x000001fd35f43800 Exception <a 'java/lang/NoSuchMethodError'{0x000000061f4252b0}: 'java.lang.Object java.lang.invoke.DirectMethodHandle$Holder.invokeStatic(java.lang.Object, long, java.lang.Object)'> (0x000000061f4252b0) thrown at [c:/cygwin64/tmp/openjdk-jdk11u-windows-x6

Events (20 events):
Event: 66.281 Executing VM operation: GetFrameCount done
Event: 66.281 Executing VM operation: GetStackTrace
Event: 66.281 Executing VM operation: GetStackTrace done
Event: 66.281 Executing VM operation: GetFrameCount
Event: 66.282 Executing VM operation: GetFrameCount done
Event: 66.282 Executing VM operation: GetStackTrace
Event: 66.282 Executing VM operation: GetStackTrace done
Event: 68.427 Executing VM operation: GetFrameCount
Event: 68.428 Executing VM operation: GetFrameCount done
Event: 68.428 Executing VM operation: SetFramePop
Event: 68.428 Executing VM operation: SetFramePop done
Event: 68.428 Executing VM operation: GetFrameLocation
Event: 68.428 Executing VM operation: GetFrameLocation done
Event: 68.428 Executing VM operation: GetCurrentLocation
Event: 68.428 Executing VM operation: GetCurrentLocation done
Event: 68.428 Executing VM operation: ChangeSingleStep
Event: 68.428 Executing VM operation: ChangeSingleStep done
Event: 68.428 Executing VM operation: ChangeSingleStep
Event: 68.429 Executing VM operation: ChangeSingleStep done
Event: 68.429 Thread 0x000001fd34be4000 Thread exited: 0x000001fd34be4000


Dynamic libraries:
0x00007ff69dfd0000 - 0x00007ff69dfdd000 	C:\Program Files\AdoptOpenJDK\jdk-11.0.6.10-hotspot\bin\java.exe
0x00007fffa3120000 - 0x00007fffa3310000 	C:\Windows\SYSTEM32\ntdll.dll
0x00007fffa1b10000 - 0x00007fffa1bc2000 	C:\Windows\System32\KERNEL32.DLL
0x00007fffa0430000 - 0x00007fffa06d3000 	C:\Windows\System32\KERNELBASE.dll
0x00007fffa0180000 - 0x00007fffa027a000 	C:\Windows\System32\ucrtbase.dll
0x00007fff85d20000 - 0x00007fff85d37000 	C:\Program Files\AdoptOpenJDK\jdk-11.0.6.10-hotspot\bin\jli.dll
0x00007fff85f60000 - 0x00007fff85f76000 	C:\Program Files\AdoptOpenJDK\jdk-11.0.6.10-hotspot\bin\VCRUNTIME140.dll
0x00007fffa1960000 - 0x00007fffa1af4000 	C:\Windows\System32\USER32.dll
0x00007fffa0980000 - 0x00007fffa09a1000 	C:\Windows\System32\win32u.dll
0x00007fff94300000 - 0x00007fff94585000 	C:\Windows\WinSxS\amd64_microsoft.windows.common-controls_6595b64144ccf1df_6.0.18362.720_none_e6beb5c51314836b\COMCTL32.dll
0x00007fffa1930000 - 0x00007fffa1956000 	C:\Windows\System32\GDI32.dll
0x00007fffa13a0000 - 0x00007fffa143e000 	C:\Windows\System32\msvcrt.dll
0x00007fffa07e0000 - 0x00007fffa0974000 	C:\Windows\System32\gdi32full.dll
0x00007fffa2bb0000 - 0x00007fffa2ee6000 	C:\Windows\System32\combase.dll
0x00007fffa09b0000 - 0x00007fffa0a4e000 	C:\Windows\System32\msvcp_win.dll
0x00007fffa2fc0000 - 0x00007fffa30e0000 	C:\Windows\System32\RPCRT4.dll
0x00007fffa0730000 - 0x00007fffa07b0000 	C:\Windows\System32\bcryptPrimitives.dll
0x00007fffa23e0000 - 0x00007fffa240e000 	C:\Windows\System32\IMM32.DLL
0x00007fff7e010000 - 0x00007fff7e0ab000 	C:\Program Files\AdoptOpenJDK\jdk-11.0.6.10-hotspot\bin\msvcp140.dll
0x00007fff639f0000 - 0x00007fff644ac000 	C:\Program Files\AdoptOpenJDK\jdk-11.0.6.10-hotspot\bin\server\jvm.dll
0x00007fffa1bd0000 - 0x00007fffa1c73000 	C:\Windows\System32\ADVAPI32.dll
0x00007fffa2190000 - 0x00007fffa2227000 	C:\Windows\System32\sechost.dll
0x00007fffa2110000 - 0x00007fffa2118000 	C:\Windows\System32\PSAPI.DLL
0x00007fff98520000 - 0x00007fff9852a000 	C:\Windows\SYSTEM32\VERSION.dll
0x00007fff9aa60000 - 0x00007fff9aa69000 	C:\Windows\SYSTEM32\WSOCK32.dll
0x00007fff9d9d0000 - 0x00007fff9d9f4000 	C:\Windows\SYSTEM32\WINMM.dll
0x00007fffa2120000 - 0x00007fffa218f000 	C:\Windows\System32\WS2_32.dll
0x00007fff9d9a0000 - 0x00007fff9d9cd000 	C:\Windows\SYSTEM32\WINMMBASE.dll
0x00007fffa06e0000 - 0x00007fffa072a000 	C:\Windows\System32\cfgmgr32.dll
0x00007fffa0010000 - 0x00007fffa0021000 	C:\Windows\System32\kernel.appcore.dll
0x00007fff9a230000 - 0x00007fff9a240000 	C:\Program Files\AdoptOpenJDK\jdk-11.0.6.10-hotspot\bin\verify.dll
0x00007fff8d8c0000 - 0x00007fff8dab4000 	C:\Windows\SYSTEM32\DBGHELP.DLL
0x00007fff8b5c0000 - 0x00007fff8b5ea000 	C:\Windows\SYSTEM32\dbgcore.DLL
0x00007fff930c0000 - 0x00007fff930e8000 	C:\Program Files\AdoptOpenJDK\jdk-11.0.6.10-hotspot\bin\java.dll
0x00007fff85c80000 - 0x00007fff85cb8000 	C:\Program Files\AdoptOpenJDK\jdk-11.0.6.10-hotspot\bin\jdwp.dll
0x00007fff9aa80000 - 0x00007fff9aa8e000 	C:\Program Files\AdoptOpenJDK\jdk-11.0.6.10-hotspot\bin\instrument.dll
0x00007fff98040000 - 0x00007fff98057000 	C:\Program Files\AdoptOpenJDK\jdk-11.0.6.10-hotspot\bin\zip.dll
0x00007fff98350000 - 0x00007fff9835a000 	C:\Program Files\AdoptOpenJDK\jdk-11.0.6.10-hotspot\bin\jimage.dll
0x00007fffa2410000 - 0x00007fffa2af5000 	C:\Windows\System32\SHELL32.dll
0x00007fffa1d00000 - 0x00007fffa1da9000 	C:\Windows\System32\shcore.dll
0x00007fffa0a50000 - 0x00007fffa11d0000 	C:\Windows\System32\windows.storage.dll
0x00007fffa0030000 - 0x00007fffa0053000 	C:\Windows\System32\profapi.dll
0x00007fffa0060000 - 0x00007fffa00aa000 	C:\Windows\System32\powrprof.dll
0x00007fff9ffe0000 - 0x00007fff9fff0000 	C:\Windows\System32\UMPDC.dll
0x00007fffa22b0000 - 0x00007fffa2302000 	C:\Windows\System32\shlwapi.dll
0x00007fffa0160000 - 0x00007fffa0177000 	C:\Windows\System32\cryptsp.dll
0x00007fff9aa70000 - 0x00007fff9aa7a000 	C:\Program Files\AdoptOpenJDK\jdk-11.0.6.10-hotspot\bin\dt_socket.dll
0x00007fff9f800000 - 0x00007fff9f867000 	C:\Windows\system32\mswsock.dll
0x00007fff92e60000 - 0x00007fff92e79000 	C:\Program Files\AdoptOpenJDK\jdk-11.0.6.10-hotspot\bin\net.dll
0x00007fff98a60000 - 0x00007fff98b51000 	C:\Windows\SYSTEM32\WINHTTP.dll
0x00007fff92e30000 - 0x00007fff92e42000 	C:\Program Files\AdoptOpenJDK\jdk-11.0.6.10-hotspot\bin\nio.dll
0x00007fff9f320000 - 0x00007fff9f353000 	C:\Windows\system32\rsaenh.dll
0x00007fffa07b0000 - 0x00007fffa07d6000 	C:\Windows\System32\bcrypt.dll
0x00007fff9fed0000 - 0x00007fff9fef5000 	C:\Windows\SYSTEM32\USERENV.dll
0x00007fff9f980000 - 0x00007fff9f98c000 	C:\Windows\SYSTEM32\CRYPTBASE.dll
0x00007fff9f520000 - 0x00007fff9f55a000 	C:\Windows\SYSTEM32\IPHLPAPI.DLL
0x00007fffa1b00000 - 0x00007fffa1b08000 	C:\Windows\System32\NSI.dll
0x00007fff98530000 - 0x00007fff98546000 	C:\Windows\SYSTEM32\dhcpcsvc6.DLL
0x00007fff983c0000 - 0x00007fff983dc000 	C:\Windows\SYSTEM32\dhcpcsvc.DLL
0x00007fff9f560000 - 0x00007fff9f62a000 	C:\Windows\SYSTEM32\DNSAPI.dll
0x00007fff97ba0000 - 0x00007fff97ba9000 	C:\Program Files\AdoptOpenJDK\jdk-11.0.6.10-hotspot\bin\management.dll
0x00007fff97890000 - 0x00007fff9789b000 	C:\Program Files\AdoptOpenJDK\jdk-11.0.6.10-hotspot\bin\management_ext.dll
0x00007fff85d40000 - 0x00007fff85d66000 	C:\Program Files\AdoptOpenJDK\jdk-11.0.6.10-hotspot\bin\sunec.dll
0x0000000071100000 - 0x0000000071125000 	C:\Users\dsilv\.jssc\windows\jSSC-2.8_x86_64.dll

dbghelp: loaded successfully - version: 4.0.5 - missing functions: none
symbol engine: initialized successfully - sym options: 0x614 - pdb path: .;C:\Program Files\AdoptOpenJDK\jdk-11.0.6.10-hotspot\bin;C:\Windows\SYSTEM32;C:\Windows\WinSxS\amd64_microsoft.windows.common-controls_6595b64144ccf1df_6.0.18362.720_none_e6beb5c51314836b;C:\Program Files\AdoptOpenJDK\jdk-11.0.6.10-hotspot\bin\server;C:\Users\dsilv\.jssc\windows

VM Arguments:
jvm_args: -agentlib:jdwp=transport=dt_socket,address=127.0.0.1:51159,suspend=y,server=n -javaagent:C:\Users\dsilv\AppData\Local\JetBrains\IntelliJIdea2020.1\captureAgent\debugger-agent.jar -Dfile.encoding=UTF-8 
java_command: br.com.diegosilva.automation.Main
java_class_path (initial): C:\Users\dsilv\projetos\home_automation\server\target\classes;C:\Users\dsilv\.m2\repository\com\typesafe\akka\akka-cluster-sharding-typed_2.13\2.6.4\akka-cluster-sharding-typed_2.13-2.6.4.jar;C:\Users\dsilv\.m2\repository\org\scala-lang\scala-library\2.13.1\scala-library-2.13.1.jar;C:\Users\dsilv\.m2\repository\com\typesafe\akka\akka-cluster-typed_2.13\2.6.4\akka-cluster-typed_2.13-2.6.4.jar;C:\Users\dsilv\.m2\repository\com\typesafe\akka\akka-distributed-data_2.13\2.6.4\akka-distributed-data_2.13-2.6.4.jar;C:\Users\dsilv\.m2\repository\org\lmdbjava\lmdbjava\0.7.0\lmdbjava-0.7.0.jar;C:\Users\dsilv\.m2\repository\com\github\jnr\jnr-ffi\2.1.9\jnr-ffi-2.1.9.jar;C:\Users\dsilv\.m2\repository\org\ow2\asm\asm\5.0.3\asm-5.0.3.jar;C:\Users\dsilv\.m2\repository\org\ow2\asm\asm-commons\5.0.3\asm-commons-5.0.3.jar;C:\Users\dsilv\.m2\repository\org\ow2\asm\asm-analysis\5.0.3\asm-analysis-5.0.3.jar;C:\Users\dsilv\.m2\repository\org\ow2\asm\asm-tree\5.0.3\asm-tree-5.0.3.jar;C:\Users\dsilv\.m2\repository\org\ow2\asm\asm-util\5.0.3\asm-util-5.0.3.jar;C:\Users\dsilv\.m2\repository\com\github\jnr\jnr-a64asm\1.0.0\jnr-a64asm-1.0.0.jar;C:\Users\dsilv\.m2\repository\com\github\jnr\jnr-x86asm\1.0.2\jnr-x86asm-1.0.2.jar;C:\Users\dsilv\.m2\repository\com\github\jnr\jffi\1.2.18\jffi-1.2.18.jar;C:\Users\dsilv\.m2\repository\com\github\jnr\jffi\1.2.18\jffi-1.2.18-native.jar;C:\Users\dsilv\.m2\repository\com\github\jnr\jnr-constants\0.9.12\jnr-constants-0.9.12.jar;C:\Users\dsilv\.m2\repository\com\typesafe\akka\akka-cluster-sharding_2.13\2.6.4\akka-cluster-sharding_2.13-2.6.4.jar;C:\Users\dsilv\.m2\repository\com\typesafe\akka\akka-persistence-typed_2.13\2.6.4\akka-persistence-typed_2.13-2.6.4.jar;C:\Users\dsilv\.m2\repository\com\typesafe\akka\akka-actor-typed_2.13\2.6.4\akka-actor-typed_2.13-2.6.4.jar;C:\Users\dsilv\.m2\repository\com\typesafe\akka\akka-slf4j_2.13\2.6.4\akka-slf4j_2.13-2.6.4.jar;C:\Users\dsilv\.m2\repository\com\typesafe\akka\akka-persistence_2.1
Launcher Type: SUN_STANDARD

[Global flags]
     intx CICompilerCount                          = 12                                        {product} {ergonomic}
     uint ConcGCThreads                            = 3                                         {product} {ergonomic}
     uint G1ConcRefinementThreads                  = 13                                        {product} {ergonomic}
   size_t G1HeapRegionSize                         = 2097152                                   {product} {ergonomic}
    uintx GCDrainStackTargetSize                   = 64                                        {product} {ergonomic}
   size_t InitialHeapSize                          = 536870912                                 {product} {ergonomic}
   size_t MarkStackSize                            = 4194304                                   {product} {ergonomic}
   size_t MaxHeapSize                              = 8575254528                                {product} {ergonomic}
   size_t MaxNewSize                               = 5144313856                                {product} {ergonomic}
   size_t MinHeapDeltaBytes                        = 2097152                                   {product} {ergonomic}
    uintx NonNMethodCodeHeapSize                   = 7594288                                {pd product} {ergonomic}
    uintx NonProfiledCodeHeapSize                  = 122031976                              {pd product} {ergonomic}
    uintx ProfiledCodeHeapSize                     = 122031976                              {pd product} {ergonomic}
    uintx ReservedCodeCacheSize                    = 251658240                              {pd product} {ergonomic}
     bool SegmentedCodeCache                       = true                                      {product} {ergonomic}
     bool UseCompressedClassPointers               = true                                 {lp64_product} {ergonomic}
     bool UseCompressedOops                        = true                                 {lp64_product} {ergonomic}
     bool UseG1GC                                  = true                                      {product} {ergonomic}
     bool UseLargePagesIndividualAllocation        = false                                  {pd product} {ergonomic}

Logging:
Log output configuration:
 #0: stdout all=warning uptime,level,tags
 #1: stderr all=off uptime,level,tags

Environment Variables:
JAVA_HOME=C:\Program Files\AdoptOpenJDK\jdk-11.0.6.10-hotspot
PATH=C:\Program Files\AdoptOpenJDK\jdk-11.0.6.10-hotspot\bin;C:\Windows\system32;C:\Windows;C:\Windows\System32\Wbem;C:\Windows\System32\WindowsPowerShell\v1.0\;C:\Windows\System32\OpenSSH\;C:\Program Files (x86)\NVIDIA Corporation\PhysX\Common;C:\Program Files\PuTTY\;C:\Program Files\Git\cmd;C:\flutter\bin;C:\ffmpeg\bin;C:\Users\dsilv\AppData\Roaming\nvm;C:\Program Files\nodejs;C:\apache-maven-3.6.2\bin;C:\Program Files\Docker\Docker\resources\bin;C:\ProgramData\DockerDesktop\version-bin;C:\Program Files\NVIDIA Corporation\NVIDIA NvDLISR;C:\Users\dsilv\AppData\Local\Programs\Python\Python38-32\Scripts\;C:\Users\dsilv\AppData\Local\Programs\Python\Python38-32\;C:\Users\dsilv\AppData\Local\Microsoft\WindowsApps;C:\Users\dsilv\AppData\Local\Programs\Microsoft VS Code\bin;C:\Program Files\JetBrains\IntelliJ IDEA 2019.1.3\bin;;C:\Users\dsilv\AppData\Roaming\nvm;C:\Program Files\nodejs;C:\Users\dsilv\AppData\Local\Google\Cloud SDK\google-cloud-sdk\bin
USERNAME=dsilv
OS=Windows_NT
PROCESSOR_IDENTIFIER=AMD64 Family 23 Model 1 Stepping 1, AuthenticAMD



---------------  S Y S T E M  ---------------

OS: Windows 10 , 64 bit Build 18362 (10.0.18362.329)
HyperV virtualization detected

CPU:total 16 (initial active 16) (16 cores per cpu, 2 threads per core) family 23 model 1 stepping 1, cmov, cx8, fxsr, mmx, sse, sse2, sse3, ssse3, sse4.1, sse4.2, popcnt, avx, avx2, aes, clmul, mmxext, 3dnowpref, lzcnt, sse4a, ht, tsc, tscinvbit, tscinv, bmi1, bmi2, adx, sha, fma

Memory: 4k page, system-wide physical 32710M (17689M free)
TotalPageFile size 37574M (AvailPageFile size 18563M)
current process WorkingSet (physical memory assigned to process): 252M, peak: 310M
current process commit charge ("private bytes"): 720M, peak: 779M

vm_info: OpenJDK 64-Bit Server VM (11.0.6+10) for windows-amd64 JRE (11.0.6+10), built on Jan 15 2020 06:14:58 by "" with MS VC++ 15.8 (VS2017)

END.
